2026-04-06 11:24:35.370 [main] INFO  com.mobile.framework.base.BaseTest - Setting up test suite...
2026-04-06 11:24:35.376 [main] INFO  com.mobile.framework.base.BaseTest - Execution type is LOCAL. Initiating local dependencies.
2026-04-06 11:24:35.376 [main] INFO  com.mobile.framework.utilities.EmulatorManager - Starting ADB server...
2026-04-06 11:24:36.408 [main] INFO  com.mobile.framework.utilities.EmulatorManager - ADB server started successfully
2026-04-06 11:24:36.408 [main] INFO  com.mobile.framework.base.BaseTest - ADB server started successfully
2026-04-06 11:24:36.410 [main] INFO  com.mobile.framework.base.BaseTest - No device connected, starting emulator...
2026-04-06 11:24:36.411 [main] INFO  com.mobile.framework.utilities.EmulatorManager - Starting Android emulator: Pixel_9_Pro_API_33 on port: 5554
2026-04-06 11:24:36.412 [main] INFO  com.mobile.framework.utilities.EmulatorManager - Waiting for emulator to boot...
2026-04-06 11:25:06.665 [main] INFO  com.mobile.framework.utilities.EmulatorManager - Emulator is ready for use
2026-04-06 11:25:06.666 [main] INFO  com.mobile.framework.utilities.EmulatorManager - Emulator started successfully: Pixel_9_Pro_API_33 on port: 5554
2026-04-06 11:25:06.672 [main] INFO  com.mobile.framework.drivers.AppiumServerManager - Starting Appium Server...
2026-04-06 11:25:20.429 [main] INFO  com.mobile.framework.drivers.AppiumServerManager - Appium Server started successfully on 127.0.0.1:4723
2026-04-06 11:25:20.429 [main] INFO  com.mobile.framework.base.BaseTest - Appium server started successfully
2026-04-06 11:25:20.506 [main] INFO  com.mobile.framework.base.BaseTest - Setting up test method...
2026-04-06 11:25:20.558 [main] INFO  com.mobile.framework.drivers.DriverFactory - Initializing Appium Driver for null...
2026-04-06 11:25:54.678 [main] INFO  com.mobile.framework.drivers.DriverFactory - Appium Driver initialized successfully for null
2026-04-06 11:25:54.680 [main] INFO  com.mobile.framework.base.BaseTest - Driver initialized successfully for device: null
2026-04-06 11:25:54.704 [main] INFO  com.mobile.framework.reports.ExtentReportManager - Initializing Extent Reports...
2026-04-06 11:25:55.233 [main] INFO  com.mobile.framework.reports.ExtentReportManager - Extent Reports initialized successfully. Report will be saved to: ./reports/AutomationReport_20260406-112554.html
2026-04-06 11:25:55.240 [main] INFO  com.mobile.framework.tests.LoginTest - Starting test: testSuccessfulLogin
2026-04-06 11:26:05.354 [main] INFO  com.mobile.framework.utilities.CommonActionsUtility - Clicked on permission allow button
2026-04-06 11:26:06.037 [main] INFO  com.mobile.framework.utilities.CommonActionsUtility - Swiped from (256,1428) to (1024,1428)
2026-04-06 11:26:06.039 [main] INFO  com.mobile.framework.pages.BasePage - Performed onboarding slide 1
2026-04-06 11:26:06.753 [main] INFO  com.mobile.framework.utilities.CommonActionsUtility - Swiped from (256,1428) to (1024,1428)
2026-04-06 11:26:06.753 [main] INFO  com.mobile.framework.pages.BasePage - Performed onboarding slide 2
2026-04-06 11:26:07.410 [main] INFO  com.mobile.framework.utilities.CommonActionsUtility - Swiped from (256,1428) to (1024,1428)
2026-04-06 11:26:07.410 [main] INFO  com.mobile.framework.pages.BasePage - Performed onboarding slide 3
2026-04-06 11:26:07.410 [main] INFO  com.mobile.framework.tests.LoginTest - Performed 3 onboarding slides
2026-04-06 11:26:38.514 [main] ERROR com.mobile.framework.utilities.WaitUtility - Element not visible within 30 seconds: By.xpath: //android.widget.Button[@text='Login']
2026-04-06 11:26:38.516 [main] ERROR com.mobile.framework.pages.BasePage - Login page is not displayed: Expected condition failed: waiting for visibility of element located by By.xpath: //android.widget.Button[@text='Login'] (tried for 30 second(s) with 500 milliseconds interval)
Build info: version: '4.13.0', revision: 'ba948ece5b*'
System info: os.name: 'Linux', os.arch: 'amd64', os.version: '6.8.0-106-generic', java.version: '23.0.1'
Driver info: io.appium.java_client.android.AndroidDriver
Capabilities {appium:app: /home/wadmin/Downloads/vd (..., appium:appActivity: app.vd.com.MainActivity, appium:appPackage: app.vd.com, appium:automationName: UiAutomator2, appium:databaseEnabled: false, appium:desired: {app: /home/wadmin/Downloads/vd (..., appActivity: app.vd.com.MainActivity, appPackage: app.vd.com, automationName: UiAutomator2, deviceName: Android Emulator, newCommandTimeout: 300, platformName: ANDROID, platformVersion: 13.0}, appium:deviceApiLevel: 33, appium:deviceManufacturer: Google, appium:deviceModel: sdk_gphone64_x86_64, appium:deviceName: emulator-5554, appium:deviceScreenDensity: 480, appium:deviceScreenSize: 1280x2856, appium:deviceUDID: emulator-5554, appium:javascriptEnabled: true, appium:locationContextEnabled: false, appium:networkConnectionEnabled: true, appium:newCommandTimeout: 300, appium:pixelRatio: 3, appium:platformVersion: 13, appium:statBarHeight: 72, appium:takesScreenshot: true, appium:viewportRect: {height: 2784, left: 0, top: 72, width: 1280}, appium:warnings: {}, appium:webStorageEnabled: false, platformName: ANDROID}
Session ID: e4285f24-3f64-4ce5-adab-831a9bc8c162
2026-04-06 11:26:38.523 [main] INFO  com.mobile.framework.utilities.RetryAnalyzer - Retrying test method: testSuccessfulLogin, retry count: 1
2026-04-06 11:26:38.524 [main] INFO  com.mobile.framework.base.BaseTest - Tearing down test method...
2026-04-06 11:26:38.524 [main] INFO  com.mobile.framework.drivers.DriverFactory - Quitting Appium Driver...
2026-04-06 11:26:39.325 [main] INFO  com.mobile.framework.drivers.DriverFactory - Appium Driver quit successfully
2026-04-06 11:26:39.326 [main] INFO  com.mobile.framework.base.BaseTest - Driver quit successfully
2026-04-06 11:26:39.335 [main] INFO  com.mobile.framework.base.BaseTest - Setting up test method...
2026-04-06 11:26:39.335 [main] INFO  com.mobile.framework.drivers.DriverFactory - Initializing Appium Driver for null...
2026-04-06 11:26:49.317 [main] INFO  com.mobile.framework.drivers.DriverFactory - Appium Driver initialized successfully for null
2026-04-06 11:26:49.319 [main] INFO  com.mobile.framework.base.BaseTest - Driver initialized successfully for device: null
2026-04-06 11:26:49.321 [main] INFO  com.mobile.framework.tests.LoginTest - Starting test: testSuccessfulLogin
2026-04-06 11:26:58.143 [main] INFO  com.mobile.framework.utilities.CommonActionsUtility - Clicked on permission allow button
2026-04-06 11:26:58.817 [main] INFO  com.mobile.framework.utilities.CommonActionsUtility - Swiped from (256,1428) to (1024,1428)
2026-04-06 11:26:58.817 [main] INFO  com.mobile.framework.pages.BasePage - Performed onboarding slide 1
2026-04-06 11:26:59.520 [main] INFO  com.mobile.framework.utilities.CommonActionsUtility - Swiped from (256,1428) to (1024,1428)
2026-04-06 11:26:59.520 [main] INFO  com.mobile.framework.pages.BasePage - Performed onboarding slide 2
2026-04-06 11:27:00.260 [main] INFO  com.mobile.framework.utilities.CommonActionsUtility - Swiped from (256,1428) to (1024,1428)
2026-04-06 11:27:00.260 [main] INFO  com.mobile.framework.pages.BasePage - Performed onboarding slide 3
2026-04-06 11:27:00.261 [main] INFO  com.mobile.framework.tests.LoginTest - Performed 3 onboarding slides
2026-04-06 11:27:31.342 [main] ERROR com.mobile.framework.utilities.WaitUtility - Element not visible within 30 seconds: By.xpath: //android.widget.Button[@text='Login']
2026-04-06 11:27:31.342 [main] ERROR com.mobile.framework.pages.BasePage - Login page is not displayed: Expected condition failed: waiting for visibility of element located by By.xpath: //android.widget.Button[@text='Login'] (tried for 30 second(s) with 500 milliseconds interval)
Build info: version: '4.13.0', revision: 'ba948ece5b*'
System info: os.name: 'Linux', os.arch: 'amd64', os.version: '6.8.0-106-generic', java.version: '23.0.1'
Driver info: io.appium.java_client.android.AndroidDriver
Capabilities {appium:app: /home/wadmin/Downloads/vd (..., appium:appActivity: app.vd.com.MainActivity, appium:appPackage: app.vd.com, appium:automationName: UiAutomator2, appium:databaseEnabled: false, appium:desired: {app: /home/wadmin/Downloads/vd (..., appActivity: app.vd.com.MainActivity, appPackage: app.vd.com, automationName: UiAutomator2, deviceName: Android Emulator, newCommandTimeout: 300, platformName: ANDROID, platformVersion: 13.0}, appium:deviceApiLevel: 33, appium:deviceManufacturer: Google, appium:deviceModel: sdk_gphone64_x86_64, appium:deviceName: emulator-5554, appium:deviceScreenDensity: 480, appium:deviceScreenSize: 1280x2856, appium:deviceUDID: emulator-5554, appium:javascriptEnabled: true, appium:locationContextEnabled: false, appium:networkConnectionEnabled: true, appium:newCommandTimeout: 300, appium:pixelRatio: 3, appium:platformVersion: 13, appium:statBarHeight: 72, appium:takesScreenshot: true, appium:viewportRect: {height: 2784, left: 0, top: 72, width: 1280}, appium:warnings: {}, appium:webStorageEnabled: false, platformName: ANDROID}
Session ID: 894d3f25-2271-44ae-a421-38e58ae70a8d
2026-04-06 11:27:31.343 [main] INFO  com.mobile.framework.utilities.RetryAnalyzer - Retrying test method: testSuccessfulLogin, retry count: 2
2026-04-06 11:27:31.343 [main] INFO  com.mobile.framework.base.BaseTest - Tearing down test method...
2026-04-06 11:27:31.343 [main] INFO  com.mobile.framework.drivers.DriverFactory - Quitting Appium Driver...
2026-04-06 11:27:31.835 [main] INFO  com.mobile.framework.drivers.DriverFactory - Appium Driver quit successfully
2026-04-06 11:27:31.836 [main] INFO  com.mobile.framework.base.BaseTest - Driver quit successfully
2026-04-06 11:27:31.840 [main] INFO  com.mobile.framework.base.BaseTest - Setting up test method...
2026-04-06 11:27:31.840 [main] INFO  com.mobile.framework.drivers.DriverFactory - Initializing Appium Driver for null...
2026-04-06 11:27:39.036 [main] INFO  com.mobile.framework.drivers.DriverFactory - Appium Driver initialized successfully for null
2026-04-06 11:27:39.037 [main] INFO  com.mobile.framework.base.BaseTest - Driver initialized successfully for device: null
2026-04-06 11:27:39.040 [main] INFO  com.mobile.framework.tests.LoginTest - Starting test: testSuccessfulLogin
2026-04-06 11:27:48.435 [main] INFO  com.mobile.framework.utilities.CommonActionsUtility - Clicked on permission allow button
2026-04-06 11:27:49.082 [main] INFO  com.mobile.framework.utilities.CommonActionsUtility - Swiped from (256,1428) to (1024,1428)
2026-04-06 11:27:49.082 [main] INFO  com.mobile.framework.pages.BasePage - Performed onboarding slide 1
2026-04-06 11:27:49.749 [main] INFO  com.mobile.framework.utilities.CommonActionsUtility - Swiped from (256,1428) to (1024,1428)
2026-04-06 11:27:49.749 [main] INFO  com.mobile.framework.pages.BasePage - Performed onboarding slide 2
2026-04-06 11:27:50.446 [main] INFO  com.mobile.framework.utilities.CommonActionsUtility - Swiped from (256,1428) to (1024,1428)
2026-04-06 11:27:50.446 [main] INFO  com.mobile.framework.pages.BasePage - Performed onboarding slide 3
2026-04-06 11:27:50.446 [main] INFO  com.mobile.framework.tests.LoginTest - Performed 3 onboarding slides
2026-04-06 11:28:21.687 [main] ERROR com.mobile.framework.utilities.WaitUtility - Element not visible within 30 seconds: By.xpath: //android.widget.Button[@text='Login']
2026-04-06 11:28:21.687 [main] ERROR com.mobile.framework.pages.BasePage - Login page is not displayed: Expected condition failed: waiting for visibility of element located by By.xpath: //android.widget.Button[@text='Login'] (tried for 30 second(s) with 500 milliseconds interval)
Build info: version: '4.13.0', revision: 'ba948ece5b*'
System info: os.name: 'Linux', os.arch: 'amd64', os.version: '6.8.0-106-generic', java.version: '23.0.1'
Driver info: io.appium.java_client.android.AndroidDriver
Capabilities {appium:app: /home/wadmin/Downloads/vd (..., appium:appActivity: app.vd.com.MainActivity, appium:appPackage: app.vd.com, appium:automationName: UiAutomator2, appium:databaseEnabled: false, appium:desired: {app: /home/wadmin/Downloads/vd (..., appActivity: app.vd.com.MainActivity, appPackage: app.vd.com, automationName: UiAutomator2, deviceName: Android Emulator, newCommandTimeout: 300, platformName: ANDROID, platformVersion: 13.0}, appium:deviceApiLevel: 33, appium:deviceManufacturer: Google, appium:deviceModel: sdk_gphone64_x86_64, appium:deviceName: emulator-5554, appium:deviceScreenDensity: 480, appium:deviceScreenSize: 1280x2856, appium:deviceUDID: emulator-5554, appium:javascriptEnabled: true, appium:locationContextEnabled: false, appium:networkConnectionEnabled: true, appium:newCommandTimeout: 300, appium:pixelRatio: 3, appium:platformVersion: 13, appium:statBarHeight: 72, appium:takesScreenshot: true, appium:viewportRect: {height: 2784, left: 0, top: 72, width: 1280}, appium:warnings: {}, appium:webStorageEnabled: false, platformName: ANDROID}
Session ID: 8a6493aa-0175-43f3-b00e-c5d327e46cbf
2026-04-06 11:28:21.690 [main] INFO  com.mobile.framework.base.BaseTest - Tearing down test method...
2026-04-06 11:28:23.684 [main] INFO  com.mobile.framework.utilities.ScreenshotUtility - Screenshot captured: ./reports/screenshots/testSuccessfulLogin_20260406-112821.png
2026-04-06 11:28:23.685 [main] INFO  com.mobile.framework.base.BaseTest - Screenshot captured for failed test: testSuccessfulLogin
2026-04-06 11:28:23.685 [main] INFO  com.mobile.framework.drivers.DriverFactory - Quitting Appium Driver...
2026-04-06 11:28:24.219 [main] INFO  com.mobile.framework.drivers.DriverFactory - Appium Driver quit successfully
2026-04-06 11:28:24.219 [main] INFO  com.mobile.framework.base.BaseTest - Driver quit successfully
2026-04-06 11:28:24.227 [main] INFO  com.mobile.framework.base.BaseTest - Setting up test method...
2026-04-06 11:28:24.227 [main] INFO  com.mobile.framework.drivers.DriverFactory - Initializing Appium Driver for null...
2026-04-06 11:28:31.100 [main] INFO  com.mobile.framework.drivers.DriverFactory - Appium Driver initialized successfully for null
2026-04-06 11:28:31.100 [main] INFO  com.mobile.framework.base.BaseTest - Driver initialized successfully for device: null
2026-04-06 11:28:31.101 [main] INFO  com.mobile.framework.tests.LoginTest - Starting test: testLoginFailureWithInvalidCredentials
2026-04-06 11:28:40.148 [main] INFO  com.mobile.framework.utilities.CommonActionsUtility - Clicked on permission allow button
2026-04-06 11:28:40.797 [main] INFO  com.mobile.framework.utilities.CommonActionsUtility - Swiped from (256,1428) to (1024,1428)
2026-04-06 11:28:40.798 [main] INFO  com.mobile.framework.pages.BasePage - Performed onboarding slide 1
2026-04-06 11:28:41.525 [main] INFO  com.mobile.framework.utilities.CommonActionsUtility - Swiped from (256,1428) to (1024,1428)
2026-04-06 11:28:41.525 [main] INFO  com.mobile.framework.pages.BasePage - Performed onboarding slide 2
2026-04-06 11:28:42.260 [main] INFO  com.mobile.framework.utilities.CommonActionsUtility - Swiped from (256,1428) to (1024,1428)
2026-04-06 11:28:42.260 [main] INFO  com.mobile.framework.pages.BasePage - Performed onboarding slide 3
2026-04-06 11:28:42.261 [main] INFO  com.mobile.framework.tests.LoginTest - Performed 3 onboarding slides
2026-04-06 11:29:13.332 [main] ERROR com.mobile.framework.utilities.WaitUtility - Element not visible within 30 seconds: By.xpath: //android.widget.Button[@text='Login']
2026-04-06 11:29:13.333 [main] ERROR com.mobile.framework.pages.BasePage - Login page is not displayed: Expected condition failed: waiting for visibility of element located by By.xpath: //android.widget.Button[@text='Login'] (tried for 30 second(s) with 500 milliseconds interval)
Build info: version: '4.13.0', revision: 'ba948ece5b*'
System info: os.name: 'Linux', os.arch: 'amd64', os.version: '6.8.0-106-generic', java.version: '23.0.1'
Driver info: io.appium.java_client.android.AndroidDriver
Capabilities {appium:app: /home/wadmin/Downloads/vd (..., appium:appActivity: app.vd.com.MainActivity, appium:appPackage: app.vd.com, appium:automationName: UiAutomator2, appium:databaseEnabled: false, appium:desired: {app: /home/wadmin/Downloads/vd (..., appActivity: app.vd.com.MainActivity, appPackage: app.vd.com, automationName: UiAutomator2, deviceName: Android Emulator, newCommandTimeout: 300, platformName: ANDROID, platformVersion: 13.0}, appium:deviceApiLevel: 33, appium:deviceManufacturer: Google, appium:deviceModel: sdk_gphone64_x86_64, appium:deviceName: emulator-5554, appium:deviceScreenDensity: 480, appium:deviceScreenSize: 1280x2856, appium:deviceUDID: emulator-5554, appium:javascriptEnabled: true, appium:locationContextEnabled: false, appium:networkConnectionEnabled: true, appium:newCommandTimeout: 300, appium:pixelRatio: 3, appium:platformVersion: 13, appium:statBarHeight: 72, appium:takesScreenshot: true, appium:viewportRect: {height: 2784, left: 0, top: 72, width: 1280}, appium:warnings: {}, appium:webStorageEnabled: false, platformName: ANDROID}
Session ID: e0110dde-f190-4291-b09e-ecf3fdbb6f00
2026-04-06 11:29:13.333 [main] INFO  com.mobile.framework.utilities.RetryAnalyzer - Retrying test method: testLoginFailureWithInvalidCredentials, retry count: 1
2026-04-06 11:29:13.334 [main] INFO  com.mobile.framework.base.BaseTest - Tearing down test method...
2026-04-06 11:29:13.334 [main] INFO  com.mobile.framework.drivers.DriverFactory - Quitting Appium Driver...
2026-04-06 11:29:13.788 [main] INFO  com.mobile.framework.drivers.DriverFactory - Appium Driver quit successfully
2026-04-06 11:29:13.789 [main] INFO  com.mobile.framework.base.BaseTest - Driver quit successfully
2026-04-06 11:29:13.794 [main] INFO  com.mobile.framework.base.BaseTest - Setting up test method...
2026-04-06 11:29:13.794 [main] INFO  com.mobile.framework.drivers.DriverFactory - Initializing Appium Driver for null...
2026-04-06 11:29:20.862 [main] INFO  com.mobile.framework.drivers.DriverFactory - Appium Driver initialized successfully for null
2026-04-06 11:29:20.863 [main] INFO  com.mobile.framework.base.BaseTest - Driver initialized successfully for device: null
2026-04-06 11:29:20.867 [main] INFO  com.mobile.framework.tests.LoginTest - Starting test: testLoginFailureWithInvalidCredentials
2026-04-06 11:29:23.570 [main] INFO  com.mobile.framework.utilities.CommonActionsUtility - Permission dialog not present or already handled
2026-04-06 11:29:23.576 [main] ERROR com.mobile.framework.tests.LoginTest - Test failed: An unknown server-side error occurred while processing the command. Original error: 'GET /window/current/size' cannot be proxied to UiAutomator2 server because the instrumentation process is not running (probably crashed). Check the server log and/or the logcat output for more details
Build info: version: '4.13.0', revision: 'ba948ece5b*'
System info: os.name: 'Linux', os.arch: 'amd64', os.version: '6.8.0-106-generic', java.version: '23.0.1'
Driver info: io.appium.java_client.android.AndroidDriver
Command: [2ce0d3a7-45cb-4e31-9a1d-bf95b5d75bb6, getCurrentWindowSize {}]
Capabilities {appium:app: /home/wadmin/Downloads/vd (..., appium:appActivity: app.vd.com.MainActivity, appium:appPackage: app.vd.com, appium:automationName: UiAutomator2, appium:databaseEnabled: false, appium:desired: {app: /home/wadmin/Downloads/vd (..., appActivity: app.vd.com.MainActivity, appPackage: app.vd.com, automationName: UiAutomator2, deviceName: Android Emulator, newCommandTimeout: 300, platformName: ANDROID, platformVersion: 13.0}, appium:deviceApiLevel: 33, appium:deviceManufacturer: Google, appium:deviceModel: sdk_gphone64_x86_64, appium:deviceName: emulator-5554, appium:deviceScreenDensity: 480, appium:deviceScreenSize: 1280x2856, appium:deviceUDID: emulator-5554, appium:javascriptEnabled: true, appium:locationContextEnabled: false, appium:networkConnectionEnabled: true, appium:newCommandTimeout: 300, appium:pixelRatio: 3, appium:platformVersion: 13, appium:statBarHeight: 72, appium:takesScreenshot: true, appium:viewportRect: {height: 2784, left: 0, top: 72, width: 1280}, appium:warnings: {}, appium:webStorageEnabled: false, platformName: ANDROID}
Session ID: 2ce0d3a7-45cb-4e31-9a1d-bf95b5d75bb6
2026-04-06 11:29:23.577 [main] INFO  com.mobile.framework.utilities.RetryAnalyzer - Retrying test method: testLoginFailureWithInvalidCredentials, retry count: 2
2026-04-06 11:29:23.577 [main] INFO  com.mobile.framework.base.BaseTest - Tearing down test method...
2026-04-06 11:29:23.577 [main] INFO  com.mobile.framework.drivers.DriverFactory - Quitting Appium Driver...
2026-04-06 11:29:24.967 [main] INFO  com.mobile.framework.drivers.DriverFactory - Appium Driver quit successfully
2026-04-06 11:29:24.967 [main] INFO  com.mobile.framework.base.BaseTest - Driver quit successfully
2026-04-06 11:29:24.968 [main] INFO  com.mobile.framework.base.BaseTest - Setting up test method...
2026-04-06 11:29:24.968 [main] INFO  com.mobile.framework.drivers.DriverFactory - Initializing Appium Driver for null...
2026-04-06 11:29:32.971 [main] INFO  com.mobile.framework.drivers.DriverFactory - Appium Driver initialized successfully for null
2026-04-06 11:29:32.972 [main] INFO  com.mobile.framework.base.BaseTest - Driver initialized successfully for device: null
2026-04-06 11:29:32.972 [main] INFO  com.mobile.framework.tests.LoginTest - Starting test: testLoginFailureWithInvalidCredentials
2026-04-06 11:29:42.206 [main] INFO  com.mobile.framework.utilities.CommonActionsUtility - Clicked on permission allow button
2026-04-06 11:29:42.849 [main] INFO  com.mobile.framework.utilities.CommonActionsUtility - Swiped from (256,1428) to (1024,1428)
2026-04-06 11:29:42.850 [main] INFO  com.mobile.framework.pages.BasePage - Performed onboarding slide 1
2026-04-06 11:29:43.558 [main] INFO  com.mobile.framework.utilities.CommonActionsUtility - Swiped from (256,1428) to (1024,1428)
2026-04-06 11:29:43.558 [main] INFO  com.mobile.framework.pages.BasePage - Performed onboarding slide 2
2026-04-06 11:29:44.240 [main] INFO  com.mobile.framework.utilities.CommonActionsUtility - Swiped from (256,1428) to (1024,1428)
2026-04-06 11:29:44.240 [main] INFO  com.mobile.framework.pages.BasePage - Performed onboarding slide 3
2026-04-06 11:29:44.241 [main] INFO  com.mobile.framework.tests.LoginTest - Performed 3 onboarding slides
2026-04-06 11:30:15.300 [main] ERROR com.mobile.framework.utilities.WaitUtility - Element not visible within 30 seconds: By.xpath: //android.widget.Button[@text='Login']
2026-04-06 11:30:15.300 [main] ERROR com.mobile.framework.pages.BasePage - Login page is not displayed: Expected condition failed: waiting for visibility of element located by By.xpath: //android.widget.Button[@text='Login'] (tried for 30 second(s) with 500 milliseconds interval)
Build info: version: '4.13.0', revision: 'ba948ece5b*'
System info: os.name: 'Linux', os.arch: 'amd64', os.version: '6.8.0-106-generic', java.version: '23.0.1'
Driver info: io.appium.java_client.android.AndroidDriver
Capabilities {appium:app: /home/wadmin/Downloads/vd (..., appium:appActivity: app.vd.com.MainActivity, appium:appPackage: app.vd.com, appium:automationName: UiAutomator2, appium:databaseEnabled: false, appium:desired: {app: /home/wadmin/Downloads/vd (..., appActivity: app.vd.com.MainActivity, appPackage: app.vd.com, automationName: UiAutomator2, deviceName: Android Emulator, newCommandTimeout: 300, platformName: ANDROID, platformVersion: 13.0}, appium:deviceApiLevel: 33, appium:deviceManufacturer: Google, appium:deviceModel: sdk_gphone64_x86_64, appium:deviceName: emulator-5554, appium:deviceScreenDensity: 480, appium:deviceScreenSize: 1280x2856, appium:deviceUDID: emulator-5554, appium:javascriptEnabled: true, appium:locationContextEnabled: false, appium:networkConnectionEnabled: true, appium:newCommandTimeout: 300, appium:pixelRatio: 3, appium:platformVersion: 13, appium:statBarHeight: 72, appium:takesScreenshot: true, appium:viewportRect: {height: 2784, left: 0, top: 72, width: 1280}, appium:warnings: {}, appium:webStorageEnabled: false, platformName: ANDROID}
Session ID: fb8f2399-4f86-4072-b4df-dfec38da21c4
2026-04-06 11:30:15.301 [main] INFO  com.mobile.framework.base.BaseTest - Tearing down test method...
2026-04-06 11:30:17.287 [main] INFO  com.mobile.framework.utilities.ScreenshotUtility - Screenshot captured: ./reports/screenshots/testLoginFailureWithInvalidCredentials_20260406-113015.png
2026-04-06 11:30:17.287 [main] INFO  com.mobile.framework.base.BaseTest - Screenshot captured for failed test: testLoginFailureWithInvalidCredentials
2026-04-06 11:30:17.287 [main] INFO  com.mobile.framework.drivers.DriverFactory - Quitting Appium Driver...
2026-04-06 11:30:17.757 [main] INFO  com.mobile.framework.drivers.DriverFactory - Appium Driver quit successfully
2026-04-06 11:30:17.763 [main] INFO  com.mobile.framework.base.BaseTest - Driver quit successfully
2026-04-06 11:30:17.773 [main] INFO  com.mobile.framework.base.BaseTest - Setting up test method...
2026-04-06 11:30:17.775 [main] INFO  com.mobile.framework.drivers.DriverFactory - Initializing Appium Driver for null...
2026-04-06 11:30:25.049 [main] INFO  com.mobile.framework.drivers.DriverFactory - Appium Driver initialized successfully for null
2026-04-06 11:30:25.050 [main] INFO  com.mobile.framework.base.BaseTest - Driver initialized successfully for device: null
2026-04-06 11:30:25.051 [main] INFO  com.mobile.framework.tests.LoginTest - Starting test: testNavigateToSignupPage
2026-04-06 11:30:33.944 [main] INFO  com.mobile.framework.utilities.CommonActionsUtility - Clicked on permission allow button
2026-04-06 11:30:34.598 [main] INFO  com.mobile.framework.utilities.CommonActionsUtility - Swiped from (256,1428) to (1024,1428)
2026-04-06 11:30:34.599 [main] INFO  com.mobile.framework.pages.BasePage - Performed onboarding slide 1
2026-04-06 11:30:35.334 [main] INFO  com.mobile.framework.utilities.CommonActionsUtility - Swiped from (256,1428) to (1024,1428)
2026-04-06 11:30:35.335 [main] INFO  com.mobile.framework.pages.BasePage - Performed onboarding slide 2
2026-04-06 11:30:36.042 [main] INFO  com.mobile.framework.utilities.CommonActionsUtility - Swiped from (256,1428) to (1024,1428)
2026-04-06 11:30:36.042 [main] INFO  com.mobile.framework.pages.BasePage - Performed onboarding slide 3
2026-04-06 11:30:36.043 [main] INFO  com.mobile.framework.tests.LoginTest - Performed 3 onboarding slides
2026-04-06 11:31:07.110 [main] ERROR com.mobile.framework.utilities.WaitUtility - Element not visible within 30 seconds: By.xpath: //android.widget.Button[@text='Login']
2026-04-06 11:31:07.110 [main] ERROR com.mobile.framework.pages.BasePage - Login page is not displayed: Expected condition failed: waiting for visibility of element located by By.xpath: //android.widget.Button[@text='Login'] (tried for 30 second(s) with 500 milliseconds interval)
Build info: version: '4.13.0', revision: 'ba948ece5b*'
System info: os.name: 'Linux', os.arch: 'amd64', os.version: '6.8.0-106-generic', java.version: '23.0.1'
Driver info: io.appium.java_client.android.AndroidDriver
Capabilities {appium:app: /home/wadmin/Downloads/vd (..., appium:appActivity: app.vd.com.MainActivity, appium:appPackage: app.vd.com, appium:automationName: UiAutomator2, appium:databaseEnabled: false, appium:desired: {app: /home/wadmin/Downloads/vd (..., appActivity: app.vd.com.MainActivity, appPackage: app.vd.com, automationName: UiAutomator2, deviceName: Android Emulator, newCommandTimeout: 300, platformName: ANDROID, platformVersion: 13.0}, appium:deviceApiLevel: 33, appium:deviceManufacturer: Google, appium:deviceModel: sdk_gphone64_x86_64, appium:deviceName: emulator-5554, appium:deviceScreenDensity: 480, appium:deviceScreenSize: 1280x2856, appium:deviceUDID: emulator-5554, appium:javascriptEnabled: true, appium:locationContextEnabled: false, appium:networkConnectionEnabled: true, appium:newCommandTimeout: 300, appium:pixelRatio: 3, appium:platformVersion: 13, appium:statBarHeight: 72, appium:takesScreenshot: true, appium:viewportRect: {height: 2784, left: 0, top: 72, width: 1280}, appium:warnings: {}, appium:webStorageEnabled: false, platformName: ANDROID}
Session ID: dde1a241-c051-4bbc-b079-be091e9e82c3
2026-04-06 11:31:07.110 [main] INFO  com.mobile.framework.utilities.RetryAnalyzer - Retrying test method: testNavigateToSignupPage, retry count: 1
2026-04-06 11:31:07.111 [main] INFO  com.mobile.framework.base.BaseTest - Tearing down test method...
2026-04-06 11:31:07.111 [main] INFO  com.mobile.framework.drivers.DriverFactory - Quitting Appium Driver...
2026-04-06 11:31:07.987 [main] INFO  com.mobile.framework.drivers.DriverFactory - Appium Driver quit successfully
2026-04-06 11:31:07.987 [main] INFO  com.mobile.framework.base.BaseTest - Driver quit successfully
2026-04-06 11:31:07.988 [main] INFO  com.mobile.framework.base.BaseTest - Setting up test method...
2026-04-06 11:31:07.988 [main] INFO  com.mobile.framework.drivers.DriverFactory - Initializing Appium Driver for null...
2026-04-06 11:31:14.947 [main] INFO  com.mobile.framework.drivers.DriverFactory - Appium Driver initialized successfully for null
2026-04-06 11:31:14.947 [main] INFO  com.mobile.framework.base.BaseTest - Driver initialized successfully for device: null
2026-04-06 11:31:14.949 [main] INFO  com.mobile.framework.tests.LoginTest - Starting test: testNavigateToSignupPage
2026-04-06 11:31:22.970 [main] INFO  com.mobile.framework.utilities.CommonActionsUtility - Clicked on permission allow button
2026-04-06 11:31:23.615 [main] INFO  com.mobile.framework.utilities.CommonActionsUtility - Swiped from (256,1428) to (1024,1428)
2026-04-06 11:31:23.615 [main] INFO  com.mobile.framework.pages.BasePage - Performed onboarding slide 1
2026-04-06 11:31:24.285 [main] INFO  com.mobile.framework.utilities.CommonActionsUtility - Swiped from (256,1428) to (1024,1428)
2026-04-06 11:31:24.285 [main] INFO  com.mobile.framework.pages.BasePage - Performed onboarding slide 2
2026-04-06 11:31:24.952 [main] INFO  com.mobile.framework.utilities.CommonActionsUtility - Swiped from (256,1428) to (1024,1428)
2026-04-06 11:31:24.952 [main] INFO  com.mobile.framework.pages.BasePage - Performed onboarding slide 3
2026-04-06 11:31:24.952 [main] INFO  com.mobile.framework.tests.LoginTest - Performed 3 onboarding slides
2026-04-06 11:31:56.012 [main] ERROR com.mobile.framework.utilities.WaitUtility - Element not visible within 30 seconds: By.xpath: //android.widget.Button[@text='Login']
2026-04-06 11:31:56.012 [main] ERROR com.mobile.framework.pages.BasePage - Login page is not displayed: Expected condition failed: waiting for visibility of element located by By.xpath: //android.widget.Button[@text='Login'] (tried for 30 second(s) with 500 milliseconds interval)
Build info: version: '4.13.0', revision: 'ba948ece5b*'
System info: os.name: 'Linux', os.arch: 'amd64', os.version: '6.8.0-106-generic', java.version: '23.0.1'
Driver info: io.appium.java_client.android.AndroidDriver
Capabilities {appium:app: /home/wadmin/Downloads/vd (..., appium:appActivity: app.vd.com.MainActivity, appium:appPackage: app.vd.com, appium:automationName: UiAutomator2, appium:databaseEnabled: false, appium:desired: {app: /home/wadmin/Downloads/vd (..., appActivity: app.vd.com.MainActivity, appPackage: app.vd.com, automationName: UiAutomator2, deviceName: Android Emulator, newCommandTimeout: 300, platformName: ANDROID, platformVersion: 13.0}, appium:deviceApiLevel: 33, appium:deviceManufacturer: Google, appium:deviceModel: sdk_gphone64_x86_64, appium:deviceName: emulator-5554, appium:deviceScreenDensity: 480, appium:deviceScreenSize: 1280x2856, appium:deviceUDID: emulator-5554, appium:javascriptEnabled: true, appium:locationContextEnabled: false, appium:networkConnectionEnabled: true, appium:newCommandTimeout: 300, appium:pixelRatio: 3, appium:platformVersion: 13, appium:statBarHeight: 72, appium:takesScreenshot: true, appium:viewportRect: {height: 2784, left: 0, top: 72, width: 1280}, appium:warnings: {}, appium:webStorageEnabled: false, platformName: ANDROID}
Session ID: 2ff82509-c4e4-4628-b042-d9985db1c7ff
2026-04-06 11:31:56.012 [main] INFO  com.mobile.framework.utilities.RetryAnalyzer - Retrying test method: testNavigateToSignupPage, retry count: 2
2026-04-06 11:31:56.012 [main] INFO  com.mobile.framework.base.BaseTest - Tearing down test method...
2026-04-06 11:31:56.012 [main] INFO  com.mobile.framework.drivers.DriverFactory - Quitting Appium Driver...
2026-04-06 11:31:56.476 [main] INFO  com.mobile.framework.drivers.DriverFactory - Appium Driver quit successfully
2026-04-06 11:31:56.476 [main] INFO  com.mobile.framework.base.BaseTest - Driver quit successfully
2026-04-06 11:31:56.478 [main] INFO  com.mobile.framework.base.BaseTest - Setting up test method...
2026-04-06 11:31:56.478 [main] INFO  com.mobile.framework.drivers.DriverFactory - Initializing Appium Driver for null...
2026-04-06 11:32:03.531 [main] INFO  com.mobile.framework.drivers.DriverFactory - Appium Driver initialized successfully for null
2026-04-06 11:32:03.531 [main] INFO  com.mobile.framework.base.BaseTest - Driver initialized successfully for device: null
2026-04-06 11:32:03.533 [main] INFO  com.mobile.framework.tests.LoginTest - Starting test: testNavigateToSignupPage
2026-04-06 11:32:12.329 [main] INFO  com.mobile.framework.utilities.CommonActionsUtility - Clicked on permission allow button
2026-04-06 11:32:12.984 [main] INFO  com.mobile.framework.utilities.CommonActionsUtility - Swiped from (256,1428) to (1024,1428)
2026-04-06 11:32:12.985 [main] INFO  com.mobile.framework.pages.BasePage - Performed onboarding slide 1
2026-04-06 11:32:13.671 [main] INFO  com.mobile.framework.utilities.CommonActionsUtility - Swiped from (256,1428) to (1024,1428)
2026-04-06 11:32:13.671 [main] INFO  com.mobile.framework.pages.BasePage - Performed onboarding slide 2
2026-04-06 11:32:14.423 [main] INFO  com.mobile.framework.utilities.CommonActionsUtility - Swiped from (256,1428) to (1024,1428)
2026-04-06 11:32:14.424 [main] INFO  com.mobile.framework.pages.BasePage - Performed onboarding slide 3
2026-04-06 11:32:14.425 [main] INFO  com.mobile.framework.tests.LoginTest - Performed 3 onboarding slides
2026-04-06 11:32:45.491 [main] ERROR com.mobile.framework.utilities.WaitUtility - Element not visible within 30 seconds: By.xpath: //android.widget.Button[@text='Login']
2026-04-06 11:32:45.492 [main] ERROR com.mobile.framework.pages.BasePage - Login page is not displayed: Expected condition failed: waiting for visibility of element located by By.xpath: //android.widget.Button[@text='Login'] (tried for 30 second(s) with 500 milliseconds interval)
Build info: version: '4.13.0', revision: 'ba948ece5b*'
System info: os.name: 'Linux', os.arch: 'amd64', os.version: '6.8.0-106-generic', java.version: '23.0.1'
Driver info: io.appium.java_client.android.AndroidDriver
Capabilities {appium:app: /home/wadmin/Downloads/vd (..., appium:appActivity: app.vd.com.MainActivity, appium:appPackage: app.vd.com, appium:automationName: UiAutomator2, appium:databaseEnabled: false, appium:desired: {app: /home/wadmin/Downloads/vd (..., appActivity: app.vd.com.MainActivity, appPackage: app.vd.com, automationName: UiAutomator2, deviceName: Android Emulator, newCommandTimeout: 300, platformName: ANDROID, platformVersion: 13.0}, appium:deviceApiLevel: 33, appium:deviceManufacturer: Google, appium:deviceModel: sdk_gphone64_x86_64, appium:deviceName: emulator-5554, appium:deviceScreenDensity: 480, appium:deviceScreenSize: 1280x2856, appium:deviceUDID: emulator-5554, appium:javascriptEnabled: true, appium:locationContextEnabled: false, appium:networkConnectionEnabled: true, appium:newCommandTimeout: 300, appium:pixelRatio: 3, appium:platformVersion: 13, appium:statBarHeight: 72, appium:takesScreenshot: true, appium:viewportRect: {height: 2784, left: 0, top: 72, width: 1280}, appium:warnings: {}, appium:webStorageEnabled: false, platformName: ANDROID}
Session ID: c4bee7c4-1f99-43e0-8ade-b5e48666dd2a
2026-04-06 11:32:45.492 [main] INFO  com.mobile.framework.base.BaseTest - Tearing down test method...
2026-04-06 11:32:47.422 [main] INFO  com.mobile.framework.utilities.ScreenshotUtility - Screenshot captured: ./reports/screenshots/testNavigateToSignupPage_20260406-113245.png
2026-04-06 11:32:47.422 [main] INFO  com.mobile.framework.base.BaseTest - Screenshot captured for failed test: testNavigateToSignupPage
2026-04-06 11:32:47.423 [main] INFO  com.mobile.framework.drivers.DriverFactory - Quitting Appium Driver...
2026-04-06 11:32:47.898 [main] INFO  com.mobile.framework.drivers.DriverFactory - Appium Driver quit successfully
2026-04-06 11:32:47.898 [main] INFO  com.mobile.framework.base.BaseTest - Driver quit successfully
2026-04-06 11:32:47.908 [main] INFO  com.mobile.framework.base.BaseTest - Setting up test method...
2026-04-06 11:32:47.908 [main] INFO  com.mobile.framework.drivers.DriverFactory - Initializing Appium Driver for null...
2026-04-06 11:32:55.180 [main] INFO  com.mobile.framework.drivers.DriverFactory - Appium Driver initialized successfully for null
2026-04-06 11:32:55.181 [main] INFO  com.mobile.framework.base.BaseTest - Driver initialized successfully for device: null
2026-04-06 11:32:55.183 [main] INFO  com.mobile.framework.tests.SignupTest - Starting test: testSuccessfulSignup
2026-04-06 11:33:26.435 [main] ERROR com.mobile.framework.utilities.WaitUtility - Element not visible within 30 seconds: By.xpath: //android.widget.Button[@text='Sign Up']
2026-04-06 11:33:26.436 [main] ERROR com.mobile.framework.pages.BasePage - Signup page is not displayed: Expected condition failed: waiting for visibility of element located by By.xpath: //android.widget.Button[@text='Sign Up'] (tried for 30 second(s) with 500 milliseconds interval)
Build info: version: '4.13.0', revision: 'ba948ece5b*'
System info: os.name: 'Linux', os.arch: 'amd64', os.version: '6.8.0-106-generic', java.version: '23.0.1'
Driver info: io.appium.java_client.android.AndroidDriver
Capabilities {appium:app: /home/wadmin/Downloads/vd (..., appium:appActivity: app.vd.com.MainActivity, appium:appPackage: app.vd.com, appium:automationName: UiAutomator2, appium:databaseEnabled: false, appium:desired: {app: /home/wadmin/Downloads/vd (..., appActivity: app.vd.com.MainActivity, appPackage: app.vd.com, automationName: UiAutomator2, deviceName: Android Emulator, newCommandTimeout: 300, platformName: ANDROID, platformVersion: 13.0}, appium:deviceApiLevel: 33, appium:deviceManufacturer: Google, appium:deviceModel: sdk_gphone64_x86_64, appium:deviceName: emulator-5554, appium:deviceScreenDensity: 480, appium:deviceScreenSize: 1280x2856, appium:deviceUDID: emulator-5554, appium:javascriptEnabled: true, appium:locationContextEnabled: false, appium:networkConnectionEnabled: true, appium:newCommandTimeout: 300, appium:pixelRatio: 3, appium:platformVersion: 13, appium:statBarHeight: 72, appium:takesScreenshot: true, appium:viewportRect: {height: 2784, left: 0, top: 72, width: 1280}, appium:warnings: {}, appium:webStorageEnabled: false, platformName: ANDROID}
Session ID: bf036b38-8645-4e78-9b53-31cc50dbdd76
2026-04-06 11:33:26.436 [main] INFO  com.mobile.framework.utilities.RetryAnalyzer - Retrying test method: testSuccessfulSignup, retry count: 1
2026-04-06 11:33:26.436 [main] INFO  com.mobile.framework.base.BaseTest - Tearing down test method...
2026-04-06 11:33:26.436 [main] INFO  com.mobile.framework.drivers.DriverFactory - Quitting Appium Driver...
2026-04-06 11:33:26.790 [main] INFO  com.mobile.framework.drivers.DriverFactory - Appium Driver quit successfully
2026-04-06 11:33:26.790 [main] INFO  com.mobile.framework.base.BaseTest - Driver quit successfully
2026-04-06 11:33:26.793 [main] INFO  com.mobile.framework.base.BaseTest - Setting up test method...
2026-04-06 11:33:26.795 [main] INFO  com.mobile.framework.drivers.DriverFactory - Initializing Appium Driver for null...
2026-04-06 11:33:33.934 [main] INFO  com.mobile.framework.drivers.DriverFactory - Appium Driver initialized successfully for null
2026-04-06 11:33:33.934 [main] INFO  com.mobile.framework.base.BaseTest - Driver initialized successfully for device: null
2026-04-06 11:33:33.934 [main] INFO  com.mobile.framework.tests.SignupTest - Starting test: testSuccessfulSignup
2026-04-06 11:34:05.180 [main] ERROR com.mobile.framework.utilities.WaitUtility - Element not visible within 30 seconds: By.xpath: //android.widget.Button[@text='Sign Up']
2026-04-06 11:34:05.180 [main] ERROR com.mobile.framework.pages.BasePage - Signup page is not displayed: Expected condition failed: waiting for visibility of element located by By.xpath: //android.widget.Button[@text='Sign Up'] (tried for 30 second(s) with 500 milliseconds interval)
Build info: version: '4.13.0', revision: 'ba948ece5b*'
System info: os.name: 'Linux', os.arch: 'amd64', os.version: '6.8.0-106-generic', java.version: '23.0.1'
Driver info: io.appium.java_client.android.AndroidDriver
Capabilities {appium:app: /home/wadmin/Downloads/vd (..., appium:appActivity: app.vd.com.MainActivity, appium:appPackage: app.vd.com, appium:automationName: UiAutomator2, appium:databaseEnabled: false, appium:desired: {app: /home/wadmin/Downloads/vd (..., appActivity: app.vd.com.MainActivity, appPackage: app.vd.com, automationName: UiAutomator2, deviceName: Android Emulator, newCommandTimeout: 300, platformName: ANDROID, platformVersion: 13.0}, appium:deviceApiLevel: 33, appium:deviceManufacturer: Google, appium:deviceModel: sdk_gphone64_x86_64, appium:deviceName: emulator-5554, appium:deviceScreenDensity: 480, appium:deviceScreenSize: 1280x2856, appium:deviceUDID: emulator-5554, appium:javascriptEnabled: true, appium:locationContextEnabled: false, appium:networkConnectionEnabled: true, appium:newCommandTimeout: 300, appium:pixelRatio: 3, appium:platformVersion: 13, appium:statBarHeight: 72, appium:takesScreenshot: true, appium:viewportRect: {height: 2784, left: 0, top: 72, width: 1280}, appium:warnings: {}, appium:webStorageEnabled: false, platformName: ANDROID}
Session ID: fa532b42-898e-47ef-9fe5-34830c765ff7
2026-04-06 11:34:05.180 [main] INFO  com.mobile.framework.utilities.RetryAnalyzer - Retrying test method: testSuccessfulSignup, retry count: 2
2026-04-06 11:34:05.181 [main] INFO  com.mobile.framework.base.BaseTest - Tearing down test method...
2026-04-06 11:34:05.181 [main] INFO  com.mobile.framework.drivers.DriverFactory - Quitting Appium Driver...
2026-04-06 11:34:05.576 [main] INFO  com.mobile.framework.drivers.DriverFactory - Appium Driver quit successfully
2026-04-06 11:34:05.576 [main] INFO  com.mobile.framework.base.BaseTest - Driver quit successfully
2026-04-06 11:34:05.577 [main] INFO  com.mobile.framework.base.BaseTest - Setting up test method...
2026-04-06 11:34:05.577 [main] INFO  com.mobile.framework.drivers.DriverFactory - Initializing Appium Driver for null...
2026-04-06 11:34:12.663 [main] INFO  com.mobile.framework.drivers.DriverFactory - Appium Driver initialized successfully for null
2026-04-06 11:34:12.663 [main] INFO  com.mobile.framework.base.BaseTest - Driver initialized successfully for device: null
2026-04-06 11:34:12.664 [main] INFO  com.mobile.framework.tests.SignupTest - Starting test: testSuccessfulSignup
2026-04-06 11:34:43.898 [main] ERROR com.mobile.framework.utilities.WaitUtility - Element not visible within 30 seconds: By.xpath: //android.widget.Button[@text='Sign Up']
2026-04-06 11:34:43.898 [main] ERROR com.mobile.framework.pages.BasePage - Signup page is not displayed: Expected condition failed: waiting for visibility of element located by By.xpath: //android.widget.Button[@text='Sign Up'] (tried for 30 second(s) with 500 milliseconds interval)
Build info: version: '4.13.0', revision: 'ba948ece5b*'
System info: os.name: 'Linux', os.arch: 'amd64', os.version: '6.8.0-106-generic', java.version: '23.0.1'
Driver info: io.appium.java_client.android.AndroidDriver
Capabilities {appium:app: /home/wadmin/Downloads/vd (..., appium:appActivity: app.vd.com.MainActivity, appium:appPackage: app.vd.com, appium:automationName: UiAutomator2, appium:databaseEnabled: false, appium:desired: {app: /home/wadmin/Downloads/vd (..., appActivity: app.vd.com.MainActivity, appPackage: app.vd.com, automationName: UiAutomator2, deviceName: Android Emulator, newCommandTimeout: 300, platformName: ANDROID, platformVersion: 13.0}, appium:deviceApiLevel: 33, appium:deviceManufacturer: Google, appium:deviceModel: sdk_gphone64_x86_64, appium:deviceName: emulator-5554, appium:deviceScreenDensity: 480, appium:deviceScreenSize: 1280x2856, appium:deviceUDID: emulator-5554, appium:javascriptEnabled: true, appium:locationContextEnabled: false, appium:networkConnectionEnabled: true, appium:newCommandTimeout: 300, appium:pixelRatio: 3, appium:platformVersion: 13, appium:statBarHeight: 72, appium:takesScreenshot: true, appium:viewportRect: {height: 2784, left: 0, top: 72, width: 1280}, appium:warnings: {}, appium:webStorageEnabled: false, platformName: ANDROID}
Session ID: 73523151-2cf9-4944-8b49-692c68d5f711
2026-04-06 11:34:43.899 [main] INFO  com.mobile.framework.base.BaseTest - Tearing down test method...
2026-04-06 11:34:44.187 [main] INFO  com.mobile.framework.utilities.ScreenshotUtility - Screenshot captured: ./reports/screenshots/testSuccessfulSignup_20260406-113443.png
2026-04-06 11:34:44.187 [main] INFO  com.mobile.framework.base.BaseTest - Screenshot captured for failed test: testSuccessfulSignup
2026-04-06 11:34:44.187 [main] INFO  com.mobile.framework.drivers.DriverFactory - Quitting Appium Driver...
2026-04-06 11:34:44.547 [main] INFO  com.mobile.framework.drivers.DriverFactory - Appium Driver quit successfully
2026-04-06 11:34:44.548 [main] INFO  com.mobile.framework.base.BaseTest - Driver quit successfully
2026-04-06 11:34:44.552 [main] INFO  com.mobile.framework.base.BaseTest - Setting up test method...
2026-04-06 11:34:44.552 [main] INFO  com.mobile.framework.drivers.DriverFactory - Initializing Appium Driver for null...
2026-04-06 11:34:52.539 [main] INFO  com.mobile.framework.drivers.DriverFactory - Appium Driver initialized successfully for null
2026-04-06 11:34:52.540 [main] INFO  com.mobile.framework.base.BaseTest - Driver initialized successfully for device: null
2026-04-06 11:34:52.541 [main] INFO  com.mobile.framework.tests.SignupTest - Starting test: testSignupFailureWithInvalidData
2026-04-06 11:35:23.802 [main] ERROR com.mobile.framework.utilities.WaitUtility - Element not visible within 30 seconds: By.xpath: //android.widget.Button[@text='Sign Up']
2026-04-06 11:35:23.802 [main] ERROR com.mobile.framework.pages.BasePage - Signup page is not displayed: Expected condition failed: waiting for visibility of element located by By.xpath: //android.widget.Button[@text='Sign Up'] (tried for 30 second(s) with 500 milliseconds interval)
Build info: version: '4.13.0', revision: 'ba948ece5b*'
System info: os.name: 'Linux', os.arch: 'amd64', os.version: '6.8.0-106-generic', java.version: '23.0.1'
Driver info: io.appium.java_client.android.AndroidDriver
Capabilities {appium:app: /home/wadmin/Downloads/vd (..., appium:appActivity: app.vd.com.MainActivity, appium:appPackage: app.vd.com, appium:automationName: UiAutomator2, appium:databaseEnabled: false, appium:desired: {app: /home/wadmin/Downloads/vd (..., appActivity: app.vd.com.MainActivity, appPackage: app.vd.com, automationName: UiAutomator2, deviceName: Android Emulator, newCommandTimeout: 300, platformName: ANDROID, platformVersion: 13.0}, appium:deviceApiLevel: 33, appium:deviceManufacturer: Google, appium:deviceModel: sdk_gphone64_x86_64, appium:deviceName: emulator-5554, appium:deviceScreenDensity: 480, appium:deviceScreenSize: 1280x2856, appium:deviceUDID: emulator-5554, appium:javascriptEnabled: true, appium:locationContextEnabled: false, appium:networkConnectionEnabled: true, appium:newCommandTimeout: 300, appium:pixelRatio: 3, appium:platformVersion: 13, appium:statBarHeight: 72, appium:takesScreenshot: true, appium:viewportRect: {height: 2784, left: 0, top: 72, width: 1280}, appium:warnings: {}, appium:webStorageEnabled: false, platformName: ANDROID}
Session ID: 46d55781-d6c1-4f88-b6b6-7153359e6a18
2026-04-06 11:35:23.803 [main] INFO  com.mobile.framework.utilities.RetryAnalyzer - Retrying test method: testSignupFailureWithInvalidData, retry count: 1
2026-04-06 11:35:23.803 [main] INFO  com.mobile.framework.base.BaseTest - Tearing down test method...
2026-04-06 11:35:23.803 [main] INFO  com.mobile.framework.drivers.DriverFactory - Quitting Appium Driver...
2026-04-06 11:35:24.225 [main] INFO  com.mobile.framework.drivers.DriverFactory - Appium Driver quit successfully
2026-04-06 11:35:24.226 [main] INFO  com.mobile.framework.base.BaseTest - Driver quit successfully
2026-04-06 11:35:24.227 [main] INFO  com.mobile.framework.base.BaseTest - Setting up test method...
2026-04-06 11:35:24.227 [main] INFO  com.mobile.framework.drivers.DriverFactory - Initializing Appium Driver for null...
2026-04-06 11:35:31.208 [main] INFO  com.mobile.framework.drivers.DriverFactory - Appium Driver initialized successfully for null
2026-04-06 11:35:31.208 [main] INFO  com.mobile.framework.base.BaseTest - Driver initialized successfully for device: null
2026-04-06 11:35:31.209 [main] INFO  com.mobile.framework.tests.SignupTest - Starting test: testSignupFailureWithInvalidData
2026-04-06 11:36:02.442 [main] ERROR com.mobile.framework.utilities.WaitUtility - Element not visible within 30 seconds: By.xpath: //android.widget.Button[@text='Sign Up']
2026-04-06 11:36:02.442 [main] ERROR com.mobile.framework.pages.BasePage - Signup page is not displayed: Expected condition failed: waiting for visibility of element located by By.xpath: //android.widget.Button[@text='Sign Up'] (tried for 30 second(s) with 500 milliseconds interval)
Build info: version: '4.13.0', revision: 'ba948ece5b*'
System info: os.name: 'Linux', os.arch: 'amd64', os.version: '6.8.0-106-generic', java.version: '23.0.1'
Driver info: io.appium.java_client.android.AndroidDriver
Capabilities {appium:app: /home/wadmin/Downloads/vd (..., appium:appActivity: app.vd.com.MainActivity, appium:appPackage: app.vd.com, appium:automationName: UiAutomator2, appium:databaseEnabled: false, appium:desired: {app: /home/wadmin/Downloads/vd (..., appActivity: app.vd.com.MainActivity, appPackage: app.vd.com, automationName: UiAutomator2, deviceName: Android Emulator, newCommandTimeout: 300, platformName: ANDROID, platformVersion: 13.0}, appium:deviceApiLevel: 33, appium:deviceManufacturer: Google, appium:deviceModel: sdk_gphone64_x86_64, appium:deviceName: emulator-5554, appium:deviceScreenDensity: 480, appium:deviceScreenSize: 1280x2856, appium:deviceUDID: emulator-5554, appium:javascriptEnabled: true, appium:locationContextEnabled: false, appium:networkConnectionEnabled: true, appium:newCommandTimeout: 300, appium:pixelRatio: 3, appium:platformVersion: 13, appium:statBarHeight: 72, appium:takesScreenshot: true, appium:viewportRect: {height: 2784, left: 0, top: 72, width: 1280}, appium:warnings: {}, appium:webStorageEnabled: false, platformName: ANDROID}
Session ID: b3e510ba-1921-4410-b814-3dc2954c57e3
2026-04-06 11:36:02.442 [main] INFO  com.mobile.framework.utilities.RetryAnalyzer - Retrying test method: testSignupFailureWithInvalidData, retry count: 2
2026-04-06 11:36:02.443 [main] INFO  com.mobile.framework.base.BaseTest - Tearing down test method...
2026-04-06 11:36:02.443 [main] INFO  com.mobile.framework.drivers.DriverFactory - Quitting Appium Driver...
2026-04-06 11:36:02.807 [main] INFO  com.mobile.framework.drivers.DriverFactory - Appium Driver quit successfully
2026-04-06 11:36:02.807 [main] INFO  com.mobile.framework.base.BaseTest - Driver quit successfully
2026-04-06 11:36:02.809 [main] INFO  com.mobile.framework.base.BaseTest - Setting up test method...
2026-04-06 11:36:02.809 [main] INFO  com.mobile.framework.drivers.DriverFactory - Initializing Appium Driver for null...
2026-04-06 11:36:10.022 [main] INFO  com.mobile.framework.drivers.DriverFactory - Appium Driver initialized successfully for null
2026-04-06 11:36:10.022 [main] INFO  com.mobile.framework.base.BaseTest - Driver initialized successfully for device: null
2026-04-06 11:36:10.023 [main] INFO  com.mobile.framework.tests.SignupTest - Starting test: testSignupFailureWithInvalidData
2026-04-06 11:36:41.238 [main] ERROR com.mobile.framework.utilities.WaitUtility - Element not visible within 30 seconds: By.xpath: //android.widget.Button[@text='Sign Up']
2026-04-06 11:36:41.238 [main] ERROR com.mobile.framework.pages.BasePage - Signup page is not displayed: Expected condition failed: waiting for visibility of element located by By.xpath: //android.widget.Button[@text='Sign Up'] (tried for 30 second(s) with 500 milliseconds interval)
Build info: version: '4.13.0', revision: 'ba948ece5b*'
System info: os.name: 'Linux', os.arch: 'amd64', os.version: '6.8.0-106-generic', java.version: '23.0.1'
Driver info: io.appium.java_client.android.AndroidDriver
Capabilities {appium:app: /home/wadmin/Downloads/vd (..., appium:appActivity: app.vd.com.MainActivity, appium:appPackage: app.vd.com, appium:automationName: UiAutomator2, appium:databaseEnabled: false, appium:desired: {app: /home/wadmin/Downloads/vd (..., appActivity: app.vd.com.MainActivity, appPackage: app.vd.com, automationName: UiAutomator2, deviceName: Android Emulator, newCommandTimeout: 300, platformName: ANDROID, platformVersion: 13.0}, appium:deviceApiLevel: 33, appium:deviceManufacturer: Google, appium:deviceModel: sdk_gphone64_x86_64, appium:deviceName: emulator-5554, appium:deviceScreenDensity: 480, appium:deviceScreenSize: 1280x2856, appium:deviceUDID: emulator-5554, appium:javascriptEnabled: true, appium:locationContextEnabled: false, appium:networkConnectionEnabled: true, appium:newCommandTimeout: 300, appium:pixelRatio: 3, appium:platformVersion: 13, appium:statBarHeight: 72, appium:takesScreenshot: true, appium:viewportRect: {height: 2784, left: 0, top: 72, width: 1280}, appium:warnings: {}, appium:webStorageEnabled: false, platformName: ANDROID}
Session ID: 6b1119f0-57dc-4ba3-92e4-09fe26513721
2026-04-06 11:36:41.239 [main] INFO  com.mobile.framework.base.BaseTest - Tearing down test method...
2026-04-06 11:36:41.534 [main] INFO  com.mobile.framework.utilities.ScreenshotUtility - Screenshot captured: ./reports/screenshots/testSignupFailureWithInvalidData_20260406-113641.png
2026-04-06 11:36:41.534 [main] INFO  com.mobile.framework.base.BaseTest - Screenshot captured for failed test: testSignupFailureWithInvalidData
2026-04-06 11:36:41.534 [main] INFO  com.mobile.framework.drivers.DriverFactory - Quitting Appium Driver...
2026-04-06 11:36:41.904 [main] INFO  com.mobile.framework.drivers.DriverFactory - Appium Driver quit successfully
2026-04-06 11:36:41.904 [main] INFO  com.mobile.framework.base.BaseTest - Driver quit successfully
2026-04-06 11:36:41.908 [main] INFO  com.mobile.framework.base.BaseTest - Setting up test method...
2026-04-06 11:36:41.908 [main] INFO  com.mobile.framework.drivers.DriverFactory - Initializing Appium Driver for null...
2026-04-06 11:36:48.833 [main] INFO  com.mobile.framework.drivers.DriverFactory - Appium Driver initialized successfully for null
2026-04-06 11:36:48.834 [main] INFO  com.mobile.framework.base.BaseTest - Driver initialized successfully for device: null
2026-04-06 11:36:48.835 [main] INFO  com.mobile.framework.tests.SignupTest - Starting test: testNavigateToLoginPage
2026-04-06 11:37:20.067 [main] ERROR com.mobile.framework.utilities.WaitUtility - Element not visible within 30 seconds: By.xpath: //android.widget.Button[@text='Sign Up']
2026-04-06 11:37:20.067 [main] ERROR com.mobile.framework.pages.BasePage - Signup page is not displayed: Expected condition failed: waiting for visibility of element located by By.xpath: //android.widget.Button[@text='Sign Up'] (tried for 30 second(s) with 500 milliseconds interval)
Build info: version: '4.13.0', revision: 'ba948ece5b*'
System info: os.name: 'Linux', os.arch: 'amd64', os.version: '6.8.0-106-generic', java.version: '23.0.1'
Driver info: io.appium.java_client.android.AndroidDriver
Capabilities {appium:app: /home/wadmin/Downloads/vd (..., appium:appActivity: app.vd.com.MainActivity, appium:appPackage: app.vd.com, appium:automationName: UiAutomator2, appium:databaseEnabled: false, appium:desired: {app: /home/wadmin/Downloads/vd (..., appActivity: app.vd.com.MainActivity, appPackage: app.vd.com, automationName: UiAutomator2, deviceName: Android Emulator, newCommandTimeout: 300, platformName: ANDROID, platformVersion: 13.0}, appium:deviceApiLevel: 33, appium:deviceManufacturer: Google, appium:deviceModel: sdk_gphone64_x86_64, appium:deviceName: emulator-5554, appium:deviceScreenDensity: 480, appium:deviceScreenSize: 1280x2856, appium:deviceUDID: emulator-5554, appium:javascriptEnabled: true, appium:locationContextEnabled: false, appium:networkConnectionEnabled: true, appium:newCommandTimeout: 300, appium:pixelRatio: 3, appium:platformVersion: 13, appium:statBarHeight: 72, appium:takesScreenshot: true, appium:viewportRect: {height: 2784, left: 0, top: 72, width: 1280}, appium:warnings: {}, appium:webStorageEnabled: false, platformName: ANDROID}
Session ID: 4795f424-26e9-4339-9db5-cded4c600fff
2026-04-06 11:37:20.067 [main] INFO  com.mobile.framework.utilities.RetryAnalyzer - Retrying test method: testNavigateToLoginPage, retry count: 1
2026-04-06 11:37:20.068 [main] INFO  com.mobile.framework.base.BaseTest - Tearing down test method...
2026-04-06 11:37:20.068 [main] INFO  com.mobile.framework.drivers.DriverFactory - Quitting Appium Driver...
2026-04-06 11:37:20.431 [main] INFO  com.mobile.framework.drivers.DriverFactory - Appium Driver quit successfully
2026-04-06 11:37:20.432 [main] INFO  com.mobile.framework.base.BaseTest - Driver quit successfully
2026-04-06 11:37:20.432 [main] INFO  com.mobile.framework.base.BaseTest - Setting up test method...
2026-04-06 11:37:20.432 [main] INFO  com.mobile.framework.drivers.DriverFactory - Initializing Appium Driver for null...
2026-04-06 11:37:27.411 [main] INFO  com.mobile.framework.drivers.DriverFactory - Appium Driver initialized successfully for null
2026-04-06 11:37:27.411 [main] INFO  com.mobile.framework.base.BaseTest - Driver initialized successfully for device: null
2026-04-06 11:37:27.413 [main] INFO  com.mobile.framework.tests.SignupTest - Starting test: testNavigateToLoginPage
2026-04-06 11:37:58.624 [main] ERROR com.mobile.framework.utilities.WaitUtility - Element not visible within 30 seconds: By.xpath: //android.widget.Button[@text='Sign Up']
2026-04-06 11:37:58.624 [main] ERROR com.mobile.framework.pages.BasePage - Signup page is not displayed: Expected condition failed: waiting for visibility of element located by By.xpath: //android.widget.Button[@text='Sign Up'] (tried for 30 second(s) with 500 milliseconds interval)
Build info: version: '4.13.0', revision: 'ba948ece5b*'
System info: os.name: 'Linux', os.arch: 'amd64', os.version: '6.8.0-106-generic', java.version: '23.0.1'
Driver info: io.appium.java_client.android.AndroidDriver
Capabilities {appium:app: /home/wadmin/Downloads/vd (..., appium:appActivity: app.vd.com.MainActivity, appium:appPackage: app.vd.com, appium:automationName: UiAutomator2, appium:databaseEnabled: false, appium:desired: {app: /home/wadmin/Downloads/vd (..., appActivity: app.vd.com.MainActivity, appPackage: app.vd.com, automationName: UiAutomator2, deviceName: Android Emulator, newCommandTimeout: 300, platformName: ANDROID, platformVersion: 13.0}, appium:deviceApiLevel: 33, appium:deviceManufacturer: Google, appium:deviceModel: sdk_gphone64_x86_64, appium:deviceName: emulator-5554, appium:deviceScreenDensity: 480, appium:deviceScreenSize: 1280x2856, appium:deviceUDID: emulator-5554, appium:javascriptEnabled: true, appium:locationContextEnabled: false, appium:networkConnectionEnabled: true, appium:newCommandTimeout: 300, appium:pixelRatio: 3, appium:platformVersion: 13, appium:statBarHeight: 72, appium:takesScreenshot: true, appium:viewportRect: {height: 2784, left: 0, top: 72, width: 1280}, appium:warnings: {}, appium:webStorageEnabled: false, platformName: ANDROID}
Session ID: 1e539ba6-7703-4cbf-81a2-7bdd6bbd1dae
2026-04-06 11:37:58.624 [main] INFO  com.mobile.framework.utilities.RetryAnalyzer - Retrying test method: testNavigateToLoginPage, retry count: 2
2026-04-06 11:37:58.625 [main] INFO  com.mobile.framework.base.BaseTest - Tearing down test method...
2026-04-06 11:37:58.625 [main] INFO  com.mobile.framework.drivers.DriverFactory - Quitting Appium Driver...
2026-04-06 11:37:58.981 [main] INFO  com.mobile.framework.drivers.DriverFactory - Appium Driver quit successfully
2026-04-06 11:37:58.982 [main] INFO  com.mobile.framework.base.BaseTest - Driver quit successfully
2026-04-06 11:37:58.984 [main] INFO  com.mobile.framework.base.BaseTest - Setting up test method...
2026-04-06 11:37:58.984 [main] INFO  com.mobile.framework.drivers.DriverFactory - Initializing Appium Driver for null...
2026-04-06 11:38:07.042 [main] INFO  com.mobile.framework.drivers.DriverFactory - Appium Driver initialized successfully for null
2026-04-06 11:38:07.042 [main] INFO  com.mobile.framework.base.BaseTest - Driver initialized successfully for device: null
2026-04-06 11:38:07.043 [main] INFO  com.mobile.framework.tests.SignupTest - Starting test: testNavigateToLoginPage
2026-04-06 11:38:38.499 [main] ERROR com.mobile.framework.utilities.WaitUtility - Element not visible within 30 seconds: By.xpath: //android.widget.Button[@text='Sign Up']
2026-04-06 11:38:38.499 [main] ERROR com.mobile.framework.pages.BasePage - Signup page is not displayed: Expected condition failed: waiting for visibility of element located by By.xpath: //android.widget.Button[@text='Sign Up'] (tried for 30 second(s) with 500 milliseconds interval)
Build info: version: '4.13.0', revision: 'ba948ece5b*'
System info: os.name: 'Linux', os.arch: 'amd64', os.version: '6.8.0-106-generic', java.version: '23.0.1'
Driver info: io.appium.java_client.android.AndroidDriver
Capabilities {appium:app: /home/wadmin/Downloads/vd (..., appium:appActivity: app.vd.com.MainActivity, appium:appPackage: app.vd.com, appium:automationName: UiAutomator2, appium:databaseEnabled: false, appium:desired: {app: /home/wadmin/Downloads/vd (..., appActivity: app.vd.com.MainActivity, appPackage: app.vd.com, automationName: UiAutomator2, deviceName: Android Emulator, newCommandTimeout: 300, platformName: ANDROID, platformVersion: 13.0}, appium:deviceApiLevel: 33, appium:deviceManufacturer: Google, appium:deviceModel: sdk_gphone64_x86_64, appium:deviceName: emulator-5554, appium:deviceScreenDensity: 480, appium:deviceScreenSize: 1280x2856, appium:deviceUDID: emulator-5554, appium:javascriptEnabled: true, appium:locationContextEnabled: false, appium:networkConnectionEnabled: true, appium:newCommandTimeout: 300, appium:pixelRatio: 3, appium:platformVersion: 13, appium:statBarHeight: 72, appium:takesScreenshot: true, appium:viewportRect: {height: 2784, left: 0, top: 72, width: 1280}, appium:warnings: {}, appium:webStorageEnabled: false, platformName: ANDROID}
Session ID: e1fac2b2-93b9-4c69-8356-69e77bb6271e
2026-04-06 11:38:38.500 [main] INFO  com.mobile.framework.base.BaseTest - Tearing down test method...
2026-04-06 11:38:38.792 [main] INFO  com.mobile.framework.utilities.ScreenshotUtility - Screenshot captured: ./reports/screenshots/testNavigateToLoginPage_20260406-113838.png
2026-04-06 11:38:38.792 [main] INFO  com.mobile.framework.base.BaseTest - Screenshot captured for failed test: testNavigateToLoginPage
2026-04-06 11:38:38.792 [main] INFO  com.mobile.framework.drivers.DriverFactory - Quitting Appium Driver...
2026-04-06 11:38:39.129 [main] INFO  com.mobile.framework.drivers.DriverFactory - Appium Driver quit successfully
2026-04-06 11:38:39.130 [main] INFO  com.mobile.framework.base.BaseTest - Driver quit successfully
2026-04-06 11:38:39.131 [main] INFO  com.mobile.framework.base.BaseTest - Tearing down test suite...
2026-04-06 11:38:39.131 [main] INFO  com.mobile.framework.drivers.AppiumServerManager - Stopping Appium Server...
2026-04-06 11:38:44.486 [main] INFO  com.mobile.framework.drivers.AppiumServerManager - Appium Server stopped successfully
2026-04-06 11:38:44.486 [main] INFO  com.mobile.framework.base.BaseTest - Appium server stopped successfully
2026-04-06 11:38:44.486 [main] INFO  com.mobile.framework.utilities.EmulatorManager - Stopping Android emulator...
2026-04-06 11:38:44.487 [main] INFO  com.mobile.framework.utilities.EmulatorManager - Emulator stopped successfully
2026-04-06 11:38:44.487 [main] INFO  com.mobile.framework.base.BaseTest - Emulator stopped if it was started by framework
2026-04-06 11:38:44.487 [main] INFO  com.mobile.framework.reports.ExtentReportManager - Flushing Extent Reports...
2026-04-06 11:38:44.760 [main] INFO  com.mobile.framework.reports.ExtentReportManager - Extent Reports flushed successfully
2026-04-06 11:38:44.760 [main] INFO  com.mobile.framework.base.BaseTest - Extent reports flushed successfully
2026-04-06 11:46:54.862 [main] INFO  com.mobile.framework.base.BaseTest - Setting up test suite...
2026-04-06 11:46:54.865 [main] INFO  com.mobile.framework.base.BaseTest - Execution type is LOCAL. Initiating local dependencies.
2026-04-06 11:46:54.865 [main] INFO  com.mobile.framework.utilities.EmulatorManager - Starting ADB server...
2026-04-06 11:46:54.874 [main] INFO  com.mobile.framework.utilities.EmulatorManager - ADB server started successfully
2026-04-06 11:46:54.875 [main] INFO  com.mobile.framework.base.BaseTest - ADB server started successfully
2026-04-06 11:46:54.877 [main] INFO  com.mobile.framework.base.BaseTest - No device connected, starting emulator...
2026-04-06 11:46:54.878 [main] INFO  com.mobile.framework.utilities.EmulatorManager - Starting Android emulator: Pixel_9_Pro_API_33 on port: 5554
2026-04-06 11:46:54.879 [main] INFO  com.mobile.framework.utilities.EmulatorManager - Waiting for emulator to boot...
2026-04-06 11:47:24.915 [main] INFO  com.mobile.framework.utilities.EmulatorManager - Emulator is ready for use
2026-04-06 11:47:24.916 [main] INFO  com.mobile.framework.utilities.EmulatorManager - Emulator started successfully: Pixel_9_Pro_API_33 on port: 5554
2026-04-06 11:47:24.918 [main] INFO  com.mobile.framework.drivers.AppiumServerManager - Starting Appium Server...
2026-04-06 11:47:25.043 [main] INFO  com.mobile.framework.base.BaseTest - Setting up test method...
2026-04-06 11:47:25.079 [main] INFO  com.mobile.framework.drivers.DriverFactory - Initializing Appium Driver for null...
2026-04-06 11:47:25.201 [main] INFO  com.mobile.framework.base.BaseTest - Tearing down test method...
2026-04-06 11:47:25.202 [main] INFO  com.mobile.framework.drivers.DriverFactory - Quitting Appium Driver...
2026-04-06 11:47:25.202 [main] WARN  com.mobile.framework.drivers.DriverFactory - No driver instance found to quit
2026-04-06 11:47:25.202 [main] INFO  com.mobile.framework.base.BaseTest - Driver quit successfully
2026-04-06 11:47:25.205 [main] INFO  com.mobile.framework.base.BaseTest - Setting up test method...
2026-04-06 11:47:25.205 [main] INFO  com.mobile.framework.drivers.DriverFactory - Initializing Appium Driver for null...
2026-04-06 11:47:25.211 [main] INFO  com.mobile.framework.base.BaseTest - Tearing down test method...
2026-04-06 11:47:25.211 [main] INFO  com.mobile.framework.drivers.DriverFactory - Quitting Appium Driver...
2026-04-06 11:47:25.211 [main] WARN  com.mobile.framework.drivers.DriverFactory - No driver instance found to quit
2026-04-06 11:47:25.211 [main] INFO  com.mobile.framework.base.BaseTest - Driver quit successfully
2026-04-06 11:47:25.214 [main] INFO  com.mobile.framework.base.BaseTest - Setting up test method...
2026-04-06 11:47:25.214 [main] INFO  com.mobile.framework.drivers.DriverFactory - Initializing Appium Driver for null...
2026-04-06 11:47:25.221 [main] INFO  com.mobile.framework.base.BaseTest - Tearing down test method...
2026-04-06 11:47:25.221 [main] INFO  com.mobile.framework.drivers.DriverFactory - Quitting Appium Driver...
2026-04-06 11:47:25.221 [main] WARN  com.mobile.framework.drivers.DriverFactory - No driver instance found to quit
2026-04-06 11:47:25.221 [main] INFO  com.mobile.framework.base.BaseTest - Driver quit successfully
2026-04-06 11:47:25.223 [main] INFO  com.mobile.framework.base.BaseTest - Setting up test method...
2026-04-06 11:47:25.224 [main] INFO  com.mobile.framework.drivers.DriverFactory - Initializing Appium Driver for null...
2026-04-06 11:47:25.228 [main] INFO  com.mobile.framework.base.BaseTest - Tearing down test method...
2026-04-06 11:47:25.228 [main] INFO  com.mobile.framework.drivers.DriverFactory - Quitting Appium Driver...
2026-04-06 11:47:25.229 [main] WARN  com.mobile.framework.drivers.DriverFactory - No driver instance found to quit
2026-04-06 11:47:25.229 [main] INFO  com.mobile.framework.base.BaseTest - Driver quit successfully
2026-04-06 11:47:25.231 [main] INFO  com.mobile.framework.base.BaseTest - Setting up test method...
2026-04-06 11:47:25.231 [main] INFO  com.mobile.framework.drivers.DriverFactory - Initializing Appium Driver for null...
2026-04-06 11:47:25.235 [main] INFO  com.mobile.framework.base.BaseTest - Tearing down test method...
2026-04-06 11:47:25.235 [main] INFO  com.mobile.framework.drivers.DriverFactory - Quitting Appium Driver...
2026-04-06 11:47:25.236 [main] WARN  com.mobile.framework.drivers.DriverFactory - No driver instance found to quit
2026-04-06 11:47:25.236 [main] INFO  com.mobile.framework.base.BaseTest - Driver quit successfully
2026-04-06 11:47:25.238 [main] INFO  com.mobile.framework.base.BaseTest - Setting up test method...
2026-04-06 11:47:25.238 [main] INFO  com.mobile.framework.drivers.DriverFactory - Initializing Appium Driver for null...
2026-04-06 11:47:25.243 [main] INFO  com.mobile.framework.base.BaseTest - Tearing down test method...
2026-04-06 11:47:25.243 [main] INFO  com.mobile.framework.drivers.DriverFactory - Quitting Appium Driver...
2026-04-06 11:47:25.243 [main] WARN  com.mobile.framework.drivers.DriverFactory - No driver instance found to quit
2026-04-06 11:47:25.243 [main] INFO  com.mobile.framework.base.BaseTest - Driver quit successfully
2026-04-06 11:47:25.249 [main] INFO  com.mobile.framework.base.BaseTest - Tearing down test suite...
2026-04-06 11:47:25.249 [main] INFO  com.mobile.framework.drivers.AppiumServerManager - Stopping Appium Server...
2026-04-06 11:47:25.249 [main] WARN  com.mobile.framework.drivers.AppiumServerManager - Appium Server is not running or already stopped
2026-04-06 11:47:25.250 [main] INFO  com.mobile.framework.base.BaseTest - Appium server stopped successfully
2026-04-06 11:47:25.250 [main] INFO  com.mobile.framework.utilities.EmulatorManager - Stopping Android emulator...
2026-04-06 11:47:25.250 [main] INFO  com.mobile.framework.utilities.EmulatorManager - Emulator stopped successfully
2026-04-06 11:47:25.250 [main] INFO  com.mobile.framework.base.BaseTest - Emulator stopped if it was started by framework
2026-04-06 11:47:25.254 [main] INFO  com.mobile.framework.base.BaseTest - Extent reports flushed successfully
2026-04-06 11:47:36.808 [main] INFO  com.mobile.framework.base.BaseTest - Setting up test suite...
2026-04-06 11:47:36.811 [main] INFO  com.mobile.framework.base.BaseTest - Execution type is LOCAL. Initiating local dependencies.
2026-04-06 11:47:36.812 [main] INFO  com.mobile.framework.utilities.EmulatorManager - Starting ADB server...
2026-04-06 11:47:36.824 [main] INFO  com.mobile.framework.utilities.EmulatorManager - ADB server started successfully
2026-04-06 11:47:36.825 [main] INFO  com.mobile.framework.base.BaseTest - ADB server started successfully
2026-04-06 11:47:36.827 [main] INFO  com.mobile.framework.base.BaseTest - No device connected, starting emulator...
2026-04-06 11:47:36.827 [main] INFO  com.mobile.framework.utilities.EmulatorManager - Starting Android emulator: Pixel_9_Pro_API_33 on port: 5554
2026-04-06 11:47:36.828 [main] INFO  com.mobile.framework.utilities.EmulatorManager - Waiting for emulator to boot...
2026-04-06 11:48:16.899 [main] INFO  com.mobile.framework.utilities.EmulatorManager - Waiting for emulator to boot... attempt 1/30
2026-04-06 11:48:26.961 [main] INFO  com.mobile.framework.utilities.EmulatorManager - Waiting for emulator to boot... attempt 2/30
2026-04-06 11:48:27.018 [main] INFO  com.mobile.framework.utilities.EmulatorManager - Emulator is ready for use
2026-04-06 11:48:27.027 [main] INFO  com.mobile.framework.utilities.EmulatorManager - Emulator started successfully: Pixel_9_Pro_API_33 on port: 5554
2026-04-06 11:48:27.034 [main] INFO  com.mobile.framework.drivers.AppiumServerManager - Starting Appium Server...
2026-04-06 11:48:27.278 [main] INFO  com.mobile.framework.base.BaseTest - Setting up test method...
2026-04-06 11:48:27.313 [main] INFO  com.mobile.framework.drivers.DriverFactory - Initializing Appium Driver for null...
2026-04-06 11:48:27.570 [main] INFO  com.mobile.framework.base.BaseTest - Tearing down test method...
2026-04-06 11:48:27.574 [main] INFO  com.mobile.framework.drivers.DriverFactory - Quitting Appium Driver...
2026-04-06 11:48:27.574 [main] WARN  com.mobile.framework.drivers.DriverFactory - No driver instance found to quit
2026-04-06 11:48:27.574 [main] INFO  com.mobile.framework.base.BaseTest - Driver quit successfully
2026-04-06 11:48:27.583 [main] INFO  com.mobile.framework.base.BaseTest - Setting up test method...
2026-04-06 11:48:27.591 [main] INFO  com.mobile.framework.drivers.DriverFactory - Initializing Appium Driver for null...
2026-04-06 11:48:27.603 [main] INFO  com.mobile.framework.base.BaseTest - Tearing down test method...
2026-04-06 11:48:27.605 [main] INFO  com.mobile.framework.drivers.DriverFactory - Quitting Appium Driver...
2026-04-06 11:48:27.606 [main] WARN  com.mobile.framework.drivers.DriverFactory - No driver instance found to quit
2026-04-06 11:48:27.606 [main] INFO  com.mobile.framework.base.BaseTest - Driver quit successfully
2026-04-06 11:48:27.610 [main] INFO  com.mobile.framework.base.BaseTest - Setting up test method...
2026-04-06 11:48:27.612 [main] INFO  com.mobile.framework.drivers.DriverFactory - Initializing Appium Driver for null...
2026-04-06 11:48:27.625 [main] INFO  com.mobile.framework.base.BaseTest - Tearing down test method...
2026-04-06 11:48:27.625 [main] INFO  com.mobile.framework.drivers.DriverFactory - Quitting Appium Driver...
2026-04-06 11:48:27.626 [main] WARN  com.mobile.framework.drivers.DriverFactory - No driver instance found to quit
2026-04-06 11:48:27.626 [main] INFO  com.mobile.framework.base.BaseTest - Driver quit successfully
2026-04-06 11:48:27.632 [main] INFO  com.mobile.framework.base.BaseTest - Setting up test method...
2026-04-06 11:48:27.634 [main] INFO  com.mobile.framework.drivers.DriverFactory - Initializing Appium Driver for null...
2026-04-06 11:48:27.659 [main] INFO  com.mobile.framework.base.BaseTest - Tearing down test method...
2026-04-06 11:48:27.660 [main] INFO  com.mobile.framework.drivers.DriverFactory - Quitting Appium Driver...
2026-04-06 11:48:27.665 [main] WARN  com.mobile.framework.drivers.DriverFactory - No driver instance found to quit
2026-04-06 11:48:27.665 [main] INFO  com.mobile.framework.base.BaseTest - Driver quit successfully
2026-04-06 11:48:27.671 [main] INFO  com.mobile.framework.base.BaseTest - Setting up test method...
2026-04-06 11:48:27.672 [main] INFO  com.mobile.framework.drivers.DriverFactory - Initializing Appium Driver for null...
2026-04-06 11:48:27.687 [main] INFO  com.mobile.framework.base.BaseTest - Tearing down test method...
2026-04-06 11:48:27.690 [main] INFO  com.mobile.framework.drivers.DriverFactory - Quitting Appium Driver...
2026-04-06 11:48:27.690 [main] WARN  com.mobile.framework.drivers.DriverFactory - No driver instance found to quit
2026-04-06 11:48:27.690 [main] INFO  com.mobile.framework.base.BaseTest - Driver quit successfully
2026-04-06 11:48:27.693 [main] INFO  com.mobile.framework.base.BaseTest - Setting up test method...
2026-04-06 11:48:27.693 [main] INFO  com.mobile.framework.drivers.DriverFactory - Initializing Appium Driver for null...
2026-04-06 11:48:27.704 [main] INFO  com.mobile.framework.base.BaseTest - Tearing down test method...
2026-04-06 11:48:27.705 [main] INFO  com.mobile.framework.drivers.DriverFactory - Quitting Appium Driver...
2026-04-06 11:48:27.705 [main] WARN  com.mobile.framework.drivers.DriverFactory - No driver instance found to quit
2026-04-06 11:48:27.705 [main] INFO  com.mobile.framework.base.BaseTest - Driver quit successfully
2026-04-06 11:48:27.740 [main] INFO  com.mobile.framework.base.BaseTest - Tearing down test suite...
2026-04-06 11:48:27.741 [main] INFO  com.mobile.framework.drivers.AppiumServerManager - Stopping Appium Server...
2026-04-06 11:48:27.741 [main] WARN  com.mobile.framework.drivers.AppiumServerManager - Appium Server is not running or already stopped
2026-04-06 11:48:27.742 [main] INFO  com.mobile.framework.base.BaseTest - Appium server stopped successfully
2026-04-06 11:48:27.742 [main] INFO  com.mobile.framework.utilities.EmulatorManager - Stopping Android emulator...
2026-04-06 11:48:27.742 [main] INFO  com.mobile.framework.utilities.EmulatorManager - Emulator stopped successfully
2026-04-06 11:48:27.743 [main] INFO  com.mobile.framework.base.BaseTest - Emulator stopped if it was started by framework
2026-04-06 11:48:27.748 [main] INFO  com.mobile.framework.base.BaseTest - Extent reports flushed successfully
