2025-12-24 01:25:54.908 [main] INFO  com.mobile.framework.base.BaseTest - Setting up test suite...
2025-12-24 01:25:54.964 [main] INFO  com.mobile.framework.drivers.AppiumServerManager - Starting Appium Server...
2025-12-24 01:26:03.281 [main] INFO  com.mobile.framework.base.BaseTest - Setting up test method...
2025-12-24 01:26:03.348 [main] INFO  com.mobile.framework.base.BaseTest - Tearing down test method...
2025-12-24 01:26:03.357 [main] INFO  com.mobile.framework.base.BaseTest - Tearing down test suite...
2025-12-24 01:26:03.357 [main] INFO  com.mobile.framework.drivers.AppiumServerManager - Stopping Appium Server...
2025-12-24 01:26:03.358 [main] WARN  com.mobile.framework.drivers.AppiumServerManager - Appium Server is not running or already stopped
2025-12-24 01:26:03.358 [main] INFO  com.mobile.framework.base.BaseTest - Appium server stopped successfully
2025-12-24 01:26:03.360 [main] INFO  com.mobile.framework.base.BaseTest - Extent reports flushed successfully
2025-12-24 01:27:07.478 [main] INFO  com.mobile.framework.base.BaseTest - Setting up test suite...
2025-12-24 01:27:07.482 [main] INFO  com.mobile.framework.drivers.AppiumServerManager - Starting Appium Server...
2025-12-24 01:27:09.924 [main] INFO  com.mobile.framework.base.BaseTest - Setting up test method...
2025-12-24 01:27:10.047 [main] INFO  com.mobile.framework.base.BaseTest - Tearing down test method...
2025-12-24 01:27:10.057 [main] INFO  com.mobile.framework.base.BaseTest - Setting up test method...
2025-12-24 01:27:10.079 [main] INFO  com.mobile.framework.base.BaseTest - Tearing down test method...
2025-12-24 01:27:10.084 [main] INFO  com.mobile.framework.base.BaseTest - Setting up test method...
2025-12-24 01:27:10.091 [main] INFO  com.mobile.framework.base.BaseTest - Tearing down test method...
2025-12-24 01:27:10.098 [main] INFO  com.mobile.framework.base.BaseTest - Tearing down test suite...
2025-12-24 01:27:10.098 [main] INFO  com.mobile.framework.drivers.AppiumServerManager - Stopping Appium Server...
2025-12-24 01:27:10.098 [main] WARN  com.mobile.framework.drivers.AppiumServerManager - Appium Server is not running or already stopped
2025-12-24 01:27:10.098 [main] INFO  com.mobile.framework.base.BaseTest - Appium server stopped successfully
2025-12-24 01:27:10.101 [main] INFO  com.mobile.framework.base.BaseTest - Extent reports flushed successfully
2025-12-24 01:27:16.852 [main] INFO  com.mobile.framework.base.BaseTest - Setting up test suite...
2025-12-24 01:27:16.859 [main] INFO  com.mobile.framework.drivers.AppiumServerManager - Starting Appium Server...
2025-12-24 01:27:19.523 [main] INFO  com.mobile.framework.base.BaseTest - Setting up test method...
2025-12-24 01:27:19.539 [main] INFO  com.mobile.framework.base.BaseTest - Tearing down test method...
2025-12-24 01:27:19.546 [main] INFO  com.mobile.framework.base.BaseTest - Setting up test method...
2025-12-24 01:27:19.550 [main] INFO  com.mobile.framework.base.BaseTest - Tearing down test method...
2025-12-24 01:27:19.556 [main] INFO  com.mobile.framework.base.BaseTest - Setting up test method...
2025-12-24 01:27:19.582 [main] INFO  com.mobile.framework.base.BaseTest - Tearing down test method...
2025-12-24 01:27:19.591 [main] INFO  com.mobile.framework.base.BaseTest - Tearing down test suite...
2025-12-24 01:27:19.592 [main] INFO  com.mobile.framework.drivers.AppiumServerManager - Stopping Appium Server...
2025-12-24 01:27:19.592 [main] WARN  com.mobile.framework.drivers.AppiumServerManager - Appium Server is not running or already stopped
2025-12-24 01:27:19.592 [main] INFO  com.mobile.framework.base.BaseTest - Appium server stopped successfully
2025-12-24 01:27:19.596 [main] INFO  com.mobile.framework.base.BaseTest - Extent reports flushed successfully
2025-12-24 01:32:59.448 [main] INFO  com.mobile.framework.base.BaseTest - Setting up test suite...
2025-12-24 01:32:59.455 [main] INFO  com.mobile.framework.drivers.AppiumServerManager - Starting Appium Server...
2025-12-24 01:33:03.300 [main] INFO  com.mobile.framework.base.BaseTest - Setting up test method...
2025-12-24 01:33:03.317 [main] INFO  com.mobile.framework.base.BaseTest - Tearing down test method...
2025-12-24 01:33:03.326 [main] INFO  com.mobile.framework.base.BaseTest - Tearing down test suite...
2025-12-24 01:33:03.326 [main] INFO  com.mobile.framework.drivers.AppiumServerManager - Stopping Appium Server...
2025-12-24 01:33:03.326 [main] WARN  com.mobile.framework.drivers.AppiumServerManager - Appium Server is not running or already stopped
2025-12-24 01:33:03.326 [main] INFO  com.mobile.framework.base.BaseTest - Appium server stopped successfully
2025-12-24 01:33:03.327 [main] INFO  com.mobile.framework.base.BaseTest - Extent reports flushed successfully
2025-12-24 01:36:20.610 [main] INFO  com.mobile.framework.base.BaseTest - Setting up test suite...
2025-12-24 01:36:20.614 [main] INFO  com.mobile.framework.drivers.AppiumServerManager - Starting Appium Server...
2025-12-24 01:36:22.967 [main] INFO  com.mobile.framework.base.BaseTest - Setting up test method...
2025-12-24 01:36:23.020 [main] INFO  com.mobile.framework.base.BaseTest - Tearing down test method...
2025-12-24 01:36:23.027 [main] INFO  com.mobile.framework.base.BaseTest - Tearing down test suite...
2025-12-24 01:36:23.027 [main] INFO  com.mobile.framework.drivers.AppiumServerManager - Stopping Appium Server...
2025-12-24 01:36:23.028 [main] WARN  com.mobile.framework.drivers.AppiumServerManager - Appium Server is not running or already stopped
2025-12-24 01:36:23.028 [main] INFO  com.mobile.framework.base.BaseTest - Appium server stopped successfully
2025-12-24 01:36:23.029 [main] INFO  com.mobile.framework.base.BaseTest - Extent reports flushed successfully
2025-12-24 01:46:53.579 [main] INFO  com.mobile.framework.base.BaseTest - Setting up test suite...
2025-12-24 01:46:53.583 [main] INFO  com.mobile.framework.utilities.EmulatorManager - Starting ADB server...
2025-12-24 01:46:55.818 [main] INFO  com.mobile.framework.utilities.EmulatorManager - ADB server started successfully
2025-12-24 01:46:55.818 [main] INFO  com.mobile.framework.base.BaseTest - ADB server started successfully
2025-12-24 01:46:55.865 [main] INFO  com.mobile.framework.base.BaseTest - No device connected, starting emulator...
2025-12-24 01:46:55.865 [main] INFO  com.mobile.framework.utilities.EmulatorManager - Starting Android emulator: Nexus_5X_API_30 on port: 5554
2025-12-24 01:46:55.876 [main] ERROR com.mobile.framework.utilities.EmulatorManager - Failed to start emulator: Cannot run program "emulator": CreateProcess error=2, The system cannot find the file specified
2025-12-24 01:46:55.877 [main] INFO  com.mobile.framework.drivers.AppiumServerManager - Starting Appium Server...
2025-12-24 01:46:59.262 [main] INFO  com.mobile.framework.base.BaseTest - Setting up test method...
2025-12-24 01:46:59.285 [main] INFO  com.mobile.framework.base.BaseTest - Tearing down test method...
2025-12-24 01:46:59.295 [main] INFO  com.mobile.framework.base.BaseTest - Tearing down test suite...
2025-12-24 01:46:59.296 [main] INFO  com.mobile.framework.drivers.AppiumServerManager - Stopping Appium Server...
2025-12-24 01:46:59.296 [main] WARN  com.mobile.framework.drivers.AppiumServerManager - Appium Server is not running or already stopped
2025-12-24 01:46:59.296 [main] INFO  com.mobile.framework.base.BaseTest - Appium server stopped successfully
2025-12-24 01:46:59.296 [main] INFO  com.mobile.framework.utilities.EmulatorManager - Stopping Android emulator...
2025-12-24 01:46:59.296 [main] INFO  com.mobile.framework.utilities.EmulatorManager - No emulator process to stop
2025-12-24 01:46:59.297 [main] INFO  com.mobile.framework.base.BaseTest - Emulator stopped if it was started by framework
2025-12-24 01:46:59.297 [main] INFO  com.mobile.framework.base.BaseTest - Extent reports flushed successfully
2025-12-24 01:54:17.733 [main] INFO  com.mobile.framework.base.BaseTest - Setting up test suite...
2025-12-24 01:54:17.737 [main] INFO  com.mobile.framework.utilities.EmulatorManager - Starting ADB server...
2025-12-24 01:54:17.827 [main] INFO  com.mobile.framework.utilities.EmulatorManager - ADB server started successfully
2025-12-24 01:54:17.828 [main] INFO  com.mobile.framework.base.BaseTest - ADB server started successfully
2025-12-24 01:54:17.873 [main] INFO  com.mobile.framework.base.BaseTest - No device connected, starting emulator...
2025-12-24 01:54:17.873 [main] INFO  com.mobile.framework.utilities.EmulatorManager - Starting Android emulator: Nexus_5X_API_30 on port: 5554
2025-12-24 01:54:17.886 [main] ERROR com.mobile.framework.utilities.EmulatorManager - Failed to start emulator: Cannot run program "emulator": CreateProcess error=2, The system cannot find the file specified
2025-12-24 01:54:17.888 [main] INFO  com.mobile.framework.drivers.AppiumServerManager - Starting Appium Server...
2025-12-24 01:54:28.346 [main] INFO  com.mobile.framework.drivers.AppiumServerManager - Appium Server started successfully on 127.0.0.1:4723
2025-12-24 01:54:28.347 [main] INFO  com.mobile.framework.base.BaseTest - Appium server started successfully
2025-12-24 01:54:28.391 [main] INFO  com.mobile.framework.base.BaseTest - Setting up test method...
2025-12-24 01:54:28.441 [main] INFO  com.mobile.framework.base.BaseTest - Tearing down test method...
2025-12-24 01:54:28.457 [main] INFO  com.mobile.framework.base.BaseTest - Tearing down test suite...
2025-12-24 01:54:28.458 [main] INFO  com.mobile.framework.drivers.AppiumServerManager - Stopping Appium Server...
2025-12-24 01:54:28.477 [main] INFO  com.mobile.framework.drivers.AppiumServerManager - Appium Server stopped successfully
2025-12-24 01:54:28.477 [main] INFO  com.mobile.framework.base.BaseTest - Appium server stopped successfully
2025-12-24 01:54:28.478 [main] INFO  com.mobile.framework.utilities.EmulatorManager - Stopping Android emulator...
2025-12-24 01:54:28.478 [main] INFO  com.mobile.framework.utilities.EmulatorManager - No emulator process to stop
2025-12-24 01:54:28.478 [main] INFO  com.mobile.framework.base.BaseTest - Emulator stopped if it was started by framework
2025-12-24 01:54:28.480 [main] INFO  com.mobile.framework.base.BaseTest - Extent reports flushed successfully
2025-12-24 01:59:17.826 [com.mobile.framework.Main.main()] INFO  com.mobile.framework.Main - Flutter Mobile Automation Framework Demo
2025-12-24 01:59:17.833 [com.mobile.framework.Main.main()] INFO  com.mobile.framework.Main - =====================================
2025-12-24 01:59:17.835 [com.mobile.framework.Main.main()] INFO  com.mobile.framework.Main - App path from config: C:/Users/ASUS/Downloads/automation.apk
2025-12-24 01:59:17.837 [com.mobile.framework.Main.main()] INFO  com.mobile.framework.Main - Android device name from config: Android Emulator
2025-12-24 01:59:17.837 [com.mobile.framework.Main.main()] INFO  com.mobile.framework.Main - Framework structure verified successfully!
2025-12-24 01:59:17.838 [com.mobile.framework.Main.main()] INFO  com.mobile.framework.Main - To run actual tests:
2025-12-24 01:59:17.838 [com.mobile.framework.Main.main()] INFO  com.mobile.framework.Main - 1. Update config.properties with your app and device details
2025-12-24 01:59:17.839 [com.mobile.framework.Main.main()] INFO  com.mobile.framework.Main - 2. Connect an Android device or start an emulator
2025-12-24 01:59:17.839 [com.mobile.framework.Main.main()] INFO  com.mobile.framework.Main - 3. Run 'mvn test' command
