2026-03-24 19:01:04.456 [main] INFO  com.mobile.framework.base.BaseTest - Setting up test suite...
2026-03-24 19:01:04.461 [main] INFO  com.mobile.framework.utilities.EmulatorManager - Starting ADB server...
2026-03-24 19:01:04.469 [main] INFO  com.mobile.framework.utilities.EmulatorManager - ADB server started successfully
2026-03-24 19:01:04.469 [main] INFO  com.mobile.framework.base.BaseTest - ADB server started successfully
2026-03-24 19:01:04.472 [main] INFO  com.mobile.framework.base.BaseTest - No device connected, starting emulator...
2026-03-24 19:01:04.474 [main] INFO  com.mobile.framework.utilities.EmulatorManager - Starting Android emulator: Pixel_9_Pro_API_33 on port: 5554
2026-03-24 19:01:04.477 [main] INFO  com.mobile.framework.utilities.EmulatorManager - Waiting for emulator to boot...
2026-03-24 19:01:34.731 [main] INFO  com.mobile.framework.utilities.EmulatorManager - Emulator is ready for use
2026-03-24 19:01:34.742 [main] INFO  com.mobile.framework.utilities.EmulatorManager - Emulator started successfully: Pixel_9_Pro_API_33 on port: 5554
2026-03-24 19:01:34.798 [main] INFO  com.mobile.framework.drivers.AppiumServerManager - Starting Appium Server...
2026-03-24 19:01:35.129 [main] INFO  com.mobile.framework.base.BaseTest - Setting up test method...
2026-03-24 19:01:35.189 [main] INFO  com.mobile.framework.drivers.DriverFactory - Initializing Appium Driver...
2026-03-24 19:01:38.745 [main] INFO  com.mobile.framework.base.BaseTest - Tearing down test method...
2026-03-24 19:01:38.755 [main] INFO  com.mobile.framework.drivers.DriverFactory - Quitting Appium Driver...
2026-03-24 19:01:38.756 [main] WARN  com.mobile.framework.drivers.DriverFactory - No driver instance found to quit
2026-03-24 19:01:38.756 [main] INFO  com.mobile.framework.base.BaseTest - Driver quit successfully
2026-03-24 19:01:39.030 [main] INFO  com.mobile.framework.base.BaseTest - Tearing down test suite...
2026-03-24 19:01:39.030 [main] INFO  com.mobile.framework.drivers.AppiumServerManager - Stopping Appium Server...
2026-03-24 19:01:39.030 [main] WARN  com.mobile.framework.drivers.AppiumServerManager - Appium Server is not running or already stopped
2026-03-24 19:01:39.030 [main] INFO  com.mobile.framework.base.BaseTest - Appium server stopped successfully
2026-03-24 19:01:39.030 [main] INFO  com.mobile.framework.utilities.EmulatorManager - Stopping Android emulator...
2026-03-24 19:01:39.056 [main] INFO  com.mobile.framework.utilities.EmulatorManager - Emulator stopped successfully
2026-03-24 19:01:39.057 [main] INFO  com.mobile.framework.base.BaseTest - Emulator stopped if it was started by framework
2026-03-24 19:01:39.067 [main] INFO  com.mobile.framework.base.BaseTest - Extent reports flushed successfully
2026-03-24 19:03:41.882 [main] INFO  com.mobile.framework.base.BaseTest - Setting up test suite...
2026-03-24 19:03:41.884 [main] INFO  com.mobile.framework.utilities.EmulatorManager - Starting ADB server...
2026-03-24 19:03:41.901 [main] INFO  com.mobile.framework.utilities.EmulatorManager - ADB server started successfully
2026-03-24 19:03:41.901 [main] INFO  com.mobile.framework.base.BaseTest - ADB server started successfully
2026-03-24 19:03:41.904 [main] INFO  com.mobile.framework.base.BaseTest - No device connected, starting emulator...
2026-03-24 19:03:41.904 [main] INFO  com.mobile.framework.utilities.EmulatorManager - Starting Android emulator: Pixel_9_Pro_API_33 on port: 5554
2026-03-24 19:03:41.907 [main] INFO  com.mobile.framework.utilities.EmulatorManager - Waiting for emulator to boot...
2026-03-24 19:04:11.988 [main] INFO  com.mobile.framework.utilities.EmulatorManager - Emulator is ready for use
2026-03-24 19:04:11.990 [main] INFO  com.mobile.framework.utilities.EmulatorManager - Emulator started successfully: Pixel_9_Pro_API_33 on port: 5554
2026-03-24 19:04:11.997 [main] INFO  com.mobile.framework.drivers.AppiumServerManager - Starting Appium Server...
2026-03-24 19:04:12.230 [main] INFO  com.mobile.framework.base.BaseTest - Setting up test method...
2026-03-24 19:04:12.306 [main] INFO  com.mobile.framework.drivers.DriverFactory - Initializing Appium Driver...
2026-03-24 19:04:12.680 [main] INFO  com.mobile.framework.base.BaseTest - Tearing down test method...
2026-03-24 19:04:12.682 [main] INFO  com.mobile.framework.drivers.DriverFactory - Quitting Appium Driver...
2026-03-24 19:04:12.682 [main] WARN  com.mobile.framework.drivers.DriverFactory - No driver instance found to quit
2026-03-24 19:04:12.683 [main] INFO  com.mobile.framework.base.BaseTest - Driver quit successfully
2026-03-24 19:04:12.706 [main] INFO  com.mobile.framework.base.BaseTest - Tearing down test suite...
2026-03-24 19:04:12.709 [main] INFO  com.mobile.framework.drivers.AppiumServerManager - Stopping Appium Server...
2026-03-24 19:04:12.712 [main] WARN  com.mobile.framework.drivers.AppiumServerManager - Appium Server is not running or already stopped
2026-03-24 19:04:12.712 [main] INFO  com.mobile.framework.base.BaseTest - Appium server stopped successfully
2026-03-24 19:04:12.712 [main] INFO  com.mobile.framework.utilities.EmulatorManager - Stopping Android emulator...
2026-03-24 19:04:12.713 [main] INFO  com.mobile.framework.utilities.EmulatorManager - Emulator stopped successfully
2026-03-24 19:04:12.713 [main] INFO  com.mobile.framework.base.BaseTest - Emulator stopped if it was started by framework
2026-03-24 19:04:12.716 [main] INFO  com.mobile.framework.base.BaseTest - Extent reports flushed successfully
2026-03-24 19:29:19.554 [main] INFO  com.mobile.framework.base.BaseTest - Setting up test suite...
2026-03-24 19:29:19.556 [main] INFO  com.mobile.framework.base.BaseTest - Execution type is LOCAL. Initiating local dependencies.
2026-03-24 19:29:19.556 [main] INFO  com.mobile.framework.utilities.EmulatorManager - Starting ADB server...
2026-03-24 19:29:19.564 [main] INFO  com.mobile.framework.utilities.EmulatorManager - ADB server started successfully
2026-03-24 19:29:19.564 [main] INFO  com.mobile.framework.base.BaseTest - ADB server started successfully
2026-03-24 19:29:19.568 [main] INFO  com.mobile.framework.base.BaseTest - No device connected, starting emulator...
2026-03-24 19:29:19.568 [main] INFO  com.mobile.framework.utilities.EmulatorManager - Starting Android emulator: Pixel_9_Pro_API_33 on port: 5554
2026-03-24 19:29:19.570 [main] INFO  com.mobile.framework.utilities.EmulatorManager - Waiting for emulator to boot...
2026-03-24 19:29:49.893 [main] INFO  com.mobile.framework.utilities.EmulatorManager - Emulator is ready for use
2026-03-24 19:29:49.941 [main] INFO  com.mobile.framework.utilities.EmulatorManager - Emulator started successfully: Pixel_9_Pro_API_33 on port: 5554
2026-03-24 19:29:50.085 [main] INFO  com.mobile.framework.drivers.AppiumServerManager - Starting Appium Server...
2026-03-24 19:32:25.722 [main] INFO  com.mobile.framework.drivers.AppiumServerManager - Appium Server started successfully on 127.0.0.1:4723
2026-03-24 19:32:25.723 [main] INFO  com.mobile.framework.base.BaseTest - Appium server started successfully
2026-03-24 19:32:25.767 [TestNG-tests-2] INFO  com.mobile.framework.base.BaseTest - Setting up test method...
2026-03-24 19:32:25.768 [TestNG-tests-1] INFO  com.mobile.framework.base.BaseTest - Setting up test method...
2026-03-24 19:32:25.789 [TestNG-tests-2] INFO  com.mobile.framework.drivers.DriverFactory - Initializing Appium Driver for Google Pixel 7...
2026-03-24 19:32:25.789 [TestNG-tests-1] INFO  com.mobile.framework.drivers.DriverFactory - Initializing Appium Driver for Samsung Galaxy S23...
