2025-12-24 01:25:54.908 [main] INFO  com.mobile.framework.base.BaseTest - Setting up test suite...
2025-12-24 01:25:54.964 [main] INFO  com.mobile.framework.drivers.AppiumServerManager - Starting Appium Server...
2025-12-24 01:26:03.281 [main] INFO  com.mobile.framework.base.BaseTest - Setting up test method...
2025-12-24 01:26:03.348 [main] INFO  com.mobile.framework.base.BaseTest - Tearing down test method...
2025-12-24 01:26:03.357 [main] INFO  com.mobile.framework.base.BaseTest - Tearing down test suite...
2025-12-24 01:26:03.357 [main] INFO  com.mobile.framework.drivers.AppiumServerManager - Stopping Appium Server...
2025-12-24 01:26:03.358 [main] WARN  com.mobile.framework.drivers.AppiumServerManager - Appium Server is not running or already stopped
2025-12-24 01:26:03.358 [main] INFO  com.mobile.framework.base.BaseTest - Appium server stopped successfully
2025-12-24 01:26:03.360 [main] INFO  com.mobile.framework.base.BaseTest - Extent reports flushed successfully
2025-12-24 01:27:07.478 [main] INFO  com.mobile.framework.base.BaseTest - Setting up test suite...
2025-12-24 01:27:07.482 [main] INFO  com.mobile.framework.drivers.AppiumServerManager - Starting Appium Server...
2025-12-24 01:27:09.924 [main] INFO  com.mobile.framework.base.BaseTest - Setting up test method...
2025-12-24 01:27:10.047 [main] INFO  com.mobile.framework.base.BaseTest - Tearing down test method...
2025-12-24 01:27:10.057 [main] INFO  com.mobile.framework.base.BaseTest - Setting up test method...
2025-12-24 01:27:10.079 [main] INFO  com.mobile.framework.base.BaseTest - Tearing down test method...
2025-12-24 01:27:10.084 [main] INFO  com.mobile.framework.base.BaseTest - Setting up test method...
2025-12-24 01:27:10.091 [main] INFO  com.mobile.framework.base.BaseTest - Tearing down test method...
2025-12-24 01:27:10.098 [main] INFO  com.mobile.framework.base.BaseTest - Tearing down test suite...
2025-12-24 01:27:10.098 [main] INFO  com.mobile.framework.drivers.AppiumServerManager - Stopping Appium Server...
2025-12-24 01:27:10.098 [main] WARN  com.mobile.framework.drivers.AppiumServerManager - Appium Server is not running or already stopped
2025-12-24 01:27:10.098 [main] INFO  com.mobile.framework.base.BaseTest - Appium server stopped successfully
2025-12-24 01:27:10.101 [main] INFO  com.mobile.framework.base.BaseTest - Extent reports flushed successfully
2025-12-24 01:27:16.852 [main] INFO  com.mobile.framework.base.BaseTest - Setting up test suite...
2025-12-24 01:27:16.859 [main] INFO  com.mobile.framework.drivers.AppiumServerManager - Starting Appium Server...
2025-12-24 01:27:19.523 [main] INFO  com.mobile.framework.base.BaseTest - Setting up test method...
2025-12-24 01:27:19.539 [main] INFO  com.mobile.framework.base.BaseTest - Tearing down test method...
2025-12-24 01:27:19.546 [main] INFO  com.mobile.framework.base.BaseTest - Setting up test method...
2025-12-24 01:27:19.550 [main] INFO  com.mobile.framework.base.BaseTest - Tearing down test method...
2025-12-24 01:27:19.556 [main] INFO  com.mobile.framework.base.BaseTest - Setting up test method...
2025-12-24 01:27:19.582 [main] INFO  com.mobile.framework.base.BaseTest - Tearing down test method...
2025-12-24 01:27:19.591 [main] INFO  com.mobile.framework.base.BaseTest - Tearing down test suite...
2025-12-24 01:27:19.592 [main] INFO  com.mobile.framework.drivers.AppiumServerManager - Stopping Appium Server...
2025-12-24 01:27:19.592 [main] WARN  com.mobile.framework.drivers.AppiumServerManager - Appium Server is not running or already stopped
2025-12-24 01:27:19.592 [main] INFO  com.mobile.framework.base.BaseTest - Appium server stopped successfully
2025-12-24 01:27:19.596 [main] INFO  com.mobile.framework.base.BaseTest - Extent reports flushed successfully
2025-12-24 01:32:59.448 [main] INFO  com.mobile.framework.base.BaseTest - Setting up test suite...
2025-12-24 01:32:59.455 [main] INFO  com.mobile.framework.drivers.AppiumServerManager - Starting Appium Server...
2025-12-24 01:33:03.300 [main] INFO  com.mobile.framework.base.BaseTest - Setting up test method...
2025-12-24 01:33:03.317 [main] INFO  com.mobile.framework.base.BaseTest - Tearing down test method...
2025-12-24 01:33:03.326 [main] INFO  com.mobile.framework.base.BaseTest - Tearing down test suite...
2025-12-24 01:33:03.326 [main] INFO  com.mobile.framework.drivers.AppiumServerManager - Stopping Appium Server...
2025-12-24 01:33:03.326 [main] WARN  com.mobile.framework.drivers.AppiumServerManager - Appium Server is not running or already stopped
2025-12-24 01:33:03.326 [main] INFO  com.mobile.framework.base.BaseTest - Appium server stopped successfully
2025-12-24 01:33:03.327 [main] INFO  com.mobile.framework.base.BaseTest - Extent reports flushed successfully
2025-12-24 01:36:20.610 [main] INFO  com.mobile.framework.base.BaseTest - Setting up test suite...
2025-12-24 01:36:20.614 [main] INFO  com.mobile.framework.drivers.AppiumServerManager - Starting Appium Server...
2025-12-24 01:36:22.967 [main] INFO  com.mobile.framework.base.BaseTest - Setting up test method...
2025-12-24 01:36:23.020 [main] INFO  com.mobile.framework.base.BaseTest - Tearing down test method...
2025-12-24 01:36:23.027 [main] INFO  com.mobile.framework.base.BaseTest - Tearing down test suite...
2025-12-24 01:36:23.027 [main] INFO  com.mobile.framework.drivers.AppiumServerManager - Stopping Appium Server...
2025-12-24 01:36:23.028 [main] WARN  com.mobile.framework.drivers.AppiumServerManager - Appium Server is not running or already stopped
2025-12-24 01:36:23.028 [main] INFO  com.mobile.framework.base.BaseTest - Appium server stopped successfully
2025-12-24 01:36:23.029 [main] INFO  com.mobile.framework.base.BaseTest - Extent reports flushed successfully
2025-12-24 01:46:53.579 [main] INFO  com.mobile.framework.base.BaseTest - Setting up test suite...
2025-12-24 01:46:53.583 [main] INFO  com.mobile.framework.utilities.EmulatorManager - Starting ADB server...
2025-12-24 01:46:55.818 [main] INFO  com.mobile.framework.utilities.EmulatorManager - ADB server started successfully
2025-12-24 01:46:55.818 [main] INFO  com.mobile.framework.base.BaseTest - ADB server started successfully
2025-12-24 01:46:55.865 [main] INFO  com.mobile.framework.base.BaseTest - No device connected, starting emulator...
2025-12-24 01:46:55.865 [main] INFO  com.mobile.framework.utilities.EmulatorManager - Starting Android emulator: Nexus_5X_API_30 on port: 5554
2025-12-24 01:46:55.876 [main] ERROR com.mobile.framework.utilities.EmulatorManager - Failed to start emulator: Cannot run program "emulator": CreateProcess error=2, The system cannot find the file specified
2025-12-24 01:46:55.877 [main] INFO  com.mobile.framework.drivers.AppiumServerManager - Starting Appium Server...
2025-12-24 01:46:59.262 [main] INFO  com.mobile.framework.base.BaseTest - Setting up test method...
2025-12-24 01:46:59.285 [main] INFO  com.mobile.framework.base.BaseTest - Tearing down test method...
2025-12-24 01:46:59.295 [main] INFO  com.mobile.framework.base.BaseTest - Tearing down test suite...
2025-12-24 01:46:59.296 [main] INFO  com.mobile.framework.drivers.AppiumServerManager - Stopping Appium Server...
2025-12-24 01:46:59.296 [main] WARN  com.mobile.framework.drivers.AppiumServerManager - Appium Server is not running or already stopped
2025-12-24 01:46:59.296 [main] INFO  com.mobile.framework.base.BaseTest - Appium server stopped successfully
2025-12-24 01:46:59.296 [main] INFO  com.mobile.framework.utilities.EmulatorManager - Stopping Android emulator...
2025-12-24 01:46:59.296 [main] INFO  com.mobile.framework.utilities.EmulatorManager - No emulator process to stop
2025-12-24 01:46:59.297 [main] INFO  com.mobile.framework.base.BaseTest - Emulator stopped if it was started by framework
2025-12-24 01:46:59.297 [main] INFO  com.mobile.framework.base.BaseTest - Extent reports flushed successfully
2025-12-24 01:54:17.733 [main] INFO  com.mobile.framework.base.BaseTest - Setting up test suite...
2025-12-24 01:54:17.737 [main] INFO  com.mobile.framework.utilities.EmulatorManager - Starting ADB server...
2025-12-24 01:54:17.827 [main] INFO  com.mobile.framework.utilities.EmulatorManager - ADB server started successfully
2025-12-24 01:54:17.828 [main] INFO  com.mobile.framework.base.BaseTest - ADB server started successfully
2025-12-24 01:54:17.873 [main] INFO  com.mobile.framework.base.BaseTest - No device connected, starting emulator...
2025-12-24 01:54:17.873 [main] INFO  com.mobile.framework.utilities.EmulatorManager - Starting Android emulator: Nexus_5X_API_30 on port: 5554
2025-12-24 01:54:17.886 [main] ERROR com.mobile.framework.utilities.EmulatorManager - Failed to start emulator: Cannot run program "emulator": CreateProcess error=2, The system cannot find the file specified
2025-12-24 01:54:17.888 [main] INFO  com.mobile.framework.drivers.AppiumServerManager - Starting Appium Server...
2025-12-24 01:54:28.346 [main] INFO  com.mobile.framework.drivers.AppiumServerManager - Appium Server started successfully on 127.0.0.1:4723
2025-12-24 01:54:28.347 [main] INFO  com.mobile.framework.base.BaseTest - Appium server started successfully
2025-12-24 01:54:28.391 [main] INFO  com.mobile.framework.base.BaseTest - Setting up test method...
2025-12-24 01:54:28.441 [main] INFO  com.mobile.framework.base.BaseTest - Tearing down test method...
2025-12-24 01:54:28.457 [main] INFO  com.mobile.framework.base.BaseTest - Tearing down test suite...
2025-12-24 01:54:28.458 [main] INFO  com.mobile.framework.drivers.AppiumServerManager - Stopping Appium Server...
2025-12-24 01:54:28.477 [main] INFO  com.mobile.framework.drivers.AppiumServerManager - Appium Server stopped successfully
2025-12-24 01:54:28.477 [main] INFO  com.mobile.framework.base.BaseTest - Appium server stopped successfully
2025-12-24 01:54:28.478 [main] INFO  com.mobile.framework.utilities.EmulatorManager - Stopping Android emulator...
2025-12-24 01:54:28.478 [main] INFO  com.mobile.framework.utilities.EmulatorManager - No emulator process to stop
2025-12-24 01:54:28.478 [main] INFO  com.mobile.framework.base.BaseTest - Emulator stopped if it was started by framework
2025-12-24 01:54:28.480 [main] INFO  com.mobile.framework.base.BaseTest - Extent reports flushed successfully
2025-12-24 01:59:17.826 [com.mobile.framework.Main.main()] INFO  com.mobile.framework.Main - Flutter Mobile Automation Framework Demo
2025-12-24 01:59:17.833 [com.mobile.framework.Main.main()] INFO  com.mobile.framework.Main - =====================================
2025-12-24 01:59:17.835 [com.mobile.framework.Main.main()] INFO  com.mobile.framework.Main - App path from config: C:/Users/ASUS/Downloads/automation.apk
2025-12-24 01:59:17.837 [com.mobile.framework.Main.main()] INFO  com.mobile.framework.Main - Android device name from config: Android Emulator
2025-12-24 01:59:17.837 [com.mobile.framework.Main.main()] INFO  com.mobile.framework.Main - Framework structure verified successfully!
2025-12-24 01:59:17.838 [com.mobile.framework.Main.main()] INFO  com.mobile.framework.Main - To run actual tests:
2025-12-24 01:59:17.838 [com.mobile.framework.Main.main()] INFO  com.mobile.framework.Main - 1. Update config.properties with your app and device details
2025-12-24 01:59:17.839 [com.mobile.framework.Main.main()] INFO  com.mobile.framework.Main - 2. Connect an Android device or start an emulator
2025-12-24 01:59:17.839 [com.mobile.framework.Main.main()] INFO  com.mobile.framework.Main - 3. Run 'mvn test' command
2026-02-26 10:25:57.908 [main] INFO  com.mobile.framework.base.BaseTest - Setting up test suite...
2026-02-26 10:25:57.909 [main] INFO  com.mobile.framework.utilities.EmulatorManager - Starting ADB server...
2026-02-26 10:25:58.937 [main] INFO  com.mobile.framework.utilities.EmulatorManager - ADB server started successfully
2026-02-26 10:25:58.937 [main] INFO  com.mobile.framework.base.BaseTest - ADB server started successfully
2026-02-26 10:25:58.940 [main] INFO  com.mobile.framework.base.BaseTest - No device connected, starting emulator...
2026-02-26 10:25:58.941 [main] INFO  com.mobile.framework.utilities.EmulatorManager - Starting Android emulator: Nexus_5X_API_30 on port: 5554
2026-02-26 10:25:58.943 [main] INFO  com.mobile.framework.utilities.EmulatorManager - Waiting for emulator to boot...
2026-02-26 10:27:56.358 [main] INFO  com.mobile.framework.base.BaseTest - Setting up test suite...
2026-02-26 10:27:56.362 [main] INFO  com.mobile.framework.utilities.EmulatorManager - Starting ADB server...
2026-02-26 10:27:56.372 [main] INFO  com.mobile.framework.utilities.EmulatorManager - ADB server started successfully
2026-02-26 10:27:56.372 [main] INFO  com.mobile.framework.base.BaseTest - ADB server started successfully
2026-02-26 10:27:56.375 [main] INFO  com.mobile.framework.base.BaseTest - No device connected, starting emulator...
2026-02-26 10:27:56.375 [main] INFO  com.mobile.framework.utilities.EmulatorManager - Starting Android emulator: Nexus_5X_API_30 on port: 5554
2026-02-26 10:27:56.376 [main] INFO  com.mobile.framework.utilities.EmulatorManager - Waiting for emulator to boot...
2026-02-26 10:31:29.025 [main] WARN  com.mobile.framework.utilities.EmulatorManager - Emulator may not be fully ready, but continuing with test execution
2026-02-26 10:31:29.025 [main] INFO  com.mobile.framework.utilities.EmulatorManager - Emulator started successfully: Nexus_5X_API_30 on port: 5554
2026-02-26 10:31:29.026 [main] INFO  com.mobile.framework.drivers.AppiumServerManager - Starting Appium Server...
2026-02-26 10:31:30.772 [main] ERROR com.mobile.framework.drivers.AppiumServerManager - Appium is not installed or not in PATH. Please install Appium before running tests.
2026-02-26 10:31:30.772 [main] ERROR com.mobile.framework.drivers.AppiumServerManager - Failed to start Appium Server: Appium is not installed or not in PATH
2026-02-26 10:31:30.772 [main] ERROR com.mobile.framework.base.BaseTest - Failed to set up test suite: Failed to start Appium Server
2026-02-26 10:31:30.787 [main] INFO  com.mobile.framework.base.BaseTest - Setting up test method...
2026-02-26 10:31:30.817 [main] INFO  com.mobile.framework.base.BaseTest - Tearing down test method...
2026-02-26 10:31:30.820 [main] INFO  com.mobile.framework.base.BaseTest - Tearing down test suite...
2026-02-26 10:31:30.821 [main] INFO  com.mobile.framework.drivers.AppiumServerManager - Stopping Appium Server...
2026-02-26 10:31:30.821 [main] WARN  com.mobile.framework.drivers.AppiumServerManager - Appium Server is not running or already stopped
2026-02-26 10:31:30.821 [main] INFO  com.mobile.framework.base.BaseTest - Appium server stopped successfully
2026-02-26 10:31:30.821 [main] INFO  com.mobile.framework.utilities.EmulatorManager - Stopping Android emulator...
2026-02-26 10:31:30.821 [main] INFO  com.mobile.framework.utilities.EmulatorManager - No emulator process to stop
2026-02-26 10:31:30.821 [main] INFO  com.mobile.framework.base.BaseTest - Emulator stopped if it was started by framework
2026-02-26 10:31:30.821 [main] INFO  com.mobile.framework.base.BaseTest - Extent reports flushed successfully
2026-02-26 10:33:26.464 [main] WARN  com.mobile.framework.utilities.EmulatorManager - Emulator may not be fully ready, but continuing with test execution
2026-02-26 10:33:26.465 [main] INFO  com.mobile.framework.utilities.EmulatorManager - Emulator started successfully: Nexus_5X_API_30 on port: 5554
2026-02-26 10:33:26.468 [main] INFO  com.mobile.framework.drivers.AppiumServerManager - Starting Appium Server...
2026-02-26 10:33:27.540 [main] INFO  com.mobile.framework.base.BaseTest - Setting up test suite...
2026-02-26 10:33:27.542 [main] INFO  com.mobile.framework.utilities.EmulatorManager - Starting ADB server...
2026-02-26 10:33:27.552 [main] INFO  com.mobile.framework.utilities.EmulatorManager - ADB server started successfully
2026-02-26 10:33:27.552 [main] INFO  com.mobile.framework.base.BaseTest - ADB server started successfully
2026-02-26 10:33:27.555 [main] INFO  com.mobile.framework.base.BaseTest - No device connected, starting emulator...
2026-02-26 10:33:27.556 [main] INFO  com.mobile.framework.utilities.EmulatorManager - Starting Android emulator: Nexus_5X_API_30 on port: 5554
2026-02-26 10:33:27.557 [main] INFO  com.mobile.framework.utilities.EmulatorManager - Waiting for emulator to boot...
2026-02-26 10:33:27.903 [main] ERROR com.mobile.framework.drivers.AppiumServerManager - Appium is not installed or not in PATH. Please install Appium before running tests.
2026-02-26 10:33:27.903 [main] ERROR com.mobile.framework.drivers.AppiumServerManager - Failed to start Appium Server: Appium is not installed or not in PATH
2026-02-26 10:33:27.904 [main] ERROR com.mobile.framework.base.BaseTest - Failed to set up test suite: Failed to start Appium Server
2026-02-26 10:33:27.919 [main] INFO  com.mobile.framework.base.BaseTest - Setting up test method...
2026-02-26 10:33:27.949 [main] INFO  com.mobile.framework.base.BaseTest - Tearing down test method...
2026-02-26 10:33:27.952 [main] INFO  com.mobile.framework.base.BaseTest - Tearing down test suite...
2026-02-26 10:33:27.952 [main] INFO  com.mobile.framework.drivers.AppiumServerManager - Stopping Appium Server...
2026-02-26 10:33:27.952 [main] WARN  com.mobile.framework.drivers.AppiumServerManager - Appium Server is not running or already stopped
2026-02-26 10:33:27.952 [main] INFO  com.mobile.framework.base.BaseTest - Appium server stopped successfully
2026-02-26 10:33:27.953 [main] INFO  com.mobile.framework.utilities.EmulatorManager - Stopping Android emulator...
2026-02-26 10:33:27.953 [main] INFO  com.mobile.framework.utilities.EmulatorManager - No emulator process to stop
2026-02-26 10:33:27.953 [main] INFO  com.mobile.framework.base.BaseTest - Emulator stopped if it was started by framework
2026-02-26 10:33:27.953 [main] INFO  com.mobile.framework.base.BaseTest - Extent reports flushed successfully
2026-02-26 10:37:32.156 [main] INFO  com.mobile.framework.base.BaseTest - Setting up test suite...
2026-02-26 10:37:32.158 [main] INFO  com.mobile.framework.utilities.EmulatorManager - Starting ADB server...
2026-02-26 10:37:32.169 [main] INFO  com.mobile.framework.utilities.EmulatorManager - ADB server started successfully
2026-02-26 10:37:32.169 [main] INFO  com.mobile.framework.base.BaseTest - ADB server started successfully
2026-02-26 10:37:32.172 [main] INFO  com.mobile.framework.base.BaseTest - No device connected, starting emulator...
2026-02-26 10:37:32.172 [main] INFO  com.mobile.framework.utilities.EmulatorManager - Starting Android emulator: Pixel_9_Pro_API_33 on port: 5554
2026-02-26 10:37:32.173 [main] INFO  com.mobile.framework.utilities.EmulatorManager - Waiting for emulator to boot...
2026-02-26 10:37:47.616 [main] INFO  com.mobile.framework.utilities.EmulatorManager - Emulator is ready for use
2026-02-26 10:37:47.618 [main] INFO  com.mobile.framework.utilities.EmulatorManager - Emulator started successfully: Nexus_5X_API_30 on port: 5554
2026-02-26 10:37:47.619 [main] INFO  com.mobile.framework.drivers.AppiumServerManager - Starting Appium Server...
2026-02-26 10:37:49.571 [main] ERROR com.mobile.framework.drivers.AppiumServerManager - Appium is not installed or not in PATH. Please install Appium before running tests.
2026-02-26 10:37:49.571 [main] ERROR com.mobile.framework.drivers.AppiumServerManager - Failed to start Appium Server: Appium is not installed or not in PATH
2026-02-26 10:37:49.572 [main] ERROR com.mobile.framework.base.BaseTest - Failed to set up test suite: Failed to start Appium Server
2026-02-26 10:37:49.602 [main] INFO  com.mobile.framework.base.BaseTest - Setting up test method...
2026-02-26 10:37:49.658 [main] INFO  com.mobile.framework.base.BaseTest - Tearing down test method...
2026-02-26 10:37:49.670 [main] INFO  com.mobile.framework.base.BaseTest - Tearing down test suite...
2026-02-26 10:37:49.670 [main] INFO  com.mobile.framework.drivers.AppiumServerManager - Stopping Appium Server...
2026-02-26 10:37:49.670 [main] WARN  com.mobile.framework.drivers.AppiumServerManager - Appium Server is not running or already stopped
2026-02-26 10:37:49.671 [main] INFO  com.mobile.framework.base.BaseTest - Appium server stopped successfully
2026-02-26 10:37:49.671 [main] INFO  com.mobile.framework.utilities.EmulatorManager - Stopping Android emulator...
2026-02-26 10:37:49.671 [main] INFO  com.mobile.framework.utilities.EmulatorManager - No emulator process to stop
2026-02-26 10:37:49.671 [main] INFO  com.mobile.framework.base.BaseTest - Emulator stopped if it was started by framework
2026-02-26 10:37:49.672 [main] INFO  com.mobile.framework.base.BaseTest - Extent reports flushed successfully
2026-02-26 10:38:02.180 [main] INFO  com.mobile.framework.utilities.EmulatorManager - Emulator is ready for use
2026-02-26 10:38:02.182 [main] INFO  com.mobile.framework.utilities.EmulatorManager - Emulator started successfully: Pixel_9_Pro_API_33 on port: 5554
2026-02-26 10:38:02.185 [main] INFO  com.mobile.framework.drivers.AppiumServerManager - Starting Appium Server...
2026-02-26 10:38:04.863 [main] ERROR com.mobile.framework.drivers.AppiumServerManager - Appium is not installed or not in PATH. Please install Appium before running tests.
2026-02-26 10:38:04.864 [main] ERROR com.mobile.framework.drivers.AppiumServerManager - Failed to start Appium Server: Appium is not installed or not in PATH
2026-02-26 10:38:04.865 [main] ERROR com.mobile.framework.base.BaseTest - Failed to set up test suite: Failed to start Appium Server
2026-02-26 10:38:04.904 [main] INFO  com.mobile.framework.base.BaseTest - Setting up test method...
2026-02-26 10:38:04.964 [main] INFO  com.mobile.framework.base.BaseTest - Tearing down test method...
2026-02-26 10:38:04.973 [main] INFO  com.mobile.framework.base.BaseTest - Tearing down test suite...
2026-02-26 10:38:04.973 [main] INFO  com.mobile.framework.drivers.AppiumServerManager - Stopping Appium Server...
2026-02-26 10:38:04.974 [main] WARN  com.mobile.framework.drivers.AppiumServerManager - Appium Server is not running or already stopped
2026-02-26 10:38:04.974 [main] INFO  com.mobile.framework.base.BaseTest - Appium server stopped successfully
2026-02-26 10:38:04.974 [main] INFO  com.mobile.framework.utilities.EmulatorManager - Stopping Android emulator...
2026-02-26 10:38:04.975 [main] INFO  com.mobile.framework.utilities.EmulatorManager - Emulator stopped successfully
2026-02-26 10:38:04.975 [main] INFO  com.mobile.framework.base.BaseTest - Emulator stopped if it was started by framework
2026-02-26 10:38:04.976 [main] INFO  com.mobile.framework.base.BaseTest - Extent reports flushed successfully
2026-02-26 10:40:37.189 [main] INFO  com.mobile.framework.base.BaseTest - Setting up test suite...
2026-02-26 10:40:37.191 [main] INFO  com.mobile.framework.utilities.EmulatorManager - Starting ADB server...
2026-02-26 10:40:37.204 [main] INFO  com.mobile.framework.utilities.EmulatorManager - ADB server started successfully
2026-02-26 10:40:37.205 [main] INFO  com.mobile.framework.base.BaseTest - ADB server started successfully
2026-02-26 10:40:37.208 [main] INFO  com.mobile.framework.base.BaseTest - No device connected, starting emulator...
2026-02-26 10:40:37.208 [main] INFO  com.mobile.framework.utilities.EmulatorManager - Starting Android emulator: Pixel_9_Pro_API_33 on port: 5554
2026-02-26 10:40:37.211 [main] INFO  com.mobile.framework.utilities.EmulatorManager - Waiting for emulator to boot...
2026-02-26 10:41:07.225 [main] INFO  com.mobile.framework.utilities.EmulatorManager - Emulator is ready for use
2026-02-26 10:41:07.232 [main] INFO  com.mobile.framework.utilities.EmulatorManager - Emulator started successfully: Pixel_9_Pro_API_33 on port: 5554
2026-02-26 10:41:07.243 [main] INFO  com.mobile.framework.drivers.AppiumServerManager - Starting Appium Server...
2026-02-26 10:41:11.492 [main] ERROR com.mobile.framework.drivers.AppiumServerManager - Appium is not installed or not in PATH. Please install Appium before running tests.
2026-02-26 10:41:11.509 [main] ERROR com.mobile.framework.drivers.AppiumServerManager - Failed to start Appium Server: Appium is not installed or not in PATH
2026-02-26 10:41:11.512 [main] ERROR com.mobile.framework.base.BaseTest - Failed to set up test suite: Failed to start Appium Server
2026-02-26 10:41:11.579 [main] INFO  com.mobile.framework.base.BaseTest - Setting up test method...
2026-02-26 10:41:11.803 [main] INFO  com.mobile.framework.base.BaseTest - Tearing down test method...
2026-02-26 10:41:11.839 [main] INFO  com.mobile.framework.base.BaseTest - Tearing down test suite...
2026-02-26 10:41:11.840 [main] INFO  com.mobile.framework.drivers.AppiumServerManager - Stopping Appium Server...
2026-02-26 10:41:11.841 [main] WARN  com.mobile.framework.drivers.AppiumServerManager - Appium Server is not running or already stopped
2026-02-26 10:41:11.841 [main] INFO  com.mobile.framework.base.BaseTest - Appium server stopped successfully
2026-02-26 10:41:11.842 [main] INFO  com.mobile.framework.utilities.EmulatorManager - Stopping Android emulator...
2026-02-26 10:41:11.845 [main] INFO  com.mobile.framework.utilities.EmulatorManager - Emulator stopped successfully
2026-02-26 10:41:11.847 [main] INFO  com.mobile.framework.base.BaseTest - Emulator stopped if it was started by framework
2026-02-26 10:41:11.854 [main] INFO  com.mobile.framework.base.BaseTest - Extent reports flushed successfully
2026-02-26 10:42:52.903 [main] INFO  com.mobile.framework.base.BaseTest - Setting up test suite...
2026-02-26 10:42:52.904 [main] INFO  com.mobile.framework.utilities.EmulatorManager - Starting ADB server...
2026-02-26 10:42:52.916 [main] INFO  com.mobile.framework.utilities.EmulatorManager - ADB server started successfully
2026-02-26 10:42:52.916 [main] INFO  com.mobile.framework.base.BaseTest - ADB server started successfully
2026-02-26 10:42:52.919 [main] INFO  com.mobile.framework.base.BaseTest - No device connected, starting emulator...
2026-02-26 10:42:52.919 [main] INFO  com.mobile.framework.utilities.EmulatorManager - Starting Android emulator: Pixel_9_Pro_API_33 on port: 5554
2026-02-26 10:42:52.920 [main] INFO  com.mobile.framework.utilities.EmulatorManager - Waiting for emulator to boot...
2026-02-26 10:43:22.952 [main] INFO  com.mobile.framework.utilities.EmulatorManager - Emulator is ready for use
2026-02-26 10:43:22.955 [main] INFO  com.mobile.framework.utilities.EmulatorManager - Emulator started successfully: Pixel_9_Pro_API_33 on port: 5554
2026-02-26 10:43:22.956 [main] INFO  com.mobile.framework.drivers.AppiumServerManager - Starting Appium Server...
2026-02-26 10:43:28.159 [main] ERROR com.mobile.framework.drivers.AppiumServerManager - Appium is not installed or not in PATH. Please install Appium before running tests.
2026-02-26 10:43:28.164 [main] ERROR com.mobile.framework.drivers.AppiumServerManager - Failed to start Appium Server: Appium is not installed or not in PATH
2026-02-26 10:43:28.168 [main] ERROR com.mobile.framework.base.BaseTest - Failed to set up test suite: Failed to start Appium Server
2026-02-26 10:43:28.242 [main] INFO  com.mobile.framework.base.BaseTest - Setting up test method...
2026-02-26 10:43:28.394 [main] INFO  com.mobile.framework.base.BaseTest - Tearing down test method...
2026-02-26 10:43:28.420 [main] INFO  com.mobile.framework.base.BaseTest - Tearing down test suite...
2026-02-26 10:43:28.421 [main] INFO  com.mobile.framework.drivers.AppiumServerManager - Stopping Appium Server...
2026-02-26 10:43:28.421 [main] WARN  com.mobile.framework.drivers.AppiumServerManager - Appium Server is not running or already stopped
2026-02-26 10:43:28.421 [main] INFO  com.mobile.framework.base.BaseTest - Appium server stopped successfully
2026-02-26 10:43:28.422 [main] INFO  com.mobile.framework.utilities.EmulatorManager - Stopping Android emulator...
2026-02-26 10:43:28.423 [main] INFO  com.mobile.framework.utilities.EmulatorManager - Emulator stopped successfully
2026-02-26 10:43:28.424 [main] INFO  com.mobile.framework.base.BaseTest - Emulator stopped if it was started by framework
2026-02-26 10:43:28.428 [main] INFO  com.mobile.framework.base.BaseTest - Extent reports flushed successfully
2026-02-26 10:47:58.001 [main] INFO  com.mobile.framework.base.BaseTest - Setting up test suite...
2026-02-26 10:47:58.003 [main] INFO  com.mobile.framework.utilities.EmulatorManager - Starting ADB server...
2026-02-26 10:47:58.009 [main] INFO  com.mobile.framework.utilities.EmulatorManager - ADB server started successfully
2026-02-26 10:47:58.009 [main] INFO  com.mobile.framework.base.BaseTest - ADB server started successfully
2026-02-26 10:47:58.012 [main] INFO  com.mobile.framework.base.BaseTest - No device connected, starting emulator...
2026-02-26 10:47:58.013 [main] INFO  com.mobile.framework.utilities.EmulatorManager - Starting Android emulator: Pixel_9_Pro_API_33 on port: 5554
2026-02-26 10:47:58.014 [main] INFO  com.mobile.framework.utilities.EmulatorManager - Waiting for emulator to boot...
2026-02-26 10:48:28.036 [main] INFO  com.mobile.framework.utilities.EmulatorManager - Emulator is ready for use
2026-02-26 10:48:28.043 [main] INFO  com.mobile.framework.utilities.EmulatorManager - Emulator started successfully: Pixel_9_Pro_API_33 on port: 5554
2026-02-26 10:48:28.053 [main] INFO  com.mobile.framework.drivers.AppiumServerManager - Starting Appium Server...
2026-02-26 10:48:35.094 [main] ERROR com.mobile.framework.drivers.AppiumServerManager - Appium is not installed or not in PATH. Please install Appium before running tests.
2026-02-26 10:48:35.095 [main] ERROR com.mobile.framework.drivers.AppiumServerManager - Failed to start Appium Server: Appium is not installed or not in PATH
2026-02-26 10:48:35.096 [main] ERROR com.mobile.framework.base.BaseTest - Failed to set up test suite: Failed to start Appium Server
2026-02-26 10:48:35.222 [main] INFO  com.mobile.framework.base.BaseTest - Setting up test method...
2026-02-26 10:48:35.254 [main] INFO  com.mobile.framework.base.BaseTest - Tearing down test method...
2026-02-26 10:48:35.272 [main] INFO  com.mobile.framework.base.BaseTest - Tearing down test suite...
2026-02-26 10:48:35.273 [main] INFO  com.mobile.framework.drivers.AppiumServerManager - Stopping Appium Server...
2026-02-26 10:48:35.273 [main] WARN  com.mobile.framework.drivers.AppiumServerManager - Appium Server is not running or already stopped
2026-02-26 10:48:35.273 [main] INFO  com.mobile.framework.base.BaseTest - Appium server stopped successfully
2026-02-26 10:48:35.274 [main] INFO  com.mobile.framework.utilities.EmulatorManager - Stopping Android emulator...
2026-02-26 10:48:35.274 [main] INFO  com.mobile.framework.utilities.EmulatorManager - Emulator stopped successfully
2026-02-26 10:48:35.274 [main] INFO  com.mobile.framework.base.BaseTest - Emulator stopped if it was started by framework
2026-02-26 10:48:35.278 [main] INFO  com.mobile.framework.base.BaseTest - Extent reports flushed successfully
2026-02-26 10:49:38.197 [main] INFO  com.mobile.framework.base.BaseTest - Setting up test suite...
2026-02-26 10:49:38.199 [main] INFO  com.mobile.framework.utilities.EmulatorManager - Starting ADB server...
2026-02-26 10:49:38.207 [main] INFO  com.mobile.framework.utilities.EmulatorManager - ADB server started successfully
2026-02-26 10:49:38.207 [main] INFO  com.mobile.framework.base.BaseTest - ADB server started successfully
2026-02-26 10:49:38.210 [main] INFO  com.mobile.framework.base.BaseTest - No device connected, starting emulator...
2026-02-26 10:49:38.210 [main] INFO  com.mobile.framework.utilities.EmulatorManager - Starting Android emulator: Pixel_9_Pro_API_33 on port: 5554
2026-02-26 10:49:38.211 [main] INFO  com.mobile.framework.utilities.EmulatorManager - Waiting for emulator to boot...
2026-02-26 10:50:08.227 [main] INFO  com.mobile.framework.utilities.EmulatorManager - Emulator is ready for use
2026-02-26 10:50:08.230 [main] INFO  com.mobile.framework.utilities.EmulatorManager - Emulator started successfully: Pixel_9_Pro_API_33 on port: 5554
2026-02-26 10:50:08.378 [main] INFO  com.mobile.framework.drivers.AppiumServerManager - Starting Appium Server...
2026-02-26 10:50:15.534 [main] ERROR com.mobile.framework.drivers.AppiumServerManager - Appium is not installed or not in PATH. Please install Appium before running tests.
2026-02-26 10:50:15.539 [main] ERROR com.mobile.framework.drivers.AppiumServerManager - Failed to start Appium Server: Appium is not installed or not in PATH
2026-02-26 10:50:15.540 [main] ERROR com.mobile.framework.base.BaseTest - Failed to set up test suite: Failed to start Appium Server
2026-02-26 10:50:15.626 [main] INFO  com.mobile.framework.base.BaseTest - Setting up test method...
2026-02-26 10:50:15.649 [main] INFO  com.mobile.framework.drivers.DriverFactory - Initializing Appium Driver...
2026-02-26 10:50:19.005 [main] ERROR com.mobile.framework.drivers.DriverFactory - Failed to initialize Appium Driver: Could not start a new session. Possible causes are invalid address of the remote server or browser start-up failure. 
Host info: host: 'wws-cpu-202208-13', ip: '192.168.1.11'
2026-02-26 10:50:19.006 [main] ERROR com.mobile.framework.base.BaseTest - Failed to initialize driver: Failed to initialize Appium Driver
2026-02-26 10:50:19.021 [main] INFO  com.mobile.framework.base.BaseTest - Tearing down test method...
2026-02-26 10:50:19.021 [main] INFO  com.mobile.framework.drivers.DriverFactory - Quitting Appium Driver...
2026-02-26 10:50:19.022 [main] WARN  com.mobile.framework.drivers.DriverFactory - No driver instance found to quit
2026-02-26 10:50:19.022 [main] INFO  com.mobile.framework.base.BaseTest - Driver quit successfully
2026-02-26 10:50:19.035 [main] INFO  com.mobile.framework.base.BaseTest - Tearing down test suite...
2026-02-26 10:50:19.035 [main] INFO  com.mobile.framework.drivers.AppiumServerManager - Stopping Appium Server...
2026-02-26 10:50:19.035 [main] WARN  com.mobile.framework.drivers.AppiumServerManager - Appium Server is not running or already stopped
2026-02-26 10:50:19.036 [main] INFO  com.mobile.framework.base.BaseTest - Appium server stopped successfully
2026-02-26 10:50:19.036 [main] INFO  com.mobile.framework.utilities.EmulatorManager - Stopping Android emulator...
2026-02-26 10:50:19.036 [main] INFO  com.mobile.framework.utilities.EmulatorManager - Emulator stopped successfully
2026-02-26 10:50:19.036 [main] INFO  com.mobile.framework.base.BaseTest - Emulator stopped if it was started by framework
2026-02-26 10:50:19.037 [main] INFO  com.mobile.framework.base.BaseTest - Extent reports flushed successfully
2026-02-26 10:52:04.108 [main] INFO  com.mobile.framework.base.BaseTest - Setting up test suite...
2026-02-26 10:52:04.109 [main] INFO  com.mobile.framework.utilities.EmulatorManager - Starting ADB server...
2026-02-26 10:52:04.117 [main] INFO  com.mobile.framework.utilities.EmulatorManager - ADB server started successfully
2026-02-26 10:52:04.117 [main] INFO  com.mobile.framework.base.BaseTest - ADB server started successfully
2026-02-26 10:52:04.120 [main] INFO  com.mobile.framework.base.BaseTest - No device connected, starting emulator...
2026-02-26 10:52:04.120 [main] INFO  com.mobile.framework.utilities.EmulatorManager - Starting Android emulator: Pixel_9_Pro_API_33 on port: 5554
2026-02-26 10:52:04.121 [main] INFO  com.mobile.framework.utilities.EmulatorManager - Waiting for emulator to boot...
2026-02-26 10:52:34.152 [main] INFO  com.mobile.framework.utilities.EmulatorManager - Emulator is ready for use
2026-02-26 10:52:34.156 [main] INFO  com.mobile.framework.utilities.EmulatorManager - Emulator started successfully: Pixel_9_Pro_API_33 on port: 5554
2026-02-26 10:52:34.166 [main] INFO  com.mobile.framework.drivers.AppiumServerManager - Starting Appium Server...
2026-02-26 10:52:44.103 [main] INFO  com.mobile.framework.drivers.AppiumServerManager - Appium Server started successfully on 127.0.0.1:4723
2026-02-26 10:52:44.112 [main] INFO  com.mobile.framework.base.BaseTest - Appium server started successfully
2026-02-26 10:52:44.267 [main] INFO  com.mobile.framework.base.BaseTest - Setting up test method...
2026-02-26 10:52:44.306 [main] INFO  com.mobile.framework.drivers.DriverFactory - Initializing Appium Driver...
2026-02-26 10:52:47.484 [main] ERROR com.mobile.framework.drivers.DriverFactory - Failed to initialize Appium Driver: Could not start a new session. Response code 404. Message: The requested resource could not be found, or a request was received using an HTTP method that is not supported by the mapped resource 
Host info: host: 'wws-cpu-202208-13', ip: '192.168.1.11'
Build info: version: '4.13.0', revision: 'ba948ece5b*'
System info: os.name: 'Linux', os.arch: 'amd64', os.version: '6.8.0-101-generic', java.version: '23.0.1'
Driver info: io.appium.java_client.android.AndroidDriver
Command: [null, newSession {capabilities=[{appium:app=/home/wadmin/Downloads/vd (12).apk, appium:appActivity=app.vd.com.MainActivity, appium:appPackage=app.vd.com, appium:automationName=UiAutomator2, appium:deviceName=Android Emulator, appium:newCommandTimeout=300, platformName=ANDROID, appium:platformVersion=13.0, appium:udid=emulator-5554}], desiredCapabilities=Capabilities {app: /home/wadmin/Downloads/vd (..., appActivity: app.vd.com.MainActivity, appPackage: app.vd.com, automationName: UiAutomator2, deviceName: Android Emulator, newCommandTimeout: 300, platformName: ANDROID, platformVersion: 13.0, udid: emulator-5554}}]
Capabilities {app: /home/wadmin/Downloads/vd (..., appActivity: app.vd.com.MainActivity, appPackage: app.vd.com, automationName: UiAutomator2, deviceName: Android Emulator, newCommandTimeout: 300, platformName: ANDROID, platformVersion: 13.0, udid: emulator-5554}
2026-02-26 10:52:47.486 [main] ERROR com.mobile.framework.base.BaseTest - Failed to initialize driver: Failed to initialize Appium Driver
2026-02-26 10:52:47.539 [main] INFO  com.mobile.framework.base.BaseTest - Tearing down test method...
2026-02-26 10:52:47.541 [main] INFO  com.mobile.framework.drivers.DriverFactory - Quitting Appium Driver...
2026-02-26 10:52:47.542 [main] WARN  com.mobile.framework.drivers.DriverFactory - No driver instance found to quit
2026-02-26 10:52:47.542 [main] INFO  com.mobile.framework.base.BaseTest - Driver quit successfully
2026-02-26 10:52:47.570 [main] INFO  com.mobile.framework.base.BaseTest - Tearing down test suite...
2026-02-26 10:52:47.570 [main] INFO  com.mobile.framework.drivers.AppiumServerManager - Stopping Appium Server...
2026-02-26 10:52:53.130 [main] INFO  com.mobile.framework.drivers.AppiumServerManager - Appium Server stopped successfully
2026-02-26 10:52:53.132 [main] INFO  com.mobile.framework.base.BaseTest - Appium server stopped successfully
2026-02-26 10:52:53.134 [main] INFO  com.mobile.framework.utilities.EmulatorManager - Stopping Android emulator...
2026-02-26 10:52:53.135 [main] INFO  com.mobile.framework.utilities.EmulatorManager - Emulator stopped successfully
2026-02-26 10:52:53.135 [main] INFO  com.mobile.framework.base.BaseTest - Emulator stopped if it was started by framework
2026-02-26 10:52:53.138 [main] INFO  com.mobile.framework.base.BaseTest - Extent reports flushed successfully
2026-02-26 10:54:06.034 [main] INFO  com.mobile.framework.base.BaseTest - Setting up test suite...
2026-02-26 10:54:06.036 [main] INFO  com.mobile.framework.utilities.EmulatorManager - Starting ADB server...
2026-02-26 10:54:06.042 [main] INFO  com.mobile.framework.utilities.EmulatorManager - ADB server started successfully
2026-02-26 10:54:06.042 [main] INFO  com.mobile.framework.base.BaseTest - ADB server started successfully
2026-02-26 10:54:06.045 [main] INFO  com.mobile.framework.base.BaseTest - No device connected, starting emulator...
2026-02-26 10:54:06.045 [main] INFO  com.mobile.framework.utilities.EmulatorManager - Starting Android emulator: Pixel_9_Pro_API_33 on port: 5554
2026-02-26 10:54:06.046 [main] INFO  com.mobile.framework.utilities.EmulatorManager - Waiting for emulator to boot...
2026-02-26 10:54:36.058 [main] INFO  com.mobile.framework.utilities.EmulatorManager - Emulator is ready for use
2026-02-26 10:54:36.058 [main] INFO  com.mobile.framework.utilities.EmulatorManager - Emulator started successfully: Pixel_9_Pro_API_33 on port: 5554
2026-02-26 10:54:36.070 [main] INFO  com.mobile.framework.drivers.AppiumServerManager - Starting Appium Server...
2026-02-26 10:54:45.298 [main] INFO  com.mobile.framework.drivers.AppiumServerManager - Appium Server started successfully on 127.0.0.1:4723
2026-02-26 10:54:45.303 [main] INFO  com.mobile.framework.base.BaseTest - Appium server started successfully
2026-02-26 10:54:45.367 [main] INFO  com.mobile.framework.base.BaseTest - Setting up test method...
2026-02-26 10:54:45.464 [main] INFO  com.mobile.framework.drivers.DriverFactory - Initializing Appium Driver...
2026-02-26 10:55:47.940 [main] INFO  com.mobile.framework.drivers.DriverFactory - Appium Driver initialized successfully for Android platform
2026-02-26 10:55:47.946 [main] INFO  com.mobile.framework.base.BaseTest - Driver initialized successfully
2026-02-26 10:55:47.981 [main] INFO  com.mobile.framework.reports.ExtentReportManager - Initializing Extent Reports...
2026-02-26 10:55:49.327 [main] INFO  com.mobile.framework.reports.ExtentReportManager - Extent Reports initialized successfully. Report will be saved to: ./reports/AutomationReport_20260226-105547.html
2026-02-26 10:55:49.362 [main] INFO  com.mobile.framework.tests.LoginTest - Starting test: testSuccessfulLogin
2026-02-26 10:56:23.076 [main] ERROR com.mobile.framework.utilities.WaitUtility - Element not visible within 30 seconds: By.xpath: //android.widget.Button[@text='Login']
2026-02-26 10:56:23.089 [main] ERROR com.mobile.framework.pages.BasePage - Login page is not displayed: Expected condition failed: waiting for visibility of element located by By.xpath: //android.widget.Button[@text='Login'] (tried for 30 second(s) with 500 milliseconds interval)
Build info: version: '4.13.0', revision: 'ba948ece5b*'
System info: os.name: 'Linux', os.arch: 'amd64', os.version: '6.8.0-101-generic', java.version: '23.0.1'
Driver info: io.appium.java_client.android.AndroidDriver
Capabilities {appium:app: /home/wadmin/Downloads/vd (..., appium:appActivity: app.vd.com.MainActivity, appium:appPackage: app.vd.com, appium:automationName: UiAutomator2, appium:databaseEnabled: false, appium:desired: {app: /home/wadmin/Downloads/vd (..., appActivity: app.vd.com.MainActivity, appPackage: app.vd.com, automationName: UiAutomator2, deviceName: Android Emulator, newCommandTimeout: 300, platformName: ANDROID, platformVersion: 13.0, udid: emulator-5554}, appium:deviceApiLevel: 33, appium:deviceManufacturer: Google, appium:deviceModel: sdk_gphone64_x86_64, appium:deviceName: emulator-5554, appium:deviceScreenDensity: 480, appium:deviceScreenSize: 1280x2856, appium:deviceUDID: emulator-5554, appium:javascriptEnabled: true, appium:locationContextEnabled: false, appium:networkConnectionEnabled: true, appium:newCommandTimeout: 300, appium:pixelRatio: 3, appium:platformVersion: 13, appium:statBarHeight: 72, appium:takesScreenshot: true, appium:udid: emulator-5554, appium:viewportRect: {height: 2784, left: 0, top: 72, width: 1280}, appium:warnings: {}, appium:webStorageEnabled: false, platformName: ANDROID}
Session ID: 29adb44f-9574-41db-aacf-6a064ca40d4e
2026-02-26 10:56:23.188 [main] INFO  com.mobile.framework.base.BaseTest - Tearing down test method...
2026-02-26 12:48:07.668 [main] INFO  com.mobile.framework.base.BaseTest - Setting up test suite...
2026-02-26 12:48:07.670 [main] INFO  com.mobile.framework.utilities.EmulatorManager - Starting ADB server...
2026-02-26 12:48:08.682 [main] INFO  com.mobile.framework.utilities.EmulatorManager - ADB server started successfully
2026-02-26 12:48:08.682 [main] INFO  com.mobile.framework.base.BaseTest - ADB server started successfully
2026-02-26 12:48:08.685 [main] INFO  com.mobile.framework.base.BaseTest - No device connected, starting emulator...
2026-02-26 12:48:08.686 [main] INFO  com.mobile.framework.utilities.EmulatorManager - Starting Android emulator: Pixel_9_Pro_API_33 on port: 5554
2026-02-26 12:48:08.688 [main] INFO  com.mobile.framework.utilities.EmulatorManager - Waiting for emulator to boot...
2026-02-26 12:48:21.844 [main] INFO  com.mobile.framework.base.BaseTest - Setting up test suite...
2026-02-26 12:48:21.852 [main] INFO  com.mobile.framework.utilities.EmulatorManager - Starting ADB server...
2026-02-26 12:48:21.865 [main] INFO  com.mobile.framework.utilities.EmulatorManager - ADB server started successfully
2026-02-26 12:48:21.867 [main] INFO  com.mobile.framework.base.BaseTest - ADB server started successfully
2026-02-26 12:48:21.872 [main] INFO  com.mobile.framework.base.BaseTest - Device already connected: emulator-5554
2026-02-26 12:48:21.873 [main] INFO  com.mobile.framework.drivers.AppiumServerManager - Starting Appium Server...
2026-02-26 12:48:21.956 [main] INFO  com.mobile.framework.base.BaseTest - Setting up test method...
2026-02-26 12:48:21.970 [main] INFO  com.mobile.framework.drivers.DriverFactory - Initializing Appium Driver...
2026-02-26 12:48:22.100 [main] INFO  com.mobile.framework.base.BaseTest - Tearing down test method...
2026-02-26 12:48:22.102 [main] INFO  com.mobile.framework.drivers.DriverFactory - Quitting Appium Driver...
2026-02-26 12:48:22.102 [main] WARN  com.mobile.framework.drivers.DriverFactory - No driver instance found to quit
2026-02-26 12:48:22.102 [main] INFO  com.mobile.framework.base.BaseTest - Driver quit successfully
2026-02-26 12:48:22.113 [main] INFO  com.mobile.framework.base.BaseTest - Tearing down test suite...
2026-02-26 12:48:22.114 [main] INFO  com.mobile.framework.drivers.AppiumServerManager - Stopping Appium Server...
2026-02-26 12:48:22.114 [main] WARN  com.mobile.framework.drivers.AppiumServerManager - Appium Server is not running or already stopped
2026-02-26 12:48:22.114 [main] INFO  com.mobile.framework.base.BaseTest - Appium server stopped successfully
2026-02-26 12:48:22.115 [main] INFO  com.mobile.framework.utilities.EmulatorManager - Stopping Android emulator...
2026-02-26 12:48:22.115 [main] INFO  com.mobile.framework.utilities.EmulatorManager - No emulator process to stop
2026-02-26 12:48:22.115 [main] INFO  com.mobile.framework.base.BaseTest - Emulator stopped if it was started by framework
2026-02-26 12:48:22.118 [main] INFO  com.mobile.framework.base.BaseTest - Extent reports flushed successfully
2026-02-26 12:48:38.708 [main] INFO  com.mobile.framework.utilities.EmulatorManager - Emulator is ready for use
2026-02-26 12:48:38.714 [main] INFO  com.mobile.framework.utilities.EmulatorManager - Emulator started successfully: Pixel_9_Pro_API_33 on port: 5554
2026-02-26 12:48:38.718 [main] INFO  com.mobile.framework.drivers.AppiumServerManager - Starting Appium Server...
2026-02-26 12:48:38.944 [main] INFO  com.mobile.framework.base.BaseTest - Setting up test method...
2026-02-26 12:48:38.971 [main] INFO  com.mobile.framework.drivers.DriverFactory - Initializing Appium Driver...
2026-02-26 12:48:39.273 [main] INFO  com.mobile.framework.base.BaseTest - Tearing down test method...
2026-02-26 12:48:39.275 [main] INFO  com.mobile.framework.drivers.DriverFactory - Quitting Appium Driver...
2026-02-26 12:48:39.275 [main] WARN  com.mobile.framework.drivers.DriverFactory - No driver instance found to quit
2026-02-26 12:48:39.275 [main] INFO  com.mobile.framework.base.BaseTest - Driver quit successfully
2026-02-26 12:48:39.299 [main] INFO  com.mobile.framework.base.BaseTest - Tearing down test suite...
2026-02-26 12:48:39.301 [main] INFO  com.mobile.framework.drivers.AppiumServerManager - Stopping Appium Server...
2026-02-26 12:48:39.301 [main] WARN  com.mobile.framework.drivers.AppiumServerManager - Appium Server is not running or already stopped
2026-02-26 12:48:39.301 [main] INFO  com.mobile.framework.base.BaseTest - Appium server stopped successfully
2026-02-26 12:48:39.302 [main] INFO  com.mobile.framework.utilities.EmulatorManager - Stopping Android emulator...
2026-02-26 12:48:39.302 [main] INFO  com.mobile.framework.utilities.EmulatorManager - Emulator stopped successfully
2026-02-26 12:48:39.303 [main] INFO  com.mobile.framework.base.BaseTest - Emulator stopped if it was started by framework
2026-02-26 12:48:39.308 [main] INFO  com.mobile.framework.base.BaseTest - Extent reports flushed successfully
2026-02-26 12:48:44.008 [main] INFO  com.mobile.framework.base.BaseTest - Setting up test suite...
2026-02-26 12:48:44.012 [main] INFO  com.mobile.framework.utilities.EmulatorManager - Starting ADB server...
2026-02-26 12:48:44.022 [main] INFO  com.mobile.framework.utilities.EmulatorManager - ADB server started successfully
2026-02-26 12:48:44.022 [main] INFO  com.mobile.framework.base.BaseTest - ADB server started successfully
2026-02-26 12:48:44.027 [main] INFO  com.mobile.framework.base.BaseTest - No device connected, starting emulator...
2026-02-26 12:48:44.027 [main] INFO  com.mobile.framework.utilities.EmulatorManager - Starting Android emulator: Pixel_9_Pro_API_33 on port: 5554
2026-02-26 12:48:44.030 [main] INFO  com.mobile.framework.utilities.EmulatorManager - Waiting for emulator to boot...
2026-02-26 12:49:14.043 [main] INFO  com.mobile.framework.utilities.EmulatorManager - Emulator is ready for use
2026-02-26 12:49:14.046 [main] INFO  com.mobile.framework.utilities.EmulatorManager - Emulator started successfully: Pixel_9_Pro_API_33 on port: 5554
2026-02-26 12:49:14.050 [main] INFO  com.mobile.framework.drivers.AppiumServerManager - Starting Appium Server...
2026-02-26 12:49:14.252 [main] INFO  com.mobile.framework.base.BaseTest - Setting up test method...
2026-02-26 12:49:14.289 [main] INFO  com.mobile.framework.drivers.DriverFactory - Initializing Appium Driver...
2026-02-26 12:49:14.544 [main] INFO  com.mobile.framework.base.BaseTest - Tearing down test method...
2026-02-26 12:49:14.546 [main] INFO  com.mobile.framework.drivers.DriverFactory - Quitting Appium Driver...
2026-02-26 12:49:14.549 [main] WARN  com.mobile.framework.drivers.DriverFactory - No driver instance found to quit
2026-02-26 12:49:14.550 [main] INFO  com.mobile.framework.base.BaseTest - Driver quit successfully
2026-02-26 12:49:14.560 [main] INFO  com.mobile.framework.base.BaseTest - Tearing down test suite...
2026-02-26 12:49:14.560 [main] INFO  com.mobile.framework.drivers.AppiumServerManager - Stopping Appium Server...
2026-02-26 12:49:14.560 [main] WARN  com.mobile.framework.drivers.AppiumServerManager - Appium Server is not running or already stopped
2026-02-26 12:49:14.560 [main] INFO  com.mobile.framework.base.BaseTest - Appium server stopped successfully
2026-02-26 12:49:14.560 [main] INFO  com.mobile.framework.utilities.EmulatorManager - Stopping Android emulator...
2026-02-26 12:49:14.561 [main] INFO  com.mobile.framework.utilities.EmulatorManager - Emulator stopped successfully
2026-02-26 12:49:14.561 [main] INFO  com.mobile.framework.base.BaseTest - Emulator stopped if it was started by framework
2026-02-26 12:49:14.562 [main] INFO  com.mobile.framework.base.BaseTest - Extent reports flushed successfully
2026-02-26 12:49:24.134 [main] INFO  com.mobile.framework.base.BaseTest - Setting up test suite...
2026-02-26 12:49:24.136 [main] INFO  com.mobile.framework.utilities.EmulatorManager - Starting ADB server...
2026-02-26 12:49:24.142 [main] INFO  com.mobile.framework.utilities.EmulatorManager - ADB server started successfully
2026-02-26 12:49:24.143 [main] INFO  com.mobile.framework.base.BaseTest - ADB server started successfully
2026-02-26 12:49:24.151 [main] INFO  com.mobile.framework.base.BaseTest - No device connected, starting emulator...
2026-02-26 12:49:24.151 [main] INFO  com.mobile.framework.utilities.EmulatorManager - Starting Android emulator: Pixel_9_Pro_API_33 on port: 5554
2026-02-26 12:49:24.152 [main] INFO  com.mobile.framework.utilities.EmulatorManager - Waiting for emulator to boot...
2026-02-26 12:49:54.170 [main] INFO  com.mobile.framework.utilities.EmulatorManager - Emulator is ready for use
2026-02-26 12:49:54.171 [main] INFO  com.mobile.framework.utilities.EmulatorManager - Emulator started successfully: Pixel_9_Pro_API_33 on port: 5554
2026-02-26 12:49:54.175 [main] INFO  com.mobile.framework.drivers.AppiumServerManager - Starting Appium Server...
2026-02-26 12:49:54.383 [main] INFO  com.mobile.framework.base.BaseTest - Setting up test method...
2026-02-26 12:49:54.409 [main] INFO  com.mobile.framework.drivers.DriverFactory - Initializing Appium Driver...
2026-02-26 12:49:54.674 [main] INFO  com.mobile.framework.base.BaseTest - Tearing down test method...
2026-02-26 12:49:54.675 [main] INFO  com.mobile.framework.drivers.DriverFactory - Quitting Appium Driver...
2026-02-26 12:49:54.676 [main] WARN  com.mobile.framework.drivers.DriverFactory - No driver instance found to quit
2026-02-26 12:49:54.677 [main] INFO  com.mobile.framework.base.BaseTest - Driver quit successfully
2026-02-26 12:49:54.694 [main] INFO  com.mobile.framework.base.BaseTest - Tearing down test suite...
2026-02-26 12:49:54.695 [main] INFO  com.mobile.framework.drivers.AppiumServerManager - Stopping Appium Server...
2026-02-26 12:49:54.695 [main] WARN  com.mobile.framework.drivers.AppiumServerManager - Appium Server is not running or already stopped
2026-02-26 12:49:54.696 [main] INFO  com.mobile.framework.base.BaseTest - Appium server stopped successfully
2026-02-26 12:49:54.696 [main] INFO  com.mobile.framework.utilities.EmulatorManager - Stopping Android emulator...
2026-02-26 12:49:54.697 [main] INFO  com.mobile.framework.utilities.EmulatorManager - Emulator stopped successfully
2026-02-26 12:49:54.699 [main] INFO  com.mobile.framework.base.BaseTest - Emulator stopped if it was started by framework
2026-02-26 12:49:54.700 [main] INFO  com.mobile.framework.base.BaseTest - Extent reports flushed successfully
2026-02-26 13:35:12.434 [main] INFO  com.mobile.framework.base.BaseTest - Setting up test suite...
2026-02-26 13:35:12.439 [main] INFO  com.mobile.framework.utilities.EmulatorManager - Starting ADB server...
2026-02-26 13:35:12.451 [main] INFO  com.mobile.framework.utilities.EmulatorManager - ADB server started successfully
2026-02-26 13:35:12.452 [main] INFO  com.mobile.framework.base.BaseTest - ADB server started successfully
2026-02-26 13:35:12.458 [main] INFO  com.mobile.framework.base.BaseTest - No device connected, starting emulator...
2026-02-26 13:35:12.458 [main] INFO  com.mobile.framework.utilities.EmulatorManager - Starting Android emulator: Pixel_9_Pro_API_33 on port: 5554
2026-02-26 13:35:12.459 [main] INFO  com.mobile.framework.utilities.EmulatorManager - Waiting for emulator to boot...
2026-02-26 13:35:42.472 [main] INFO  com.mobile.framework.utilities.EmulatorManager - Emulator is ready for use
2026-02-26 13:35:42.473 [main] INFO  com.mobile.framework.utilities.EmulatorManager - Emulator started successfully: Pixel_9_Pro_API_33 on port: 5554
2026-02-26 13:35:42.475 [main] INFO  com.mobile.framework.drivers.AppiumServerManager - Starting Appium Server...
2026-02-26 13:35:42.602 [main] INFO  com.mobile.framework.base.BaseTest - Setting up test method...
2026-02-26 13:35:42.622 [main] INFO  com.mobile.framework.drivers.DriverFactory - Initializing Appium Driver...
2026-02-26 13:35:42.942 [main] INFO  com.mobile.framework.base.BaseTest - Tearing down test method...
2026-02-26 13:35:42.942 [main] INFO  com.mobile.framework.drivers.DriverFactory - Quitting Appium Driver...
2026-02-26 13:35:42.943 [main] WARN  com.mobile.framework.drivers.DriverFactory - No driver instance found to quit
2026-02-26 13:35:42.943 [main] INFO  com.mobile.framework.base.BaseTest - Driver quit successfully
2026-02-26 13:35:42.954 [main] INFO  com.mobile.framework.base.BaseTest - Setting up test method...
2026-02-26 13:35:42.955 [main] INFO  com.mobile.framework.drivers.DriverFactory - Initializing Appium Driver...
2026-02-26 13:35:42.969 [main] INFO  com.mobile.framework.base.BaseTest - Tearing down test method...
2026-02-26 13:35:42.971 [main] INFO  com.mobile.framework.drivers.DriverFactory - Quitting Appium Driver...
2026-02-26 13:35:42.971 [main] WARN  com.mobile.framework.drivers.DriverFactory - No driver instance found to quit
2026-02-26 13:35:42.971 [main] INFO  com.mobile.framework.base.BaseTest - Driver quit successfully
2026-02-26 13:35:42.976 [main] INFO  com.mobile.framework.base.BaseTest - Setting up test method...
2026-02-26 13:35:42.976 [main] INFO  com.mobile.framework.drivers.DriverFactory - Initializing Appium Driver...
2026-02-26 13:35:42.990 [main] INFO  com.mobile.framework.base.BaseTest - Tearing down test method...
2026-02-26 13:35:42.991 [main] INFO  com.mobile.framework.drivers.DriverFactory - Quitting Appium Driver...
2026-02-26 13:35:42.991 [main] WARN  com.mobile.framework.drivers.DriverFactory - No driver instance found to quit
2026-02-26 13:35:42.992 [main] INFO  com.mobile.framework.base.BaseTest - Driver quit successfully
2026-02-26 13:35:43.003 [main] INFO  com.mobile.framework.base.BaseTest - Tearing down test suite...
2026-02-26 13:35:43.004 [main] INFO  com.mobile.framework.drivers.AppiumServerManager - Stopping Appium Server...
2026-02-26 13:35:43.005 [main] WARN  com.mobile.framework.drivers.AppiumServerManager - Appium Server is not running or already stopped
2026-02-26 13:35:43.005 [main] INFO  com.mobile.framework.base.BaseTest - Appium server stopped successfully
2026-02-26 13:35:43.005 [main] INFO  com.mobile.framework.utilities.EmulatorManager - Stopping Android emulator...
2026-02-26 13:35:43.006 [main] INFO  com.mobile.framework.utilities.EmulatorManager - Emulator stopped successfully
2026-02-26 13:35:43.007 [main] INFO  com.mobile.framework.base.BaseTest - Emulator stopped if it was started by framework
2026-02-26 13:35:43.009 [main] INFO  com.mobile.framework.base.BaseTest - Extent reports flushed successfully
2026-02-26 15:24:58.086 [main] INFO  com.mobile.framework.base.BaseTest - Setting up test suite...
2026-02-26 15:24:58.091 [main] INFO  com.mobile.framework.utilities.EmulatorManager - Starting ADB server...
2026-02-26 15:24:58.105 [main] INFO  com.mobile.framework.utilities.EmulatorManager - ADB server started successfully
2026-02-26 15:24:58.105 [main] INFO  com.mobile.framework.base.BaseTest - ADB server started successfully
2026-02-26 15:24:58.108 [main] INFO  com.mobile.framework.base.BaseTest - No device connected, starting emulator...
2026-02-26 15:24:58.109 [main] INFO  com.mobile.framework.utilities.EmulatorManager - Starting Android emulator: Pixel_9_Pro_API_33 on port: 5554
2026-02-26 15:24:58.110 [main] INFO  com.mobile.framework.utilities.EmulatorManager - Waiting for emulator to boot...
2026-02-26 15:25:28.119 [main] INFO  com.mobile.framework.utilities.EmulatorManager - Emulator is ready for use
2026-02-26 15:25:28.120 [main] INFO  com.mobile.framework.utilities.EmulatorManager - Emulator started successfully: Pixel_9_Pro_API_33 on port: 5554
2026-02-26 15:25:28.125 [main] INFO  com.mobile.framework.drivers.AppiumServerManager - Starting Appium Server...
2026-02-26 15:25:28.217 [main] INFO  com.mobile.framework.base.BaseTest - Setting up test method...
2026-02-26 15:25:28.238 [main] INFO  com.mobile.framework.drivers.DriverFactory - Initializing Appium Driver...
2026-02-26 15:25:28.391 [main] INFO  com.mobile.framework.base.BaseTest - Tearing down test method...
2026-02-26 15:25:28.392 [main] INFO  com.mobile.framework.drivers.DriverFactory - Quitting Appium Driver...
2026-02-26 15:25:28.393 [main] WARN  com.mobile.framework.drivers.DriverFactory - No driver instance found to quit
2026-02-26 15:25:28.393 [main] INFO  com.mobile.framework.base.BaseTest - Driver quit successfully
2026-02-26 15:25:28.402 [main] INFO  com.mobile.framework.base.BaseTest - Setting up test method...
2026-02-26 15:25:28.403 [main] INFO  com.mobile.framework.drivers.DriverFactory - Initializing Appium Driver...
2026-02-26 15:25:28.411 [main] INFO  com.mobile.framework.base.BaseTest - Tearing down test method...
2026-02-26 15:25:28.413 [main] INFO  com.mobile.framework.drivers.DriverFactory - Quitting Appium Driver...
2026-02-26 15:25:28.414 [main] WARN  com.mobile.framework.drivers.DriverFactory - No driver instance found to quit
2026-02-26 15:25:28.414 [main] INFO  com.mobile.framework.base.BaseTest - Driver quit successfully
2026-02-26 15:25:28.418 [main] INFO  com.mobile.framework.base.BaseTest - Setting up test method...
2026-02-26 15:25:28.420 [main] INFO  com.mobile.framework.drivers.DriverFactory - Initializing Appium Driver...
2026-02-26 15:25:28.442 [main] INFO  com.mobile.framework.base.BaseTest - Tearing down test method...
2026-02-26 15:25:28.443 [main] INFO  com.mobile.framework.drivers.DriverFactory - Quitting Appium Driver...
2026-02-26 15:25:28.443 [main] WARN  com.mobile.framework.drivers.DriverFactory - No driver instance found to quit
2026-02-26 15:25:28.443 [main] INFO  com.mobile.framework.base.BaseTest - Driver quit successfully
2026-02-26 15:25:28.452 [main] INFO  com.mobile.framework.base.BaseTest - Tearing down test suite...
2026-02-26 15:25:28.452 [main] INFO  com.mobile.framework.drivers.AppiumServerManager - Stopping Appium Server...
2026-02-26 15:25:28.453 [main] WARN  com.mobile.framework.drivers.AppiumServerManager - Appium Server is not running or already stopped
2026-02-26 15:25:28.453 [main] INFO  com.mobile.framework.base.BaseTest - Appium server stopped successfully
2026-02-26 15:25:28.454 [main] INFO  com.mobile.framework.utilities.EmulatorManager - Stopping Android emulator...
2026-02-26 15:25:28.455 [main] INFO  com.mobile.framework.utilities.EmulatorManager - Emulator stopped successfully
2026-02-26 15:25:28.455 [main] INFO  com.mobile.framework.base.BaseTest - Emulator stopped if it was started by framework
2026-02-26 15:25:28.457 [main] INFO  com.mobile.framework.base.BaseTest - Extent reports flushed successfully
2026-02-26 17:04:26.392 [main] INFO  com.mobile.framework.base.BaseTest - Setting up test suite...
2026-02-26 17:04:26.394 [main] INFO  com.mobile.framework.utilities.EmulatorManager - Starting ADB server...
2026-02-26 17:04:26.402 [main] INFO  com.mobile.framework.utilities.EmulatorManager - ADB server started successfully
2026-02-26 17:04:26.403 [main] INFO  com.mobile.framework.base.BaseTest - ADB server started successfully
2026-02-26 17:04:26.405 [main] INFO  com.mobile.framework.base.BaseTest - No device connected, starting emulator...
2026-02-26 17:04:26.406 [main] INFO  com.mobile.framework.utilities.EmulatorManager - Starting Android emulator: Pixel_9_Pro_API_33 on port: 5554
2026-02-26 17:04:26.407 [main] INFO  com.mobile.framework.utilities.EmulatorManager - Waiting for emulator to boot...
2026-02-26 17:04:56.441 [main] INFO  com.mobile.framework.utilities.EmulatorManager - Emulator is ready for use
2026-02-26 17:04:56.442 [main] INFO  com.mobile.framework.utilities.EmulatorManager - Emulator started successfully: Pixel_9_Pro_API_33 on port: 5554
2026-02-26 17:04:56.459 [main] INFO  com.mobile.framework.drivers.AppiumServerManager - Starting Appium Server...
2026-02-26 17:04:57.442 [main] INFO  com.mobile.framework.base.BaseTest - Setting up test method...
2026-02-26 17:04:57.465 [main] INFO  com.mobile.framework.drivers.DriverFactory - Initializing Appium Driver...
2026-02-26 17:04:57.677 [main] INFO  com.mobile.framework.base.BaseTest - Tearing down test method...
2026-02-26 17:04:57.677 [main] INFO  com.mobile.framework.drivers.DriverFactory - Quitting Appium Driver...
2026-02-26 17:04:57.678 [main] WARN  com.mobile.framework.drivers.DriverFactory - No driver instance found to quit
2026-02-26 17:04:57.678 [main] INFO  com.mobile.framework.base.BaseTest - Driver quit successfully
2026-02-26 17:04:57.684 [main] INFO  com.mobile.framework.base.BaseTest - Tearing down test suite...
2026-02-26 17:04:57.685 [main] INFO  com.mobile.framework.drivers.AppiumServerManager - Stopping Appium Server...
2026-02-26 17:04:57.685 [main] WARN  com.mobile.framework.drivers.AppiumServerManager - Appium Server is not running or already stopped
2026-02-26 17:04:57.685 [main] INFO  com.mobile.framework.base.BaseTest - Appium server stopped successfully
2026-02-26 17:04:57.685 [main] INFO  com.mobile.framework.utilities.EmulatorManager - Stopping Android emulator...
2026-02-26 17:04:57.685 [main] INFO  com.mobile.framework.utilities.EmulatorManager - Emulator stopped successfully
2026-02-26 17:04:57.685 [main] INFO  com.mobile.framework.base.BaseTest - Emulator stopped if it was started by framework
2026-02-26 17:04:57.686 [main] INFO  com.mobile.framework.base.BaseTest - Extent reports flushed successfully
2026-02-26 17:15:51.635 [main] INFO  com.mobile.framework.base.BaseTest - Setting up test suite...
2026-02-26 17:15:51.638 [main] INFO  com.mobile.framework.utilities.EmulatorManager - Starting ADB server...
2026-02-26 17:15:51.651 [main] INFO  com.mobile.framework.utilities.EmulatorManager - ADB server started successfully
2026-02-26 17:15:51.651 [main] INFO  com.mobile.framework.base.BaseTest - ADB server started successfully
2026-02-26 17:15:51.655 [main] INFO  com.mobile.framework.base.BaseTest - No device connected, starting emulator...
2026-02-26 17:15:51.655 [main] INFO  com.mobile.framework.utilities.EmulatorManager - Starting Android emulator: Pixel_9_Pro_API_33 on port: 5554
2026-02-26 17:15:51.656 [main] INFO  com.mobile.framework.utilities.EmulatorManager - Waiting for emulator to boot...
2026-02-26 17:16:22.096 [main] INFO  com.mobile.framework.utilities.EmulatorManager - Emulator is ready for use
2026-02-26 17:16:22.111 [main] INFO  com.mobile.framework.utilities.EmulatorManager - Emulator started successfully: Pixel_9_Pro_API_33 on port: 5554
2026-02-26 17:16:22.143 [main] INFO  com.mobile.framework.drivers.AppiumServerManager - Starting Appium Server...
2026-02-26 17:17:11.056 [main] INFO  com.mobile.framework.drivers.AppiumServerManager - Appium Server started successfully on 127.0.0.1:4723
2026-02-26 17:17:11.060 [main] INFO  com.mobile.framework.base.BaseTest - Appium server started successfully
2026-02-26 17:17:11.214 [main] INFO  com.mobile.framework.base.BaseTest - Setting up test method...
2026-02-26 17:17:11.518 [main] INFO  com.mobile.framework.drivers.DriverFactory - Initializing Appium Driver...
2026-02-26 17:23:19.523 [main] INFO  com.mobile.framework.base.BaseTest - Setting up test suite...
2026-02-26 17:23:19.525 [main] INFO  com.mobile.framework.utilities.EmulatorManager - Starting ADB server...
2026-02-26 17:23:19.536 [main] INFO  com.mobile.framework.utilities.EmulatorManager - ADB server started successfully
2026-02-26 17:23:19.537 [main] INFO  com.mobile.framework.base.BaseTest - ADB server started successfully
2026-02-26 17:23:19.540 [main] INFO  com.mobile.framework.base.BaseTest - No device connected, starting emulator...
2026-02-26 17:23:19.540 [main] INFO  com.mobile.framework.utilities.EmulatorManager - Starting Android emulator: Pixel_9_Pro_API_33 on port: 5554
2026-02-26 17:23:19.542 [main] INFO  com.mobile.framework.utilities.EmulatorManager - Waiting for emulator to boot...
2026-02-26 17:23:49.810 [main] INFO  com.mobile.framework.utilities.EmulatorManager - Emulator is ready for use
2026-02-26 17:23:49.812 [main] INFO  com.mobile.framework.utilities.EmulatorManager - Emulator started successfully: Pixel_9_Pro_API_33 on port: 5554
2026-02-26 17:23:49.828 [main] INFO  com.mobile.framework.drivers.AppiumServerManager - Starting Appium Server...
2026-02-26 17:23:50.070 [main] INFO  com.mobile.framework.base.BaseTest - Setting up test method...
2026-02-26 17:23:50.113 [main] INFO  com.mobile.framework.drivers.DriverFactory - Initializing Appium Driver...
2026-02-26 17:23:50.432 [main] INFO  com.mobile.framework.base.BaseTest - Tearing down test method...
2026-02-26 17:23:50.432 [main] INFO  com.mobile.framework.drivers.DriverFactory - Quitting Appium Driver...
2026-02-26 17:23:50.433 [main] WARN  com.mobile.framework.drivers.DriverFactory - No driver instance found to quit
2026-02-26 17:23:50.433 [main] INFO  com.mobile.framework.base.BaseTest - Driver quit successfully
2026-02-26 17:23:50.439 [main] INFO  com.mobile.framework.base.BaseTest - Tearing down test suite...
2026-02-26 17:23:50.439 [main] INFO  com.mobile.framework.drivers.AppiumServerManager - Stopping Appium Server...
2026-02-26 17:23:50.439 [main] WARN  com.mobile.framework.drivers.AppiumServerManager - Appium Server is not running or already stopped
2026-02-26 17:23:50.439 [main] INFO  com.mobile.framework.base.BaseTest - Appium server stopped successfully
2026-02-26 17:23:50.439 [main] INFO  com.mobile.framework.utilities.EmulatorManager - Stopping Android emulator...
2026-02-26 17:23:50.440 [main] INFO  com.mobile.framework.utilities.EmulatorManager - Emulator stopped successfully
2026-02-26 17:23:50.440 [main] INFO  com.mobile.framework.base.BaseTest - Emulator stopped if it was started by framework
2026-02-26 17:23:50.441 [main] INFO  com.mobile.framework.base.BaseTest - Extent reports flushed successfully
