2026-04-09 15:48:41.687 [main] INFO  com.mobile.framework.base.BaseTest - Setting up test suite...
2026-04-09 15:48:41.691 [main] INFO  com.mobile.framework.base.BaseTest - Execution type is LOCAL. Initiating local dependencies.
2026-04-09 15:48:41.692 [main] INFO  com.mobile.framework.utilities.EmulatorManager - Starting ADB server...
2026-04-09 15:48:42.722 [main] INFO  com.mobile.framework.utilities.EmulatorManager - ADB server started successfully
2026-04-09 15:48:42.722 [main] INFO  com.mobile.framework.base.BaseTest - ADB server started successfully
2026-04-09 15:48:42.725 [main] INFO  com.mobile.framework.base.BaseTest - No device connected, starting emulator...
2026-04-09 15:48:42.725 [main] INFO  com.mobile.framework.utilities.EmulatorManager - Starting Android emulator: Pixel_9_Pro_API_33 on port: 5554
2026-04-09 15:48:42.727 [main] INFO  com.mobile.framework.utilities.EmulatorManager - Waiting for emulator to boot...
2026-04-09 15:49:12.890 [main] INFO  com.mobile.framework.utilities.EmulatorManager - Emulator is ready for use
2026-04-09 15:49:12.896 [main] INFO  com.mobile.framework.utilities.EmulatorManager - Emulator started successfully: Pixel_9_Pro_API_33 on port: 5554
2026-04-09 15:49:12.920 [main] INFO  com.mobile.framework.drivers.AppiumServerManager - Starting Appium Server...
2026-04-09 15:49:13.202 [main] INFO  com.mobile.framework.base.BaseTest - Setting up test method...
2026-04-09 15:49:13.218 [main] INFO  com.mobile.framework.drivers.DriverFactory - Initializing Appium Driver for null...
2026-04-09 15:49:13.449 [main] INFO  com.mobile.framework.base.BaseTest - Tearing down test method...
2026-04-09 15:49:13.449 [main] INFO  com.mobile.framework.drivers.DriverFactory - Quitting Appium Driver...
2026-04-09 15:49:13.450 [main] WARN  com.mobile.framework.drivers.DriverFactory - No driver instance found to quit
2026-04-09 15:49:13.450 [main] INFO  com.mobile.framework.base.BaseTest - Driver quit successfully
2026-04-09 15:49:13.464 [main] INFO  com.mobile.framework.base.BaseTest - Tearing down test suite...
2026-04-09 15:49:13.465 [main] INFO  com.mobile.framework.drivers.AppiumServerManager - Stopping Appium Server...
2026-04-09 15:49:13.465 [main] WARN  com.mobile.framework.drivers.AppiumServerManager - Appium Server is not running or already stopped
2026-04-09 15:49:13.465 [main] INFO  com.mobile.framework.base.BaseTest - Appium server stopped successfully
2026-04-09 15:49:13.465 [main] INFO  com.mobile.framework.utilities.EmulatorManager - Stopping Android emulator...
2026-04-09 15:49:13.467 [main] INFO  com.mobile.framework.utilities.EmulatorManager - Emulator stopped successfully
2026-04-09 15:49:13.468 [main] INFO  com.mobile.framework.base.BaseTest - Emulator stopped if it was started by framework
2026-04-09 15:49:13.470 [main] INFO  com.mobile.framework.base.BaseTest - Extent reports flushed successfully
