2025-12-20 01:30:25.954 [com.mobile.framework.Main.main()] INFO  com.mobile.framework.Main - Flutter Mobile Automation Framework Demo
2025-12-20 01:30:25.959 [com.mobile.framework.Main.main()] INFO  com.mobile.framework.Main - =====================================
2025-12-20 01:30:25.962 [com.mobile.framework.Main.main()] INFO  com.mobile.framework.Main - App path from config: C:/path/to/your/flutter/app.apk
2025-12-20 01:30:25.963 [com.mobile.framework.Main.main()] INFO  com.mobile.framework.Main - Android device name from config: Android Emulator
2025-12-20 01:30:25.963 [com.mobile.framework.Main.main()] INFO  com.mobile.framework.Main - Framework structure verified successfully!
2025-12-20 01:30:25.964 [com.mobile.framework.Main.main()] INFO  com.mobile.framework.Main - To run actual tests:
2025-12-20 01:30:25.966 [com.mobile.framework.Main.main()] INFO  com.mobile.framework.Main - 1. Update config.properties with your app and device details
2025-12-20 01:30:25.967 [com.mobile.framework.Main.main()] INFO  com.mobile.framework.Main - 2. Connect an Android device or start an emulator
2025-12-20 01:30:25.967 [com.mobile.framework.Main.main()] INFO  com.mobile.framework.Main - 3. Run 'mvn test' command
2025-12-20 01:30:41.432 [com.mobile.framework.Main.main()] INFO  com.mobile.framework.Main - Flutter Mobile Automation Framework Demo
2025-12-20 01:30:41.441 [com.mobile.framework.Main.main()] INFO  com.mobile.framework.Main - =====================================
2025-12-20 01:30:41.446 [com.mobile.framework.Main.main()] INFO  com.mobile.framework.Main - App path from config: C:/path/to/your/flutter/app.apk
2025-12-20 01:30:41.447 [com.mobile.framework.Main.main()] INFO  com.mobile.framework.Main - Android device name from config: Android Emulator
2025-12-20 01:30:41.449 [com.mobile.framework.Main.main()] INFO  com.mobile.framework.Main - Framework structure verified successfully!
2025-12-20 01:30:41.451 [com.mobile.framework.Main.main()] INFO  com.mobile.framework.Main - To run actual tests:
2025-12-20 01:30:41.452 [com.mobile.framework.Main.main()] INFO  com.mobile.framework.Main - 1. Update config.properties with your app and device details
2025-12-20 01:30:41.453 [com.mobile.framework.Main.main()] INFO  com.mobile.framework.Main - 2. Connect an Android device or start an emulator
2025-12-20 01:30:41.454 [com.mobile.framework.Main.main()] INFO  com.mobile.framework.Main - 3. Run 'mvn test' command
2025-12-20 19:20:16.571 [main] INFO  com.mobile.framework.base.BaseTest - Setting up test suite...
2025-12-20 19:20:16.596 [main] INFO  com.mobile.framework.drivers.AppiumServerManager - Starting Appium Server...
2025-12-20 19:20:21.758 [main] INFO  com.mobile.framework.base.BaseTest - Setting up test method...
2025-12-20 19:20:21.788 [main] INFO  com.mobile.framework.base.BaseTest - Tearing down test method...
2025-12-20 19:20:21.801 [main] INFO  com.mobile.framework.base.BaseTest - Setting up test method...
2025-12-20 19:20:21.810 [main] INFO  com.mobile.framework.base.BaseTest - Tearing down test method...
2025-12-20 19:20:21.818 [main] INFO  com.mobile.framework.base.BaseTest - Setting up test method...
2025-12-20 19:20:21.826 [main] INFO  com.mobile.framework.base.BaseTest - Tearing down test method...
2025-12-20 19:20:21.849 [main] INFO  com.mobile.framework.base.BaseTest - Setting up test method...
2025-12-20 19:20:21.863 [main] INFO  com.mobile.framework.base.BaseTest - Tearing down test method...
2025-12-20 19:20:21.880 [main] INFO  com.mobile.framework.base.BaseTest - Setting up test method...
2025-12-20 19:20:21.890 [main] INFO  com.mobile.framework.base.BaseTest - Tearing down test method...
2025-12-20 19:20:21.896 [main] INFO  com.mobile.framework.base.BaseTest - Setting up test method...
2025-12-20 19:20:21.902 [main] INFO  com.mobile.framework.base.BaseTest - Tearing down test method...
2025-12-20 19:20:21.911 [main] INFO  com.mobile.framework.base.BaseTest - Tearing down test suite...
2025-12-20 19:20:21.912 [main] INFO  com.mobile.framework.drivers.AppiumServerManager - Stopping Appium Server...
2025-12-20 19:20:21.912 [main] WARN  com.mobile.framework.drivers.AppiumServerManager - Appium Server is not running or already stopped
2025-12-20 19:20:21.914 [main] INFO  com.mobile.framework.base.BaseTest - Appium server stopped successfully
2025-12-20 19:20:21.916 [main] INFO  com.mobile.framework.base.BaseTest - Extent reports flushed successfully
2025-12-20 19:21:33.541 [main] INFO  com.mobile.framework.base.BaseTest - Setting up test suite...
2025-12-20 19:21:33.548 [main] INFO  com.mobile.framework.drivers.AppiumServerManager - Starting Appium Server...
2025-12-20 19:21:35.988 [main] INFO  com.mobile.framework.base.BaseTest - Setting up test method...
2025-12-20 19:21:36.010 [main] INFO  com.mobile.framework.base.BaseTest - Tearing down test method...
2025-12-20 19:21:36.023 [main] INFO  com.mobile.framework.base.BaseTest - Setting up test method...
2025-12-20 19:21:36.029 [main] INFO  com.mobile.framework.base.BaseTest - Tearing down test method...
2025-12-20 19:21:36.036 [main] INFO  com.mobile.framework.base.BaseTest - Setting up test method...
2025-12-20 19:21:36.044 [main] INFO  com.mobile.framework.base.BaseTest - Tearing down test method...
2025-12-20 19:21:36.061 [main] INFO  com.mobile.framework.base.BaseTest - Setting up test method...
2025-12-20 19:21:36.070 [main] INFO  com.mobile.framework.base.BaseTest - Tearing down test method...
2025-12-20 19:21:36.078 [main] INFO  com.mobile.framework.base.BaseTest - Setting up test method...
2025-12-20 19:21:36.087 [main] INFO  com.mobile.framework.base.BaseTest - Tearing down test method...
2025-12-20 19:21:36.097 [main] INFO  com.mobile.framework.base.BaseTest - Setting up test method...
2025-12-20 19:21:36.106 [main] INFO  com.mobile.framework.base.BaseTest - Tearing down test method...
2025-12-20 19:21:36.118 [main] INFO  com.mobile.framework.base.BaseTest - Tearing down test suite...
2025-12-20 19:21:36.119 [main] INFO  com.mobile.framework.drivers.AppiumServerManager - Stopping Appium Server...
2025-12-20 19:21:36.119 [main] WARN  com.mobile.framework.drivers.AppiumServerManager - Appium Server is not running or already stopped
2025-12-20 19:21:36.119 [main] INFO  com.mobile.framework.base.BaseTest - Appium server stopped successfully
2025-12-20 19:21:36.122 [main] INFO  com.mobile.framework.base.BaseTest - Extent reports flushed successfully
2025-12-20 19:26:03.083 [main] INFO  com.mobile.framework.base.BaseTest - Setting up test suite...
2025-12-20 19:26:03.095 [main] INFO  com.mobile.framework.drivers.AppiumServerManager - Starting Appium Server...
2025-12-20 19:26:07.197 [main] INFO  com.mobile.framework.base.BaseTest - Setting up test method...
2025-12-20 19:26:07.223 [main] INFO  com.mobile.framework.drivers.DriverFactory - Initializing Appium Driver...
2025-12-20 19:26:09.527 [main] ERROR com.mobile.framework.drivers.DriverFactory - Failed to initialize Appium Driver: Could not start a new session. Response code 404. Message: The requested resource could not be found, or a request was received using an HTTP method that is not supported by the mapped resource 
Host info: host: 'SAHABAJ', ip: '192.168.29.202'
Build info: version: '4.12.0', revision: '249f2a7d1b*'
System info: os.name: 'Windows 11', os.arch: 'amd64', os.version: '10.0', java.version: '21.0.5'
Driver info: io.appium.java_client.android.AndroidDriver
Command: [null, newSession {capabilities=[{appium:app=C:/path/to/your/flutter/app.apk, appium:appActivity=com.yourcompany.yourflutterapp.MainActivity, appium:appPackage=com.yourcompany.yourflutterapp, appium:automationName=UiAutomator2, appium:deviceName=Android Emulator, appium:flutterEnable=true, appium:newCommandTimeout=300, platformName=ANDROID, appium:platformVersion=11.0, appium:udid=emulator-5554}], desiredCapabilities=Capabilities {app: C:/path/to/your/flutter/app..., appActivity: com.yourcompany.yourflutter..., appPackage: com.yourcompany.yourflutterapp, automationName: UiAutomator2, deviceName: Android Emulator, flutterEnable: true, newCommandTimeout: 300, platformName: ANDROID, platformVersion: 11.0, udid: emulator-5554}}]
Capabilities {app: C:/path/to/your/flutter/app..., appActivity: com.yourcompany.yourflutter..., appPackage: com.yourcompany.yourflutterapp, automationName: UiAutomator2, deviceName: Android Emulator, flutterEnable: true, newCommandTimeout: 300, platformName: ANDROID, platformVersion: 11.0, udid: emulator-5554}
2025-12-20 19:26:09.530 [main] ERROR com.mobile.framework.base.BaseTest - Failed to initialize driver: Failed to initialize Appium Driver
2025-12-20 19:26:09.545 [main] INFO  com.mobile.framework.base.BaseTest - Tearing down test method...
2025-12-20 19:26:09.546 [main] INFO  com.mobile.framework.drivers.DriverFactory - Quitting Appium Driver...
2025-12-20 19:26:09.546 [main] WARN  com.mobile.framework.drivers.DriverFactory - No driver instance found to quit
2025-12-20 19:26:09.547 [main] INFO  com.mobile.framework.base.BaseTest - Driver quit successfully
2025-12-20 19:26:09.551 [main] INFO  com.mobile.framework.base.BaseTest - Setting up test method...
2025-12-20 19:26:09.552 [main] INFO  com.mobile.framework.drivers.DriverFactory - Initializing Appium Driver...
2025-12-20 19:26:09.620 [main] ERROR com.mobile.framework.drivers.DriverFactory - Failed to initialize Appium Driver: Could not start a new session. Response code 404. Message: The requested resource could not be found, or a request was received using an HTTP method that is not supported by the mapped resource 
Host info: host: 'SAHABAJ', ip: '192.168.29.202'
Build info: version: '4.12.0', revision: '249f2a7d1b*'
System info: os.name: 'Windows 11', os.arch: 'amd64', os.version: '10.0', java.version: '21.0.5'
Driver info: io.appium.java_client.android.AndroidDriver
Command: [null, newSession {capabilities=[{appium:app=C:/path/to/your/flutter/app.apk, appium:appActivity=com.yourcompany.yourflutterapp.MainActivity, appium:appPackage=com.yourcompany.yourflutterapp, appium:automationName=UiAutomator2, appium:deviceName=Android Emulator, appium:flutterEnable=true, appium:newCommandTimeout=300, platformName=ANDROID, appium:platformVersion=11.0, appium:udid=emulator-5554}], desiredCapabilities=Capabilities {app: C:/path/to/your/flutter/app..., appActivity: com.yourcompany.yourflutter..., appPackage: com.yourcompany.yourflutterapp, automationName: UiAutomator2, deviceName: Android Emulator, flutterEnable: true, newCommandTimeout: 300, platformName: ANDROID, platformVersion: 11.0, udid: emulator-5554}}]
Capabilities {app: C:/path/to/your/flutter/app..., appActivity: com.yourcompany.yourflutter..., appPackage: com.yourcompany.yourflutterapp, automationName: UiAutomator2, deviceName: Android Emulator, flutterEnable: true, newCommandTimeout: 300, platformName: ANDROID, platformVersion: 11.0, udid: emulator-5554}
2025-12-20 19:26:09.623 [main] ERROR com.mobile.framework.base.BaseTest - Failed to initialize driver: Failed to initialize Appium Driver
2025-12-20 19:26:09.631 [main] INFO  com.mobile.framework.base.BaseTest - Tearing down test method...
2025-12-20 19:26:09.632 [main] INFO  com.mobile.framework.drivers.DriverFactory - Quitting Appium Driver...
2025-12-20 19:26:09.632 [main] WARN  com.mobile.framework.drivers.DriverFactory - No driver instance found to quit
2025-12-20 19:26:09.632 [main] INFO  com.mobile.framework.base.BaseTest - Driver quit successfully
2025-12-20 19:26:09.636 [main] INFO  com.mobile.framework.base.BaseTest - Setting up test method...
2025-12-20 19:26:09.637 [main] INFO  com.mobile.framework.drivers.DriverFactory - Initializing Appium Driver...
2025-12-20 19:26:09.867 [main] ERROR com.mobile.framework.drivers.DriverFactory - Failed to initialize Appium Driver: Could not start a new session. Response code 404. Message: The requested resource could not be found, or a request was received using an HTTP method that is not supported by the mapped resource 
Host info: host: 'SAHABAJ', ip: '192.168.29.202'
Build info: version: '4.12.0', revision: '249f2a7d1b*'
System info: os.name: 'Windows 11', os.arch: 'amd64', os.version: '10.0', java.version: '21.0.5'
Driver info: io.appium.java_client.android.AndroidDriver
Command: [null, newSession {capabilities=[{appium:app=C:/path/to/your/flutter/app.apk, appium:appActivity=com.yourcompany.yourflutterapp.MainActivity, appium:appPackage=com.yourcompany.yourflutterapp, appium:automationName=UiAutomator2, appium:deviceName=Android Emulator, appium:flutterEnable=true, appium:newCommandTimeout=300, platformName=ANDROID, appium:platformVersion=11.0, appium:udid=emulator-5554}], desiredCapabilities=Capabilities {app: C:/path/to/your/flutter/app..., appActivity: com.yourcompany.yourflutter..., appPackage: com.yourcompany.yourflutterapp, automationName: UiAutomator2, deviceName: Android Emulator, flutterEnable: true, newCommandTimeout: 300, platformName: ANDROID, platformVersion: 11.0, udid: emulator-5554}}]
Capabilities {app: C:/path/to/your/flutter/app..., appActivity: com.yourcompany.yourflutter..., appPackage: com.yourcompany.yourflutterapp, automationName: UiAutomator2, deviceName: Android Emulator, flutterEnable: true, newCommandTimeout: 300, platformName: ANDROID, platformVersion: 11.0, udid: emulator-5554}
2025-12-20 19:26:09.870 [main] ERROR com.mobile.framework.base.BaseTest - Failed to initialize driver: Failed to initialize Appium Driver
2025-12-20 19:26:09.902 [main] INFO  com.mobile.framework.base.BaseTest - Tearing down test method...
2025-12-20 19:26:09.903 [main] INFO  com.mobile.framework.drivers.DriverFactory - Quitting Appium Driver...
2025-12-20 19:26:09.903 [main] WARN  com.mobile.framework.drivers.DriverFactory - No driver instance found to quit
2025-12-20 19:26:09.903 [main] INFO  com.mobile.framework.base.BaseTest - Driver quit successfully
2025-12-20 19:26:09.916 [main] INFO  com.mobile.framework.base.BaseTest - Setting up test method...
2025-12-20 19:26:09.917 [main] INFO  com.mobile.framework.drivers.DriverFactory - Initializing Appium Driver...
2025-12-20 19:26:10.027 [main] ERROR com.mobile.framework.drivers.DriverFactory - Failed to initialize Appium Driver: Could not start a new session. Response code 404. Message: The requested resource could not be found, or a request was received using an HTTP method that is not supported by the mapped resource 
Host info: host: 'SAHABAJ', ip: '192.168.29.202'
Build info: version: '4.12.0', revision: '249f2a7d1b*'
System info: os.name: 'Windows 11', os.arch: 'amd64', os.version: '10.0', java.version: '21.0.5'
Driver info: io.appium.java_client.android.AndroidDriver
Command: [null, newSession {capabilities=[{appium:app=C:/path/to/your/flutter/app.apk, appium:appActivity=com.yourcompany.yourflutterapp.MainActivity, appium:appPackage=com.yourcompany.yourflutterapp, appium:automationName=UiAutomator2, appium:deviceName=Android Emulator, appium:flutterEnable=true, appium:newCommandTimeout=300, platformName=ANDROID, appium:platformVersion=11.0, appium:udid=emulator-5554}], desiredCapabilities=Capabilities {app: C:/path/to/your/flutter/app..., appActivity: com.yourcompany.yourflutter..., appPackage: com.yourcompany.yourflutterapp, automationName: UiAutomator2, deviceName: Android Emulator, flutterEnable: true, newCommandTimeout: 300, platformName: ANDROID, platformVersion: 11.0, udid: emulator-5554}}]
Capabilities {app: C:/path/to/your/flutter/app..., appActivity: com.yourcompany.yourflutter..., appPackage: com.yourcompany.yourflutterapp, automationName: UiAutomator2, deviceName: Android Emulator, flutterEnable: true, newCommandTimeout: 300, platformName: ANDROID, platformVersion: 11.0, udid: emulator-5554}
2025-12-20 19:26:10.031 [main] ERROR com.mobile.framework.base.BaseTest - Failed to initialize driver: Failed to initialize Appium Driver
2025-12-20 19:26:10.040 [main] INFO  com.mobile.framework.base.BaseTest - Tearing down test method...
2025-12-20 19:26:10.040 [main] INFO  com.mobile.framework.drivers.DriverFactory - Quitting Appium Driver...
2025-12-20 19:26:10.040 [main] WARN  com.mobile.framework.drivers.DriverFactory - No driver instance found to quit
2025-12-20 19:26:10.040 [main] INFO  com.mobile.framework.base.BaseTest - Driver quit successfully
2025-12-20 19:26:10.049 [main] INFO  com.mobile.framework.base.BaseTest - Setting up test method...
2025-12-20 19:26:10.054 [main] INFO  com.mobile.framework.drivers.DriverFactory - Initializing Appium Driver...
2025-12-20 19:26:10.206 [main] ERROR com.mobile.framework.drivers.DriverFactory - Failed to initialize Appium Driver: Could not start a new session. Response code 404. Message: The requested resource could not be found, or a request was received using an HTTP method that is not supported by the mapped resource 
Host info: host: 'SAHABAJ', ip: '192.168.29.202'
Build info: version: '4.12.0', revision: '249f2a7d1b*'
System info: os.name: 'Windows 11', os.arch: 'amd64', os.version: '10.0', java.version: '21.0.5'
Driver info: io.appium.java_client.android.AndroidDriver
Command: [null, newSession {capabilities=[{appium:app=C:/path/to/your/flutter/app.apk, appium:appActivity=com.yourcompany.yourflutterapp.MainActivity, appium:appPackage=com.yourcompany.yourflutterapp, appium:automationName=UiAutomator2, appium:deviceName=Android Emulator, appium:flutterEnable=true, appium:newCommandTimeout=300, platformName=ANDROID, appium:platformVersion=11.0, appium:udid=emulator-5554}], desiredCapabilities=Capabilities {app: C:/path/to/your/flutter/app..., appActivity: com.yourcompany.yourflutter..., appPackage: com.yourcompany.yourflutterapp, automationName: UiAutomator2, deviceName: Android Emulator, flutterEnable: true, newCommandTimeout: 300, platformName: ANDROID, platformVersion: 11.0, udid: emulator-5554}}]
Capabilities {app: C:/path/to/your/flutter/app..., appActivity: com.yourcompany.yourflutter..., appPackage: com.yourcompany.yourflutterapp, automationName: UiAutomator2, deviceName: Android Emulator, flutterEnable: true, newCommandTimeout: 300, platformName: ANDROID, platformVersion: 11.0, udid: emulator-5554}
2025-12-20 19:26:10.207 [main] ERROR com.mobile.framework.base.BaseTest - Failed to initialize driver: Failed to initialize Appium Driver
2025-12-20 19:26:10.227 [main] INFO  com.mobile.framework.base.BaseTest - Tearing down test method...
2025-12-20 19:26:10.227 [main] INFO  com.mobile.framework.drivers.DriverFactory - Quitting Appium Driver...
2025-12-20 19:26:10.228 [main] WARN  com.mobile.framework.drivers.DriverFactory - No driver instance found to quit
2025-12-20 19:26:10.229 [main] INFO  com.mobile.framework.base.BaseTest - Driver quit successfully
2025-12-20 19:26:10.234 [main] INFO  com.mobile.framework.base.BaseTest - Setting up test method...
2025-12-20 19:26:10.235 [main] INFO  com.mobile.framework.drivers.DriverFactory - Initializing Appium Driver...
2025-12-20 19:26:10.302 [main] ERROR com.mobile.framework.drivers.DriverFactory - Failed to initialize Appium Driver: Could not start a new session. Response code 404. Message: The requested resource could not be found, or a request was received using an HTTP method that is not supported by the mapped resource 
Host info: host: 'SAHABAJ', ip: '192.168.29.202'
Build info: version: '4.12.0', revision: '249f2a7d1b*'
System info: os.name: 'Windows 11', os.arch: 'amd64', os.version: '10.0', java.version: '21.0.5'
Driver info: io.appium.java_client.android.AndroidDriver
Command: [null, newSession {capabilities=[{appium:app=C:/path/to/your/flutter/app.apk, appium:appActivity=com.yourcompany.yourflutterapp.MainActivity, appium:appPackage=com.yourcompany.yourflutterapp, appium:automationName=UiAutomator2, appium:deviceName=Android Emulator, appium:flutterEnable=true, appium:newCommandTimeout=300, platformName=ANDROID, appium:platformVersion=11.0, appium:udid=emulator-5554}], desiredCapabilities=Capabilities {app: C:/path/to/your/flutter/app..., appActivity: com.yourcompany.yourflutter..., appPackage: com.yourcompany.yourflutterapp, automationName: UiAutomator2, deviceName: Android Emulator, flutterEnable: true, newCommandTimeout: 300, platformName: ANDROID, platformVersion: 11.0, udid: emulator-5554}}]
Capabilities {app: C:/path/to/your/flutter/app..., appActivity: com.yourcompany.yourflutter..., appPackage: com.yourcompany.yourflutterapp, automationName: UiAutomator2, deviceName: Android Emulator, flutterEnable: true, newCommandTimeout: 300, platformName: ANDROID, platformVersion: 11.0, udid: emulator-5554}
2025-12-20 19:26:10.302 [main] ERROR com.mobile.framework.base.BaseTest - Failed to initialize driver: Failed to initialize Appium Driver
2025-12-20 19:26:10.310 [main] INFO  com.mobile.framework.base.BaseTest - Tearing down test method...
2025-12-20 19:26:10.311 [main] INFO  com.mobile.framework.drivers.DriverFactory - Quitting Appium Driver...
2025-12-20 19:26:10.312 [main] WARN  com.mobile.framework.drivers.DriverFactory - No driver instance found to quit
2025-12-20 19:26:10.313 [main] INFO  com.mobile.framework.base.BaseTest - Driver quit successfully
2025-12-20 19:26:10.317 [main] INFO  com.mobile.framework.base.BaseTest - Tearing down test suite...
2025-12-20 19:26:10.318 [main] INFO  com.mobile.framework.drivers.AppiumServerManager - Stopping Appium Server...
2025-12-20 19:26:10.318 [main] WARN  com.mobile.framework.drivers.AppiumServerManager - Appium Server is not running or already stopped
2025-12-20 19:26:10.318 [main] INFO  com.mobile.framework.base.BaseTest - Appium server stopped successfully
2025-12-20 19:26:10.320 [main] INFO  com.mobile.framework.base.BaseTest - Extent reports flushed successfully
2025-12-20 19:27:35.730 [main] INFO  com.mobile.framework.base.BaseTest - Setting up test suite...
2025-12-20 19:27:35.762 [main] INFO  com.mobile.framework.drivers.AppiumServerManager - Starting Appium Server...
2025-12-20 19:27:39.669 [main] INFO  com.mobile.framework.base.BaseTest - Setting up test method...
2025-12-20 19:27:39.694 [main] INFO  com.mobile.framework.base.BaseTest - Tearing down test method...
2025-12-20 19:27:39.704 [main] INFO  com.mobile.framework.base.BaseTest - Setting up test method...
2025-12-20 19:27:39.716 [main] INFO  com.mobile.framework.base.BaseTest - Tearing down test method...
2025-12-20 19:27:39.725 [main] INFO  com.mobile.framework.base.BaseTest - Setting up test method...
2025-12-20 19:27:39.734 [main] INFO  com.mobile.framework.base.BaseTest - Tearing down test method...
2025-12-20 19:27:39.748 [main] INFO  com.mobile.framework.base.BaseTest - Setting up test method...
2025-12-20 19:27:39.754 [main] INFO  com.mobile.framework.base.BaseTest - Tearing down test method...
2025-12-20 19:27:39.761 [main] INFO  com.mobile.framework.base.BaseTest - Setting up test method...
2025-12-20 19:27:39.774 [main] INFO  com.mobile.framework.base.BaseTest - Tearing down test method...
2025-12-20 19:27:39.782 [main] INFO  com.mobile.framework.base.BaseTest - Setting up test method...
2025-12-20 19:27:39.789 [main] INFO  com.mobile.framework.base.BaseTest - Tearing down test method...
2025-12-20 19:27:39.795 [main] INFO  com.mobile.framework.base.BaseTest - Tearing down test suite...
2025-12-20 19:27:39.796 [main] INFO  com.mobile.framework.drivers.AppiumServerManager - Stopping Appium Server...
2025-12-20 19:27:39.796 [main] WARN  com.mobile.framework.drivers.AppiumServerManager - Appium Server is not running or already stopped
2025-12-20 19:27:39.796 [main] INFO  com.mobile.framework.base.BaseTest - Appium server stopped successfully
2025-12-20 19:27:39.800 [main] INFO  com.mobile.framework.base.BaseTest - Extent reports flushed successfully
2025-12-20 19:32:27.434 [main] INFO  com.mobile.framework.base.BaseTest - Setting up test suite...
2025-12-20 19:32:27.477 [main] INFO  com.mobile.framework.drivers.AppiumServerManager - Starting Appium Server...
2025-12-20 19:32:43.888 [main] INFO  com.mobile.framework.base.BaseTest - Setting up test method...
2025-12-20 19:32:43.918 [main] INFO  com.mobile.framework.base.BaseTest - Tearing down test method...
2025-12-20 19:32:43.929 [main] INFO  com.mobile.framework.base.BaseTest - Setting up test method...
2025-12-20 19:32:43.942 [main] INFO  com.mobile.framework.base.BaseTest - Tearing down test method...
2025-12-20 19:32:43.948 [main] INFO  com.mobile.framework.base.BaseTest - Setting up test method...
2025-12-20 19:32:43.970 [main] INFO  com.mobile.framework.base.BaseTest - Tearing down test method...
2025-12-20 19:32:44.016 [main] INFO  com.mobile.framework.base.BaseTest - Setting up test method...
2025-12-20 19:32:44.023 [main] INFO  com.mobile.framework.base.BaseTest - Tearing down test method...
2025-12-20 19:32:44.038 [main] INFO  com.mobile.framework.base.BaseTest - Setting up test method...
2025-12-20 19:32:44.064 [main] INFO  com.mobile.framework.base.BaseTest - Tearing down test method...
2025-12-20 19:32:44.076 [main] INFO  com.mobile.framework.base.BaseTest - Setting up test method...
2025-12-20 19:32:44.096 [main] INFO  com.mobile.framework.base.BaseTest - Tearing down test method...
2025-12-20 19:32:44.187 [main] INFO  com.mobile.framework.base.BaseTest - Tearing down test suite...
2025-12-20 19:32:44.191 [main] INFO  com.mobile.framework.drivers.AppiumServerManager - Stopping Appium Server...
2025-12-20 19:32:44.194 [main] WARN  com.mobile.framework.drivers.AppiumServerManager - Appium Server is not running or already stopped
2025-12-20 19:32:44.254 [main] INFO  com.mobile.framework.base.BaseTest - Appium server stopped successfully
2025-12-20 19:32:44.312 [main] INFO  com.mobile.framework.base.BaseTest - Extent reports flushed successfully
2025-12-20 19:34:30.675 [main] INFO  com.mobile.framework.base.BaseTest - Setting up test suite...
2025-12-20 19:34:30.681 [main] INFO  com.mobile.framework.drivers.AppiumServerManager - Starting Appium Server...
2025-12-20 19:34:35.999 [main] INFO  com.mobile.framework.base.BaseTest - Setting up test method...
2025-12-20 19:34:36.038 [main] INFO  com.mobile.framework.base.BaseTest - Tearing down test method...
2025-12-20 19:34:36.057 [main] INFO  com.mobile.framework.base.BaseTest - Setting up test method...
2025-12-20 19:34:36.074 [main] INFO  com.mobile.framework.base.BaseTest - Tearing down test method...
2025-12-20 19:34:36.088 [main] INFO  com.mobile.framework.base.BaseTest - Setting up test method...
2025-12-20 19:34:36.094 [main] INFO  com.mobile.framework.base.BaseTest - Tearing down test method...
2025-12-20 19:34:36.112 [main] INFO  com.mobile.framework.base.BaseTest - Setting up test method...
2025-12-20 19:34:36.146 [main] INFO  com.mobile.framework.base.BaseTest - Tearing down test method...
2025-12-20 19:34:36.160 [main] INFO  com.mobile.framework.base.BaseTest - Setting up test method...
2025-12-20 19:34:36.167 [main] INFO  com.mobile.framework.base.BaseTest - Tearing down test method...
2025-12-20 19:34:36.172 [main] INFO  com.mobile.framework.base.BaseTest - Setting up test method...
2025-12-20 19:34:36.176 [main] INFO  com.mobile.framework.base.BaseTest - Tearing down test method...
2025-12-20 19:34:36.181 [main] INFO  com.mobile.framework.base.BaseTest - Tearing down test suite...
2025-12-20 19:34:36.181 [main] INFO  com.mobile.framework.drivers.AppiumServerManager - Stopping Appium Server...
2025-12-20 19:34:36.181 [main] WARN  com.mobile.framework.drivers.AppiumServerManager - Appium Server is not running or already stopped
2025-12-20 19:34:36.181 [main] INFO  com.mobile.framework.base.BaseTest - Appium server stopped successfully
2025-12-20 19:34:36.183 [main] INFO  com.mobile.framework.base.BaseTest - Extent reports flushed successfully
