2026-04-16 17:56:07.600 [main] INFO  com.mobile.framework.base.BaseTest - Setting up test suite...
2026-04-16 17:56:07.604 [main] INFO  com.mobile.framework.base.BaseTest - Execution type is LOCAL. Initiating local dependencies.
2026-04-16 17:56:07.604 [main] INFO  com.mobile.framework.utilities.EmulatorManager - Starting ADB server...
2026-04-16 17:56:08.635 [main] INFO  com.mobile.framework.utilities.EmulatorManager - ADB server started successfully
2026-04-16 17:56:08.636 [main] INFO  com.mobile.framework.base.BaseTest - ADB server started successfully
2026-04-16 17:56:08.638 [main] INFO  com.mobile.framework.base.BaseTest - No device connected, starting emulator...
2026-04-16 17:56:08.639 [main] INFO  com.mobile.framework.utilities.EmulatorManager - Starting Android emulator: Pixel_9_Pro_API_33 on port: 5554
2026-04-16 17:56:08.640 [main] INFO  com.mobile.framework.utilities.EmulatorManager - Waiting for emulator to boot...
2026-04-16 17:56:39.583 [main] INFO  com.mobile.framework.utilities.EmulatorManager - Emulator is ready for use
2026-04-16 17:56:39.640 [main] INFO  com.mobile.framework.utilities.EmulatorManager - Emulator started successfully: Pixel_9_Pro_API_33 on port: 5554
2026-04-16 17:56:39.810 [main] INFO  com.mobile.framework.drivers.AppiumServerManager - Starting Appium Server...
2026-04-16 17:59:51.577 [main] INFO  com.mobile.framework.base.BaseTest - Setting up test suite...
2026-04-16 17:59:51.579 [main] INFO  com.mobile.framework.base.BaseTest - Execution type is LOCAL. Initiating local dependencies.
2026-04-16 17:59:51.580 [main] INFO  com.mobile.framework.utilities.EmulatorManager - Starting ADB server...
2026-04-16 17:59:52.606 [main] INFO  com.mobile.framework.utilities.EmulatorManager - ADB server started successfully
2026-04-16 17:59:52.606 [main] INFO  com.mobile.framework.base.BaseTest - ADB server started successfully
2026-04-16 17:59:52.608 [main] INFO  com.mobile.framework.base.BaseTest - No device connected, starting emulator...
2026-04-16 17:59:52.609 [main] INFO  com.mobile.framework.utilities.EmulatorManager - Starting Android emulator: Pixel_9_Pro_API_33 on port: 5554
2026-04-16 17:59:52.610 [main] INFO  com.mobile.framework.utilities.EmulatorManager - Waiting for emulator to boot...
2026-04-16 18:00:22.728 [main] INFO  com.mobile.framework.utilities.EmulatorManager - Emulator is ready for use
2026-04-16 18:00:22.738 [main] INFO  com.mobile.framework.utilities.EmulatorManager - Emulator started successfully: Pixel_9_Pro_API_33 on port: 5554
2026-04-16 18:00:22.751 [main] INFO  com.mobile.framework.drivers.AppiumServerManager - Starting Appium Server...
2026-04-16 18:00:22.961 [main] INFO  com.mobile.framework.base.BaseTest - Setting up test method...
2026-04-16 18:00:23.069 [main] INFO  com.mobile.framework.drivers.DriverFactory - Initializing Appium Driver for null...
2026-04-16 18:00:23.543 [main] INFO  com.mobile.framework.base.BaseTest - Tearing down test method...
2026-04-16 18:00:23.544 [main] INFO  com.mobile.framework.drivers.DriverFactory - Quitting Appium Driver...
2026-04-16 18:00:23.544 [main] WARN  com.mobile.framework.drivers.DriverFactory - No driver instance found to quit
2026-04-16 18:00:23.544 [main] INFO  com.mobile.framework.base.BaseTest - Driver quit successfully
2026-04-16 18:00:23.566 [main] INFO  com.mobile.framework.base.BaseTest - Tearing down test suite...
2026-04-16 18:00:23.566 [main] INFO  com.mobile.framework.drivers.AppiumServerManager - Stopping Appium Server...
2026-04-16 18:00:23.566 [main] WARN  com.mobile.framework.drivers.AppiumServerManager - Appium Server is not running or already stopped
2026-04-16 18:00:23.566 [main] INFO  com.mobile.framework.base.BaseTest - Appium server stopped successfully
2026-04-16 18:00:23.566 [main] INFO  com.mobile.framework.utilities.EmulatorManager - Stopping Android emulator...
2026-04-16 18:00:23.567 [main] INFO  com.mobile.framework.utilities.EmulatorManager - Emulator stopped successfully
2026-04-16 18:00:23.567 [main] INFO  com.mobile.framework.base.BaseTest - Emulator stopped if it was started by framework
2026-04-16 18:00:23.568 [main] INFO  com.mobile.framework.base.BaseTest - Extent reports flushed successfully
2026-04-16 18:00:51.174 [main] INFO  com.mobile.framework.base.BaseTest - Setting up test suite...
2026-04-16 18:00:51.177 [main] INFO  com.mobile.framework.base.BaseTest - Execution type is LOCAL. Initiating local dependencies.
2026-04-16 18:00:51.177 [main] INFO  com.mobile.framework.utilities.EmulatorManager - Starting ADB server...
2026-04-16 18:00:51.183 [main] INFO  com.mobile.framework.utilities.EmulatorManager - ADB server started successfully
2026-04-16 18:00:51.184 [main] INFO  com.mobile.framework.base.BaseTest - ADB server started successfully
2026-04-16 18:00:51.186 [main] INFO  com.mobile.framework.base.BaseTest - No device connected, starting emulator...
2026-04-16 18:00:51.186 [main] INFO  com.mobile.framework.utilities.EmulatorManager - Starting Android emulator: Pixel_9_Pro_API_33 on port: 5554
2026-04-16 18:00:51.187 [main] INFO  com.mobile.framework.utilities.EmulatorManager - Waiting for emulator to boot...
2026-04-16 18:01:31.242 [main] INFO  com.mobile.framework.utilities.EmulatorManager - Waiting for emulator to boot... attempt 1/30
2026-04-16 18:01:41.281 [main] INFO  com.mobile.framework.utilities.EmulatorManager - Waiting for emulator to boot... attempt 2/30
2026-04-16 18:01:41.332 [main] INFO  com.mobile.framework.utilities.EmulatorManager - Emulator is ready for use
2026-04-16 18:01:41.333 [main] INFO  com.mobile.framework.utilities.EmulatorManager - Emulator started successfully: Pixel_9_Pro_API_33 on port: 5554
2026-04-16 18:01:41.337 [main] INFO  com.mobile.framework.drivers.AppiumServerManager - Starting Appium Server...
2026-04-16 18:01:41.501 [main] INFO  com.mobile.framework.base.BaseTest - Setting up test method...
2026-04-16 18:01:41.533 [main] INFO  com.mobile.framework.drivers.DriverFactory - Initializing Appium Driver for null...
2026-04-16 18:01:41.682 [main] INFO  com.mobile.framework.base.BaseTest - Tearing down test method...
2026-04-16 18:01:41.682 [main] INFO  com.mobile.framework.drivers.DriverFactory - Quitting Appium Driver...
2026-04-16 18:01:41.682 [main] WARN  com.mobile.framework.drivers.DriverFactory - No driver instance found to quit
2026-04-16 18:01:41.683 [main] INFO  com.mobile.framework.base.BaseTest - Driver quit successfully
2026-04-16 18:01:41.685 [main] INFO  com.mobile.framework.base.BaseTest - Setting up test method...
2026-04-16 18:01:41.686 [main] INFO  com.mobile.framework.drivers.DriverFactory - Initializing Appium Driver for null...
2026-04-16 18:01:41.692 [main] INFO  com.mobile.framework.base.BaseTest - Tearing down test method...
2026-04-16 18:01:41.692 [main] INFO  com.mobile.framework.drivers.DriverFactory - Quitting Appium Driver...
2026-04-16 18:01:41.697 [main] WARN  com.mobile.framework.drivers.DriverFactory - No driver instance found to quit
2026-04-16 18:01:41.698 [main] INFO  com.mobile.framework.base.BaseTest - Driver quit successfully
2026-04-16 18:01:41.711 [main] INFO  com.mobile.framework.base.BaseTest - Setting up test method...
2026-04-16 18:01:41.711 [main] INFO  com.mobile.framework.drivers.DriverFactory - Initializing Appium Driver for null...
2026-04-16 18:01:41.718 [main] INFO  com.mobile.framework.base.BaseTest - Tearing down test method...
2026-04-16 18:01:41.720 [main] INFO  com.mobile.framework.drivers.DriverFactory - Quitting Appium Driver...
2026-04-16 18:01:41.720 [main] WARN  com.mobile.framework.drivers.DriverFactory - No driver instance found to quit
2026-04-16 18:01:41.721 [main] INFO  com.mobile.framework.base.BaseTest - Driver quit successfully
2026-04-16 18:01:41.725 [main] INFO  com.mobile.framework.base.BaseTest - Setting up test method...
2026-04-16 18:01:41.726 [main] INFO  com.mobile.framework.drivers.DriverFactory - Initializing Appium Driver for null...
2026-04-16 18:01:41.742 [main] INFO  com.mobile.framework.base.BaseTest - Tearing down test method...
2026-04-16 18:01:41.747 [main] INFO  com.mobile.framework.drivers.DriverFactory - Quitting Appium Driver...
2026-04-16 18:01:41.747 [main] WARN  com.mobile.framework.drivers.DriverFactory - No driver instance found to quit
2026-04-16 18:01:41.747 [main] INFO  com.mobile.framework.base.BaseTest - Driver quit successfully
2026-04-16 18:01:41.752 [main] INFO  com.mobile.framework.base.BaseTest - Setting up test method...
2026-04-16 18:01:41.755 [main] INFO  com.mobile.framework.drivers.DriverFactory - Initializing Appium Driver for null...
2026-04-16 18:01:41.766 [main] INFO  com.mobile.framework.base.BaseTest - Tearing down test method...
2026-04-16 18:01:41.767 [main] INFO  com.mobile.framework.drivers.DriverFactory - Quitting Appium Driver...
2026-04-16 18:01:41.767 [main] WARN  com.mobile.framework.drivers.DriverFactory - No driver instance found to quit
2026-04-16 18:01:41.768 [main] INFO  com.mobile.framework.base.BaseTest - Driver quit successfully
2026-04-16 18:01:41.772 [main] INFO  com.mobile.framework.base.BaseTest - Setting up test method...
2026-04-16 18:01:41.777 [main] INFO  com.mobile.framework.drivers.DriverFactory - Initializing Appium Driver for null...
2026-04-16 18:01:41.792 [main] INFO  com.mobile.framework.base.BaseTest - Tearing down test method...
2026-04-16 18:01:41.794 [main] INFO  com.mobile.framework.drivers.DriverFactory - Quitting Appium Driver...
2026-04-16 18:01:41.794 [main] WARN  com.mobile.framework.drivers.DriverFactory - No driver instance found to quit
2026-04-16 18:01:41.794 [main] INFO  com.mobile.framework.base.BaseTest - Driver quit successfully
2026-04-16 18:01:41.803 [main] INFO  com.mobile.framework.base.BaseTest - Tearing down test suite...
2026-04-16 18:01:41.804 [main] INFO  com.mobile.framework.drivers.AppiumServerManager - Stopping Appium Server...
2026-04-16 18:01:41.804 [main] WARN  com.mobile.framework.drivers.AppiumServerManager - Appium Server is not running or already stopped
2026-04-16 18:01:41.804 [main] INFO  com.mobile.framework.base.BaseTest - Appium server stopped successfully
2026-04-16 18:01:41.804 [main] INFO  com.mobile.framework.utilities.EmulatorManager - Stopping Android emulator...
2026-04-16 18:01:41.805 [main] INFO  com.mobile.framework.utilities.EmulatorManager - Emulator stopped successfully
2026-04-16 18:01:41.805 [main] INFO  com.mobile.framework.base.BaseTest - Emulator stopped if it was started by framework
2026-04-16 18:01:41.806 [main] INFO  com.mobile.framework.base.BaseTest - Extent reports flushed successfully
2026-04-16 18:01:46.747 [main] INFO  com.mobile.framework.base.BaseTest - Setting up test suite...
2026-04-16 18:01:46.749 [main] INFO  com.mobile.framework.base.BaseTest - Execution type is LOCAL. Initiating local dependencies.
2026-04-16 18:01:46.750 [main] INFO  com.mobile.framework.utilities.EmulatorManager - Starting ADB server...
2026-04-16 18:01:46.756 [main] INFO  com.mobile.framework.utilities.EmulatorManager - ADB server started successfully
2026-04-16 18:01:46.756 [main] INFO  com.mobile.framework.base.BaseTest - ADB server started successfully
2026-04-16 18:01:46.758 [main] INFO  com.mobile.framework.base.BaseTest - No device connected, starting emulator...
2026-04-16 18:01:46.759 [main] INFO  com.mobile.framework.utilities.EmulatorManager - Starting Android emulator: Pixel_9_Pro_API_33 on port: 5554
2026-04-16 18:01:46.760 [main] INFO  com.mobile.framework.utilities.EmulatorManager - Waiting for emulator to boot...
2026-04-16 18:02:16.921 [main] INFO  com.mobile.framework.utilities.EmulatorManager - Emulator is ready for use
2026-04-16 18:02:16.924 [main] INFO  com.mobile.framework.utilities.EmulatorManager - Emulator started successfully: Pixel_9_Pro_API_33 on port: 5554
2026-04-16 18:02:16.927 [main] INFO  com.mobile.framework.drivers.AppiumServerManager - Starting Appium Server...
2026-04-16 18:02:17.078 [main] INFO  com.mobile.framework.base.BaseTest - Setting up test method...
2026-04-16 18:02:17.101 [main] INFO  com.mobile.framework.drivers.DriverFactory - Initializing Appium Driver for null...
2026-04-16 18:02:17.250 [main] INFO  com.mobile.framework.base.BaseTest - Tearing down test method...
2026-04-16 18:02:17.250 [main] INFO  com.mobile.framework.drivers.DriverFactory - Quitting Appium Driver...
2026-04-16 18:02:17.250 [main] WARN  com.mobile.framework.drivers.DriverFactory - No driver instance found to quit
2026-04-16 18:02:17.250 [main] INFO  com.mobile.framework.base.BaseTest - Driver quit successfully
2026-04-16 18:02:17.252 [main] INFO  com.mobile.framework.base.BaseTest - Setting up test method...
2026-04-16 18:02:17.252 [main] INFO  com.mobile.framework.drivers.DriverFactory - Initializing Appium Driver for null...
2026-04-16 18:02:17.257 [main] INFO  com.mobile.framework.base.BaseTest - Tearing down test method...
2026-04-16 18:02:17.257 [main] INFO  com.mobile.framework.drivers.DriverFactory - Quitting Appium Driver...
2026-04-16 18:02:17.257 [main] WARN  com.mobile.framework.drivers.DriverFactory - No driver instance found to quit
2026-04-16 18:02:17.257 [main] INFO  com.mobile.framework.base.BaseTest - Driver quit successfully
2026-04-16 18:02:17.259 [main] INFO  com.mobile.framework.base.BaseTest - Setting up test method...
2026-04-16 18:02:17.259 [main] INFO  com.mobile.framework.drivers.DriverFactory - Initializing Appium Driver for null...
2026-04-16 18:02:17.263 [main] INFO  com.mobile.framework.base.BaseTest - Tearing down test method...
2026-04-16 18:02:17.263 [main] INFO  com.mobile.framework.drivers.DriverFactory - Quitting Appium Driver...
2026-04-16 18:02:17.263 [main] WARN  com.mobile.framework.drivers.DriverFactory - No driver instance found to quit
2026-04-16 18:02:17.263 [main] INFO  com.mobile.framework.base.BaseTest - Driver quit successfully
2026-04-16 18:02:17.265 [main] INFO  com.mobile.framework.base.BaseTest - Setting up test method...
2026-04-16 18:02:17.265 [main] INFO  com.mobile.framework.drivers.DriverFactory - Initializing Appium Driver for null...
2026-04-16 18:02:17.270 [main] INFO  com.mobile.framework.base.BaseTest - Tearing down test method...
2026-04-16 18:02:17.270 [main] INFO  com.mobile.framework.drivers.DriverFactory - Quitting Appium Driver...
2026-04-16 18:02:17.271 [main] WARN  com.mobile.framework.drivers.DriverFactory - No driver instance found to quit
2026-04-16 18:02:17.271 [main] INFO  com.mobile.framework.base.BaseTest - Driver quit successfully
2026-04-16 18:02:17.272 [main] INFO  com.mobile.framework.base.BaseTest - Setting up test method...
2026-04-16 18:02:17.272 [main] INFO  com.mobile.framework.drivers.DriverFactory - Initializing Appium Driver for null...
2026-04-16 18:02:17.277 [main] INFO  com.mobile.framework.base.BaseTest - Tearing down test method...
2026-04-16 18:02:17.277 [main] INFO  com.mobile.framework.drivers.DriverFactory - Quitting Appium Driver...
2026-04-16 18:02:17.277 [main] WARN  com.mobile.framework.drivers.DriverFactory - No driver instance found to quit
2026-04-16 18:02:17.277 [main] INFO  com.mobile.framework.base.BaseTest - Driver quit successfully
2026-04-16 18:02:17.280 [main] INFO  com.mobile.framework.base.BaseTest - Setting up test method...
2026-04-16 18:02:17.280 [main] INFO  com.mobile.framework.drivers.DriverFactory - Initializing Appium Driver for null...
2026-04-16 18:02:17.286 [main] INFO  com.mobile.framework.base.BaseTest - Tearing down test method...
2026-04-16 18:02:17.288 [main] INFO  com.mobile.framework.drivers.DriverFactory - Quitting Appium Driver...
2026-04-16 18:02:17.288 [main] WARN  com.mobile.framework.drivers.DriverFactory - No driver instance found to quit
2026-04-16 18:02:17.288 [main] INFO  com.mobile.framework.base.BaseTest - Driver quit successfully
2026-04-16 18:02:17.296 [main] INFO  com.mobile.framework.base.BaseTest - Tearing down test suite...
2026-04-16 18:02:17.296 [main] INFO  com.mobile.framework.drivers.AppiumServerManager - Stopping Appium Server...
2026-04-16 18:02:17.296 [main] WARN  com.mobile.framework.drivers.AppiumServerManager - Appium Server is not running or already stopped
2026-04-16 18:02:17.297 [main] INFO  com.mobile.framework.base.BaseTest - Appium server stopped successfully
2026-04-16 18:02:17.297 [main] INFO  com.mobile.framework.utilities.EmulatorManager - Stopping Android emulator...
2026-04-16 18:02:17.297 [main] INFO  com.mobile.framework.utilities.EmulatorManager - Emulator stopped successfully
2026-04-16 18:02:17.297 [main] INFO  com.mobile.framework.base.BaseTest - Emulator stopped if it was started by framework
2026-04-16 18:02:17.298 [main] INFO  com.mobile.framework.base.BaseTest - Extent reports flushed successfully
2026-04-16 18:02:42.014 [main] INFO  com.mobile.framework.base.BaseTest - Setting up test suite...
2026-04-16 18:02:42.016 [main] INFO  com.mobile.framework.base.BaseTest - Execution type is LOCAL. Initiating local dependencies.
2026-04-16 18:02:42.017 [main] INFO  com.mobile.framework.utilities.EmulatorManager - Starting ADB server...
2026-04-16 18:02:42.023 [main] INFO  com.mobile.framework.utilities.EmulatorManager - ADB server started successfully
2026-04-16 18:02:42.023 [main] INFO  com.mobile.framework.base.BaseTest - ADB server started successfully
2026-04-16 18:02:42.026 [main] INFO  com.mobile.framework.base.BaseTest - No device connected, starting emulator...
2026-04-16 18:02:42.026 [main] INFO  com.mobile.framework.utilities.EmulatorManager - Starting Android emulator: Pixel_9_Pro_API_33 on port: 5554
2026-04-16 18:02:42.027 [main] INFO  com.mobile.framework.utilities.EmulatorManager - Waiting for emulator to boot...
2026-04-16 18:03:12.086 [main] INFO  com.mobile.framework.utilities.EmulatorManager - Emulator is ready for use
2026-04-16 18:03:12.089 [main] INFO  com.mobile.framework.utilities.EmulatorManager - Emulator started successfully: Pixel_9_Pro_API_33 on port: 5554
2026-04-16 18:03:12.092 [main] INFO  com.mobile.framework.drivers.AppiumServerManager - Starting Appium Server...
2026-04-16 18:03:12.322 [main] INFO  com.mobile.framework.base.BaseTest - Setting up test method...
2026-04-16 18:03:12.378 [main] INFO  com.mobile.framework.drivers.DriverFactory - Initializing Appium Driver for null...
2026-04-16 18:03:12.638 [main] INFO  com.mobile.framework.base.BaseTest - Tearing down test method...
2026-04-16 18:03:12.639 [main] INFO  com.mobile.framework.drivers.DriverFactory - Quitting Appium Driver...
2026-04-16 18:03:12.639 [main] WARN  com.mobile.framework.drivers.DriverFactory - No driver instance found to quit
2026-04-16 18:03:12.639 [main] INFO  com.mobile.framework.base.BaseTest - Driver quit successfully
2026-04-16 18:03:12.643 [main] INFO  com.mobile.framework.base.BaseTest - Setting up test method...
2026-04-16 18:03:12.643 [main] INFO  com.mobile.framework.drivers.DriverFactory - Initializing Appium Driver for null...
2026-04-16 18:03:12.649 [main] INFO  com.mobile.framework.base.BaseTest - Tearing down test method...
2026-04-16 18:03:12.649 [main] INFO  com.mobile.framework.drivers.DriverFactory - Quitting Appium Driver...
2026-04-16 18:03:12.650 [main] WARN  com.mobile.framework.drivers.DriverFactory - No driver instance found to quit
2026-04-16 18:03:12.650 [main] INFO  com.mobile.framework.base.BaseTest - Driver quit successfully
2026-04-16 18:03:12.652 [main] INFO  com.mobile.framework.base.BaseTest - Setting up test method...
2026-04-16 18:03:12.652 [main] INFO  com.mobile.framework.drivers.DriverFactory - Initializing Appium Driver for null...
2026-04-16 18:03:12.657 [main] INFO  com.mobile.framework.base.BaseTest - Tearing down test method...
2026-04-16 18:03:12.657 [main] INFO  com.mobile.framework.drivers.DriverFactory - Quitting Appium Driver...
2026-04-16 18:03:12.657 [main] WARN  com.mobile.framework.drivers.DriverFactory - No driver instance found to quit
2026-04-16 18:03:12.657 [main] INFO  com.mobile.framework.base.BaseTest - Driver quit successfully
2026-04-16 18:03:12.665 [main] INFO  com.mobile.framework.base.BaseTest - Setting up test method...
2026-04-16 18:03:12.665 [main] INFO  com.mobile.framework.drivers.DriverFactory - Initializing Appium Driver for null...
2026-04-16 18:03:12.676 [main] INFO  com.mobile.framework.base.BaseTest - Tearing down test method...
2026-04-16 18:03:12.676 [main] INFO  com.mobile.framework.drivers.DriverFactory - Quitting Appium Driver...
2026-04-16 18:03:12.677 [main] WARN  com.mobile.framework.drivers.DriverFactory - No driver instance found to quit
2026-04-16 18:03:12.677 [main] INFO  com.mobile.framework.base.BaseTest - Driver quit successfully
2026-04-16 18:03:12.678 [main] INFO  com.mobile.framework.base.BaseTest - Setting up test method...
2026-04-16 18:03:12.679 [main] INFO  com.mobile.framework.drivers.DriverFactory - Initializing Appium Driver for null...
2026-04-16 18:03:12.686 [main] INFO  com.mobile.framework.base.BaseTest - Tearing down test method...
2026-04-16 18:03:12.687 [main] INFO  com.mobile.framework.drivers.DriverFactory - Quitting Appium Driver...
2026-04-16 18:03:12.688 [main] WARN  com.mobile.framework.drivers.DriverFactory - No driver instance found to quit
2026-04-16 18:03:12.688 [main] INFO  com.mobile.framework.base.BaseTest - Driver quit successfully
2026-04-16 18:03:12.690 [main] INFO  com.mobile.framework.base.BaseTest - Setting up test method...
2026-04-16 18:03:12.690 [main] INFO  com.mobile.framework.drivers.DriverFactory - Initializing Appium Driver for null...
2026-04-16 18:03:12.697 [main] INFO  com.mobile.framework.base.BaseTest - Tearing down test method...
2026-04-16 18:03:12.698 [main] INFO  com.mobile.framework.drivers.DriverFactory - Quitting Appium Driver...
2026-04-16 18:03:12.698 [main] WARN  com.mobile.framework.drivers.DriverFactory - No driver instance found to quit
2026-04-16 18:03:12.698 [main] INFO  com.mobile.framework.base.BaseTest - Driver quit successfully
2026-04-16 18:03:12.710 [main] INFO  com.mobile.framework.base.BaseTest - Tearing down test suite...
2026-04-16 18:03:12.711 [main] INFO  com.mobile.framework.drivers.AppiumServerManager - Stopping Appium Server...
2026-04-16 18:03:12.711 [main] WARN  com.mobile.framework.drivers.AppiumServerManager - Appium Server is not running or already stopped
2026-04-16 18:03:12.711 [main] INFO  com.mobile.framework.base.BaseTest - Appium server stopped successfully
2026-04-16 18:03:12.711 [main] INFO  com.mobile.framework.utilities.EmulatorManager - Stopping Android emulator...
2026-04-16 18:03:12.712 [main] INFO  com.mobile.framework.utilities.EmulatorManager - Emulator stopped successfully
2026-04-16 18:03:12.714 [main] INFO  com.mobile.framework.base.BaseTest - Emulator stopped if it was started by framework
2026-04-16 18:03:12.719 [main] INFO  com.mobile.framework.base.BaseTest - Extent reports flushed successfully
2026-04-16 18:05:39.649 [main] INFO  com.mobile.framework.base.BaseTest - Setting up test suite...
2026-04-16 18:05:39.651 [main] INFO  com.mobile.framework.base.BaseTest - Execution type is LOCAL. Initiating local dependencies.
2026-04-16 18:05:39.652 [main] INFO  com.mobile.framework.utilities.EmulatorManager - Starting ADB server...
2026-04-16 18:05:39.658 [main] INFO  com.mobile.framework.utilities.EmulatorManager - ADB server started successfully
2026-04-16 18:05:39.658 [main] INFO  com.mobile.framework.base.BaseTest - ADB server started successfully
2026-04-16 18:05:39.661 [main] INFO  com.mobile.framework.base.BaseTest - No device connected, starting emulator...
2026-04-16 18:05:39.661 [main] INFO  com.mobile.framework.utilities.EmulatorManager - Starting Android emulator: Pixel_9_Pro_API_33 on port: 5554
2026-04-16 18:05:39.662 [main] INFO  com.mobile.framework.utilities.EmulatorManager - Waiting for emulator to boot...
2026-04-16 18:06:09.708 [main] INFO  com.mobile.framework.utilities.EmulatorManager - Emulator is ready for use
2026-04-16 18:06:09.710 [main] INFO  com.mobile.framework.utilities.EmulatorManager - Emulator started successfully: Pixel_9_Pro_API_33 on port: 5554
2026-04-16 18:06:09.715 [main] INFO  com.mobile.framework.drivers.AppiumServerManager - Starting Appium Server...
2026-04-16 18:06:09.856 [main] INFO  com.mobile.framework.base.BaseTest - Setting up test method...
2026-04-16 18:06:09.901 [main] INFO  com.mobile.framework.drivers.DriverFactory - Initializing Appium Driver for null...
2026-04-16 18:06:10.075 [main] INFO  com.mobile.framework.base.BaseTest - Tearing down test method...
2026-04-16 18:06:10.076 [main] INFO  com.mobile.framework.drivers.DriverFactory - Quitting Appium Driver...
2026-04-16 18:06:10.076 [main] WARN  com.mobile.framework.drivers.DriverFactory - No driver instance found to quit
2026-04-16 18:06:10.076 [main] INFO  com.mobile.framework.base.BaseTest - Driver quit successfully
2026-04-16 18:06:10.084 [main] INFO  com.mobile.framework.base.BaseTest - Tearing down test suite...
2026-04-16 18:06:10.084 [main] INFO  com.mobile.framework.drivers.AppiumServerManager - Stopping Appium Server...
2026-04-16 18:06:10.085 [main] WARN  com.mobile.framework.drivers.AppiumServerManager - Appium Server is not running or already stopped
2026-04-16 18:06:10.085 [main] INFO  com.mobile.framework.base.BaseTest - Appium server stopped successfully
2026-04-16 18:06:10.085 [main] INFO  com.mobile.framework.utilities.EmulatorManager - Stopping Android emulator...
2026-04-16 18:06:10.085 [main] INFO  com.mobile.framework.utilities.EmulatorManager - Emulator stopped successfully
2026-04-16 18:06:10.085 [main] INFO  com.mobile.framework.base.BaseTest - Emulator stopped if it was started by framework
2026-04-16 18:06:10.086 [main] INFO  com.mobile.framework.base.BaseTest - Extent reports flushed successfully
2026-04-16 18:07:53.718 [main] INFO  com.mobile.framework.base.BaseTest - Setting up test suite...
2026-04-16 18:07:53.720 [main] INFO  com.mobile.framework.base.BaseTest - Execution type is LOCAL. Initiating local dependencies.
2026-04-16 18:07:53.721 [main] INFO  com.mobile.framework.utilities.EmulatorManager - Starting ADB server...
2026-04-16 18:07:53.727 [main] INFO  com.mobile.framework.utilities.EmulatorManager - ADB server started successfully
2026-04-16 18:07:53.727 [main] INFO  com.mobile.framework.base.BaseTest - ADB server started successfully
2026-04-16 18:07:53.729 [main] INFO  com.mobile.framework.base.BaseTest - No device connected, starting emulator...
2026-04-16 18:07:53.729 [main] INFO  com.mobile.framework.utilities.EmulatorManager - Starting Android emulator: Pixel_9_Pro_API_33 on port: 5554
2026-04-16 18:07:53.730 [main] INFO  com.mobile.framework.utilities.EmulatorManager - Waiting for emulator to boot...
2026-04-16 18:08:23.894 [main] INFO  com.mobile.framework.utilities.EmulatorManager - Emulator is ready for use
2026-04-16 18:08:23.929 [main] INFO  com.mobile.framework.utilities.EmulatorManager - Emulator started successfully: Pixel_9_Pro_API_33 on port: 5554
2026-04-16 18:08:23.954 [main] INFO  com.mobile.framework.drivers.AppiumServerManager - Starting Appium Server...
2026-04-16 18:08:28.007 [main] INFO  com.mobile.framework.base.BaseTest - Setting up test method...
2026-04-16 18:08:28.327 [main] INFO  com.mobile.framework.drivers.DriverFactory - Initializing Appium Driver for null...
2026-04-16 18:08:29.297 [main] INFO  com.mobile.framework.base.BaseTest - Tearing down test method...
2026-04-16 18:08:29.298 [main] INFO  com.mobile.framework.drivers.DriverFactory - Quitting Appium Driver...
2026-04-16 18:08:29.298 [main] WARN  com.mobile.framework.drivers.DriverFactory - No driver instance found to quit
2026-04-16 18:08:29.298 [main] INFO  com.mobile.framework.base.BaseTest - Driver quit successfully
2026-04-16 18:08:29.309 [main] INFO  com.mobile.framework.base.BaseTest - Setting up test method...
2026-04-16 18:08:29.310 [main] INFO  com.mobile.framework.drivers.DriverFactory - Initializing Appium Driver for null...
2026-04-16 18:08:29.328 [main] INFO  com.mobile.framework.base.BaseTest - Tearing down test method...
2026-04-16 18:08:29.328 [main] INFO  com.mobile.framework.drivers.DriverFactory - Quitting Appium Driver...
2026-04-16 18:08:29.328 [main] WARN  com.mobile.framework.drivers.DriverFactory - No driver instance found to quit
2026-04-16 18:08:29.328 [main] INFO  com.mobile.framework.base.BaseTest - Driver quit successfully
2026-04-16 18:08:29.336 [main] INFO  com.mobile.framework.base.BaseTest - Setting up test method...
2026-04-16 18:08:29.339 [main] INFO  com.mobile.framework.drivers.DriverFactory - Initializing Appium Driver for null...
2026-04-16 18:08:29.356 [main] INFO  com.mobile.framework.base.BaseTest - Tearing down test method...
2026-04-16 18:08:29.358 [main] INFO  com.mobile.framework.drivers.DriverFactory - Quitting Appium Driver...
2026-04-16 18:08:29.358 [main] WARN  com.mobile.framework.drivers.DriverFactory - No driver instance found to quit
2026-04-16 18:08:29.359 [main] INFO  com.mobile.framework.base.BaseTest - Driver quit successfully
2026-04-16 18:08:29.361 [main] INFO  com.mobile.framework.base.BaseTest - Setting up test method...
2026-04-16 18:08:29.362 [main] INFO  com.mobile.framework.drivers.DriverFactory - Initializing Appium Driver for null...
2026-04-16 18:08:29.379 [main] INFO  com.mobile.framework.base.BaseTest - Tearing down test method...
2026-04-16 18:08:29.380 [main] INFO  com.mobile.framework.drivers.DriverFactory - Quitting Appium Driver...
2026-04-16 18:08:29.380 [main] WARN  com.mobile.framework.drivers.DriverFactory - No driver instance found to quit
2026-04-16 18:08:29.381 [main] INFO  com.mobile.framework.base.BaseTest - Driver quit successfully
2026-04-16 18:08:29.384 [main] INFO  com.mobile.framework.base.BaseTest - Setting up test method...
2026-04-16 18:08:29.385 [main] INFO  com.mobile.framework.drivers.DriverFactory - Initializing Appium Driver for null...
2026-04-16 18:08:29.398 [main] INFO  com.mobile.framework.base.BaseTest - Tearing down test method...
2026-04-16 18:08:29.398 [main] INFO  com.mobile.framework.drivers.DriverFactory - Quitting Appium Driver...
2026-04-16 18:08:29.398 [main] WARN  com.mobile.framework.drivers.DriverFactory - No driver instance found to quit
2026-04-16 18:08:29.399 [main] INFO  com.mobile.framework.base.BaseTest - Driver quit successfully
2026-04-16 18:08:29.401 [main] INFO  com.mobile.framework.base.BaseTest - Setting up test method...
2026-04-16 18:08:29.402 [main] INFO  com.mobile.framework.drivers.DriverFactory - Initializing Appium Driver for null...
2026-04-16 18:08:29.409 [main] INFO  com.mobile.framework.base.BaseTest - Tearing down test method...
2026-04-16 18:08:29.410 [main] INFO  com.mobile.framework.drivers.DriverFactory - Quitting Appium Driver...
2026-04-16 18:08:29.410 [main] WARN  com.mobile.framework.drivers.DriverFactory - No driver instance found to quit
2026-04-16 18:08:29.410 [main] INFO  com.mobile.framework.base.BaseTest - Driver quit successfully
2026-04-16 18:08:29.446 [main] INFO  com.mobile.framework.base.BaseTest - Tearing down test suite...
2026-04-16 18:08:29.446 [main] INFO  com.mobile.framework.drivers.AppiumServerManager - Stopping Appium Server...
2026-04-16 18:08:29.446 [main] WARN  com.mobile.framework.drivers.AppiumServerManager - Appium Server is not running or already stopped
2026-04-16 18:08:29.447 [main] INFO  com.mobile.framework.base.BaseTest - Appium server stopped successfully
2026-04-16 18:08:29.447 [main] INFO  com.mobile.framework.utilities.EmulatorManager - Stopping Android emulator...
2026-04-16 18:08:29.449 [main] INFO  com.mobile.framework.utilities.EmulatorManager - Emulator stopped successfully
2026-04-16 18:08:29.450 [main] INFO  com.mobile.framework.base.BaseTest - Emulator stopped if it was started by framework
2026-04-16 18:08:29.478 [main] INFO  com.mobile.framework.base.BaseTest - Extent reports flushed successfully
2026-04-16 18:09:47.050 [main] INFO  com.mobile.framework.base.BaseTest - Setting up test suite...
2026-04-16 18:09:47.053 [main] INFO  com.mobile.framework.base.BaseTest - Execution type is LOCAL. Initiating local dependencies.
2026-04-16 18:09:47.054 [main] INFO  com.mobile.framework.utilities.EmulatorManager - Starting ADB server...
2026-04-16 18:09:47.067 [main] INFO  com.mobile.framework.utilities.EmulatorManager - ADB server started successfully
2026-04-16 18:09:47.068 [main] INFO  com.mobile.framework.base.BaseTest - ADB server started successfully
2026-04-16 18:09:47.070 [main] INFO  com.mobile.framework.base.BaseTest - No device connected, starting emulator...
2026-04-16 18:09:47.070 [main] INFO  com.mobile.framework.utilities.EmulatorManager - Starting Android emulator: Pixel_9_Pro_API_33 on port: 5554
2026-04-16 18:09:47.072 [main] INFO  com.mobile.framework.utilities.EmulatorManager - Waiting for emulator to boot...
2026-04-16 18:10:17.152 [main] INFO  com.mobile.framework.utilities.EmulatorManager - Emulator is ready for use
2026-04-16 18:10:17.153 [main] INFO  com.mobile.framework.utilities.EmulatorManager - Emulator started successfully: Pixel_9_Pro_API_33 on port: 5554
2026-04-16 18:10:17.165 [main] INFO  com.mobile.framework.drivers.AppiumServerManager - Starting Appium Server...
2026-04-16 18:10:17.423 [main] INFO  com.mobile.framework.base.BaseTest - Setting up test method...
2026-04-16 18:10:17.479 [main] INFO  com.mobile.framework.drivers.DriverFactory - Initializing Appium Driver for null...
2026-04-16 18:10:17.703 [main] INFO  com.mobile.framework.base.BaseTest - Tearing down test method...
2026-04-16 18:10:17.703 [main] INFO  com.mobile.framework.drivers.DriverFactory - Quitting Appium Driver...
2026-04-16 18:10:17.704 [main] WARN  com.mobile.framework.drivers.DriverFactory - No driver instance found to quit
2026-04-16 18:10:17.704 [main] INFO  com.mobile.framework.base.BaseTest - Driver quit successfully
2026-04-16 18:10:17.706 [main] INFO  com.mobile.framework.base.BaseTest - Setting up test method...
2026-04-16 18:10:17.707 [main] INFO  com.mobile.framework.drivers.DriverFactory - Initializing Appium Driver for null...
2026-04-16 18:10:17.711 [main] INFO  com.mobile.framework.base.BaseTest - Tearing down test method...
2026-04-16 18:10:17.712 [main] INFO  com.mobile.framework.drivers.DriverFactory - Quitting Appium Driver...
2026-04-16 18:10:17.712 [main] WARN  com.mobile.framework.drivers.DriverFactory - No driver instance found to quit
2026-04-16 18:10:17.712 [main] INFO  com.mobile.framework.base.BaseTest - Driver quit successfully
2026-04-16 18:10:17.714 [main] INFO  com.mobile.framework.base.BaseTest - Setting up test method...
2026-04-16 18:10:17.714 [main] INFO  com.mobile.framework.drivers.DriverFactory - Initializing Appium Driver for null...
2026-04-16 18:10:17.718 [main] INFO  com.mobile.framework.base.BaseTest - Tearing down test method...
2026-04-16 18:10:17.719 [main] INFO  com.mobile.framework.drivers.DriverFactory - Quitting Appium Driver...
2026-04-16 18:10:17.719 [main] WARN  com.mobile.framework.drivers.DriverFactory - No driver instance found to quit
2026-04-16 18:10:17.719 [main] INFO  com.mobile.framework.base.BaseTest - Driver quit successfully
2026-04-16 18:10:17.720 [main] INFO  com.mobile.framework.base.BaseTest - Setting up test method...
2026-04-16 18:10:17.721 [main] INFO  com.mobile.framework.drivers.DriverFactory - Initializing Appium Driver for null...
2026-04-16 18:10:17.725 [main] INFO  com.mobile.framework.base.BaseTest - Tearing down test method...
2026-04-16 18:10:17.725 [main] INFO  com.mobile.framework.drivers.DriverFactory - Quitting Appium Driver...
2026-04-16 18:10:17.725 [main] WARN  com.mobile.framework.drivers.DriverFactory - No driver instance found to quit
2026-04-16 18:10:17.725 [main] INFO  com.mobile.framework.base.BaseTest - Driver quit successfully
2026-04-16 18:10:17.727 [main] INFO  com.mobile.framework.base.BaseTest - Setting up test method...
2026-04-16 18:10:17.727 [main] INFO  com.mobile.framework.drivers.DriverFactory - Initializing Appium Driver for null...
2026-04-16 18:10:17.737 [main] INFO  com.mobile.framework.base.BaseTest - Tearing down test method...
2026-04-16 18:10:17.737 [main] INFO  com.mobile.framework.drivers.DriverFactory - Quitting Appium Driver...
2026-04-16 18:10:17.737 [main] WARN  com.mobile.framework.drivers.DriverFactory - No driver instance found to quit
2026-04-16 18:10:17.737 [main] INFO  com.mobile.framework.base.BaseTest - Driver quit successfully
2026-04-16 18:10:17.739 [main] INFO  com.mobile.framework.base.BaseTest - Setting up test method...
2026-04-16 18:10:17.739 [main] INFO  com.mobile.framework.drivers.DriverFactory - Initializing Appium Driver for null...
2026-04-16 18:10:17.743 [main] INFO  com.mobile.framework.base.BaseTest - Tearing down test method...
2026-04-16 18:10:17.744 [main] INFO  com.mobile.framework.drivers.DriverFactory - Quitting Appium Driver...
2026-04-16 18:10:17.744 [main] WARN  com.mobile.framework.drivers.DriverFactory - No driver instance found to quit
2026-04-16 18:10:17.744 [main] INFO  com.mobile.framework.base.BaseTest - Driver quit successfully
2026-04-16 18:10:17.777 [main] INFO  com.mobile.framework.base.BaseTest - Tearing down test suite...
2026-04-16 18:10:17.777 [main] INFO  com.mobile.framework.drivers.AppiumServerManager - Stopping Appium Server...
2026-04-16 18:10:17.777 [main] WARN  com.mobile.framework.drivers.AppiumServerManager - Appium Server is not running or already stopped
2026-04-16 18:10:17.778 [main] INFO  com.mobile.framework.base.BaseTest - Appium server stopped successfully
2026-04-16 18:10:17.778 [main] INFO  com.mobile.framework.utilities.EmulatorManager - Stopping Android emulator...
2026-04-16 18:10:17.778 [main] INFO  com.mobile.framework.utilities.EmulatorManager - Emulator stopped successfully
2026-04-16 18:10:17.779 [main] INFO  com.mobile.framework.base.BaseTest - Emulator stopped if it was started by framework
2026-04-16 18:10:17.788 [main] INFO  com.mobile.framework.base.BaseTest - Extent reports flushed successfully
2026-04-16 18:13:43.090 [main] INFO  com.mobile.framework.base.BaseTest - Setting up test suite...
2026-04-16 18:13:43.093 [main] INFO  com.mobile.framework.base.BaseTest - Execution type is LOCAL. Initiating local dependencies.
2026-04-16 18:13:43.093 [main] INFO  com.mobile.framework.utilities.EmulatorManager - Starting ADB server...
2026-04-16 18:13:43.104 [main] INFO  com.mobile.framework.utilities.EmulatorManager - ADB server started successfully
2026-04-16 18:13:43.104 [main] INFO  com.mobile.framework.base.BaseTest - ADB server started successfully
2026-04-16 18:13:43.107 [main] INFO  com.mobile.framework.base.BaseTest - No device connected, starting emulator...
2026-04-16 18:13:43.107 [main] INFO  com.mobile.framework.utilities.EmulatorManager - Starting Android emulator: Pixel_9_Pro_API_33 on port: 5554
2026-04-16 18:13:43.108 [main] INFO  com.mobile.framework.utilities.EmulatorManager - Waiting for emulator to boot...
2026-04-16 18:14:47.844 [main] INFO  com.mobile.framework.utilities.EmulatorManager - Emulator is ready for use
2026-04-16 18:14:48.005 [main] INFO  com.mobile.framework.utilities.EmulatorManager - Emulator started successfully: Pixel_9_Pro_API_33 on port: 5554
2026-04-16 18:14:49.074 [main] INFO  com.mobile.framework.drivers.AppiumServerManager - Starting Appium Server...
2026-04-16 18:21:51.948 [main] INFO  com.mobile.framework.base.BaseTest - Setting up test suite...
2026-04-16 18:21:51.950 [main] INFO  com.mobile.framework.base.BaseTest - Execution type is LOCAL. Initiating local dependencies.
2026-04-16 18:21:51.951 [main] INFO  com.mobile.framework.utilities.EmulatorManager - Starting ADB server...
2026-04-16 18:21:52.978 [main] INFO  com.mobile.framework.utilities.EmulatorManager - ADB server started successfully
2026-04-16 18:21:52.978 [main] INFO  com.mobile.framework.base.BaseTest - ADB server started successfully
2026-04-16 18:21:52.981 [main] INFO  com.mobile.framework.base.BaseTest - No device connected, starting emulator...
2026-04-16 18:21:52.981 [main] INFO  com.mobile.framework.utilities.EmulatorManager - Starting Android emulator: Pixel_9_Pro_API_33 on port: 5554
2026-04-16 18:21:52.983 [main] INFO  com.mobile.framework.utilities.EmulatorManager - Waiting for emulator to boot...
2026-04-16 18:22:23.211 [main] INFO  com.mobile.framework.utilities.EmulatorManager - Emulator is ready for use
2026-04-16 18:22:23.211 [main] INFO  com.mobile.framework.utilities.EmulatorManager - Emulator started successfully: Pixel_9_Pro_API_33 on port: 5554
2026-04-16 18:22:23.215 [main] INFO  com.mobile.framework.drivers.AppiumServerManager - Starting Appium Server...
2026-04-16 18:22:23.495 [main] INFO  com.mobile.framework.drivers.AppiumServerManager - Appium Server started successfully on 127.0.0.1:4723
2026-04-16 18:22:23.496 [main] INFO  com.mobile.framework.base.BaseTest - Appium server started successfully
2026-04-16 18:22:23.617 [main] INFO  com.mobile.framework.base.BaseTest - Setting up test method...
2026-04-16 18:22:23.659 [main] INFO  com.mobile.framework.drivers.DriverFactory - Initializing Appium Driver for null...
2026-04-16 18:22:57.153 [main] INFO  com.mobile.framework.drivers.DriverFactory - Appium Driver initialized successfully for null
2026-04-16 18:22:57.160 [main] INFO  com.mobile.framework.base.BaseTest - Driver initialized successfully for device: null
2026-04-16 18:22:57.257 [main] INFO  com.mobile.framework.tests.ResponsiveTest - >>> Validating: Galaxy S20 (Android 10)
2026-04-16 18:22:57.259 [main] INFO  com.mobile.framework.utilities.LocalDeviceManager - Set resolution to 1080x2400 for emulator-5554
2026-04-16 18:22:57.278 [main] INFO  com.mobile.framework.utilities.LocalDeviceManager - Set density to 480 for emulator-5554
2026-04-16 18:22:57.280 [main] INFO  com.mobile.framework.drivers.DriverFactory - Initializing Appium Driver for Galaxy S20 (Android 10)...
2026-04-16 18:23:18.445 [main] INFO  com.mobile.framework.drivers.DriverFactory - Appium Driver initialized successfully for Galaxy S20 (Android 10)
2026-04-16 18:23:28.702 [main] INFO  com.mobile.framework.utilities.CommonActionsUtility - Clicked on permission allow button
2026-04-16 18:23:29.456 [main] INFO  com.mobile.framework.utilities.CommonActionsUtility - Swiped from (216,1200) to (864,1200)
2026-04-16 18:23:29.457 [main] INFO  com.mobile.framework.pages.BasePage - Performed onboarding slide 1
2026-04-16 18:23:30.211 [main] INFO  com.mobile.framework.utilities.CommonActionsUtility - Swiped from (216,1200) to (864,1200)
2026-04-16 18:23:30.212 [main] INFO  com.mobile.framework.pages.BasePage - Performed onboarding slide 2
2026-04-16 18:23:31.334 [main] INFO  com.mobile.framework.utilities.CommonActionsUtility - Swiped from (216,1200) to (864,1200)
2026-04-16 18:23:31.335 [main] INFO  com.mobile.framework.pages.BasePage - Performed onboarding slide 3
2026-04-16 18:23:31.336 [main] INFO  com.mobile.framework.tests.ResponsiveTest - [Galaxy S20] Screen size: (1080, 2400)
2026-04-16 18:23:32.529 [main] INFO  com.mobile.framework.utilities.ScrollUtility - Swiped from (540,1920) to (540,480)
2026-04-16 18:23:37.689 [main] INFO  com.mobile.framework.utilities.LocalDeviceManager - Reset display for emulator-5554
2026-04-16 18:23:37.788 [main] INFO  com.mobile.framework.base.BaseTest - Tearing down test method...
2026-04-16 18:23:37.790 [main] INFO  com.mobile.framework.drivers.DriverFactory - Quitting Appium Driver...
2026-04-16 18:23:37.791 [main] INFO  com.mobile.framework.drivers.DriverFactory - Appium Driver quit successfully
2026-04-16 18:23:37.792 [main] INFO  com.mobile.framework.base.BaseTest - Driver quit successfully
2026-04-16 18:23:37.802 [main] INFO  com.mobile.framework.base.BaseTest - Setting up test method...
2026-04-16 18:23:37.805 [main] INFO  com.mobile.framework.drivers.DriverFactory - Initializing Appium Driver for null...
2026-04-16 18:23:51.213 [main] INFO  com.mobile.framework.drivers.DriverFactory - Appium Driver initialized successfully for null
2026-04-16 18:23:51.213 [main] INFO  com.mobile.framework.base.BaseTest - Driver initialized successfully for device: null
2026-04-16 18:23:51.216 [main] INFO  com.mobile.framework.tests.ResponsiveTest - >>> Validating: Pixel 6 (Android 12)
2026-04-16 18:23:51.221 [main] INFO  com.mobile.framework.utilities.LocalDeviceManager - Set resolution to 1080x2400 for emulator-5554
2026-04-16 18:23:51.229 [main] INFO  com.mobile.framework.utilities.LocalDeviceManager - Set density to 411 for emulator-5554
2026-04-16 18:23:51.230 [main] INFO  com.mobile.framework.drivers.DriverFactory - Initializing Appium Driver for Pixel 6 (Android 12)...
2026-04-16 18:24:08.393 [main] INFO  com.mobile.framework.drivers.DriverFactory - Appium Driver initialized successfully for Pixel 6 (Android 12)
2026-04-16 18:24:17.153 [main] INFO  com.mobile.framework.utilities.CommonActionsUtility - Clicked on permission allow button
2026-04-16 18:24:17.820 [main] INFO  com.mobile.framework.utilities.CommonActionsUtility - Swiped from (216,1200) to (864,1200)
2026-04-16 18:24:17.822 [main] INFO  com.mobile.framework.pages.BasePage - Performed onboarding slide 1
2026-04-16 18:24:18.551 [main] INFO  com.mobile.framework.utilities.CommonActionsUtility - Swiped from (216,1200) to (864,1200)
2026-04-16 18:24:18.552 [main] INFO  com.mobile.framework.pages.BasePage - Performed onboarding slide 2
2026-04-16 18:24:19.305 [main] INFO  com.mobile.framework.utilities.CommonActionsUtility - Swiped from (216,1200) to (864,1200)
2026-04-16 18:24:19.305 [main] INFO  com.mobile.framework.pages.BasePage - Performed onboarding slide 3
2026-04-16 18:24:19.305 [main] INFO  com.mobile.framework.tests.ResponsiveTest - [Pixel 6] Screen size: (1080, 2400)
2026-04-16 18:24:19.979 [main] INFO  com.mobile.framework.utilities.ScrollUtility - Swiped from (540,1920) to (540,480)
2026-04-16 18:24:24.534 [main] INFO  com.mobile.framework.utilities.LocalDeviceManager - Reset display for emulator-5554
2026-04-16 18:24:24.538 [main] INFO  com.mobile.framework.base.BaseTest - Tearing down test method...
2026-04-16 18:24:24.539 [main] INFO  com.mobile.framework.drivers.DriverFactory - Quitting Appium Driver...
2026-04-16 18:24:24.539 [main] INFO  com.mobile.framework.drivers.DriverFactory - Appium Driver quit successfully
2026-04-16 18:24:24.539 [main] INFO  com.mobile.framework.base.BaseTest - Driver quit successfully
2026-04-16 18:24:24.541 [main] INFO  com.mobile.framework.base.BaseTest - Setting up test method...
2026-04-16 18:24:24.542 [main] INFO  com.mobile.framework.drivers.DriverFactory - Initializing Appium Driver for null...
2026-04-16 18:24:35.334 [main] INFO  com.mobile.framework.drivers.DriverFactory - Appium Driver initialized successfully for null
2026-04-16 18:24:35.334 [main] INFO  com.mobile.framework.base.BaseTest - Driver initialized successfully for device: null
2026-04-16 18:24:35.335 [main] INFO  com.mobile.framework.tests.ResponsiveTest - >>> Validating: S23 Ultra (Android 13)
2026-04-16 18:24:35.341 [main] INFO  com.mobile.framework.utilities.LocalDeviceManager - Set resolution to 1440x3088 for emulator-5554
2026-04-16 18:24:35.345 [main] INFO  com.mobile.framework.utilities.LocalDeviceManager - Set density to 600 for emulator-5554
2026-04-16 18:24:35.346 [main] INFO  com.mobile.framework.drivers.DriverFactory - Initializing Appium Driver for S23 Ultra (Android 13)...
2026-04-16 18:24:48.975 [main] INFO  com.mobile.framework.drivers.DriverFactory - Appium Driver initialized successfully for S23 Ultra (Android 13)
2026-04-16 18:24:57.064 [main] INFO  com.mobile.framework.utilities.CommonActionsUtility - Clicked on permission allow button
2026-04-16 18:24:57.719 [main] INFO  com.mobile.framework.utilities.CommonActionsUtility - Swiped from (288,1544) to (1152,1544)
2026-04-16 18:24:57.720 [main] INFO  com.mobile.framework.pages.BasePage - Performed onboarding slide 1
2026-04-16 18:24:58.505 [main] INFO  com.mobile.framework.utilities.CommonActionsUtility - Swiped from (288,1544) to (1152,1544)
2026-04-16 18:24:58.507 [main] INFO  com.mobile.framework.pages.BasePage - Performed onboarding slide 2
2026-04-16 18:24:59.323 [main] INFO  com.mobile.framework.utilities.CommonActionsUtility - Swiped from (288,1544) to (1152,1544)
2026-04-16 18:24:59.323 [main] INFO  com.mobile.framework.pages.BasePage - Performed onboarding slide 3
2026-04-16 18:24:59.323 [main] INFO  com.mobile.framework.tests.ResponsiveTest - [S23 Ultra] Screen size: (1440, 3088)
2026-04-16 18:25:00.059 [main] INFO  com.mobile.framework.utilities.ScrollUtility - Swiped from (720,2470) to (720,617)
2026-04-16 18:25:04.617 [main] INFO  com.mobile.framework.utilities.LocalDeviceManager - Reset display for emulator-5554
2026-04-16 18:25:04.624 [main] INFO  com.mobile.framework.base.BaseTest - Tearing down test method...
2026-04-16 18:25:04.629 [main] INFO  com.mobile.framework.drivers.DriverFactory - Quitting Appium Driver...
2026-04-16 18:25:04.631 [main] INFO  com.mobile.framework.drivers.DriverFactory - Appium Driver quit successfully
2026-04-16 18:25:04.631 [main] INFO  com.mobile.framework.base.BaseTest - Driver quit successfully
2026-04-16 18:25:04.632 [main] INFO  com.mobile.framework.base.BaseTest - Setting up test method...
2026-04-16 18:25:04.633 [main] INFO  com.mobile.framework.drivers.DriverFactory - Initializing Appium Driver for null...
2026-04-16 18:25:16.177 [main] INFO  com.mobile.framework.drivers.DriverFactory - Appium Driver initialized successfully for null
2026-04-16 18:25:16.179 [main] INFO  com.mobile.framework.base.BaseTest - Driver initialized successfully for device: null
2026-04-16 18:25:16.185 [main] INFO  com.mobile.framework.tests.ResponsiveTest - >>> Validating: Pixel 8 Pro (Android 14)
2026-04-16 18:25:16.198 [main] INFO  com.mobile.framework.utilities.LocalDeviceManager - Set resolution to 1344x2992 for emulator-5554
2026-04-16 18:25:16.211 [main] INFO  com.mobile.framework.utilities.LocalDeviceManager - Set density to 480 for emulator-5554
2026-04-16 18:25:16.215 [main] INFO  com.mobile.framework.drivers.DriverFactory - Initializing Appium Driver for Pixel 8 Pro (Android 14)...
2026-04-16 18:25:34.475 [main] INFO  com.mobile.framework.drivers.DriverFactory - Appium Driver initialized successfully for Pixel 8 Pro (Android 14)
2026-04-16 18:27:07.902 [main] ERROR com.mobile.framework.utilities.WaitUtility - Element not visible within 5 seconds: By.id: com.android.permissioncontroller:id/permission_allow_button
2026-04-16 18:27:07.907 [main] INFO  com.mobile.framework.utilities.CommonActionsUtility - Permission dialog not present or already handled
2026-04-16 18:27:15.138 [main] INFO  com.mobile.framework.utilities.CommonActionsUtility - Swiped from (268,1496) to (1075,1496)
2026-04-16 18:27:15.139 [main] INFO  com.mobile.framework.pages.BasePage - Performed onboarding slide 1
2026-04-16 18:27:15.892 [main] INFO  com.mobile.framework.utilities.CommonActionsUtility - Swiped from (268,1496) to (1075,1496)
2026-04-16 18:27:15.893 [main] INFO  com.mobile.framework.pages.BasePage - Performed onboarding slide 2
2026-04-16 18:27:16.587 [main] INFO  com.mobile.framework.utilities.CommonActionsUtility - Swiped from (268,1496) to (1075,1496)
2026-04-16 18:27:16.589 [main] INFO  com.mobile.framework.pages.BasePage - Performed onboarding slide 3
2026-04-16 18:27:16.589 [main] INFO  com.mobile.framework.tests.ResponsiveTest - [Pixel 8 Pro] Screen size: (1344, 2992)
2026-04-16 18:27:17.258 [main] INFO  com.mobile.framework.utilities.ScrollUtility - Swiped from (672,2393) to (672,598)
2026-04-16 18:27:21.675 [main] INFO  com.mobile.framework.utilities.LocalDeviceManager - Reset display for emulator-5554
2026-04-16 18:27:21.682 [main] INFO  com.mobile.framework.base.BaseTest - Tearing down test method...
2026-04-16 18:27:21.683 [main] INFO  com.mobile.framework.drivers.DriverFactory - Quitting Appium Driver...
2026-04-16 18:27:21.683 [main] INFO  com.mobile.framework.drivers.DriverFactory - Appium Driver quit successfully
2026-04-16 18:27:21.684 [main] INFO  com.mobile.framework.base.BaseTest - Driver quit successfully
2026-04-16 18:27:21.690 [main] INFO  com.mobile.framework.base.BaseTest - Setting up test method...
2026-04-16 18:27:21.691 [main] INFO  com.mobile.framework.drivers.DriverFactory - Initializing Appium Driver for null...
2026-04-16 18:27:31.307 [main] INFO  com.mobile.framework.drivers.DriverFactory - Appium Driver initialized successfully for null
2026-04-16 18:27:31.308 [main] INFO  com.mobile.framework.base.BaseTest - Driver initialized successfully for device: null
2026-04-16 18:27:31.310 [main] INFO  com.mobile.framework.tests.ResponsiveTest - >>> Validating: Generic Phone (Android 15)
2026-04-16 18:27:31.315 [main] INFO  com.mobile.framework.utilities.LocalDeviceManager - Set resolution to 1080x2400 for emulator-5554
2026-04-16 18:27:31.321 [main] INFO  com.mobile.framework.utilities.LocalDeviceManager - Set density to 420 for emulator-5554
2026-04-16 18:27:31.322 [main] INFO  com.mobile.framework.drivers.DriverFactory - Initializing Appium Driver for Generic Phone (Android 15)...
2026-04-16 18:27:43.710 [main] INFO  com.mobile.framework.drivers.DriverFactory - Appium Driver initialized successfully for Generic Phone (Android 15)
2026-04-16 18:27:52.684 [main] INFO  com.mobile.framework.utilities.CommonActionsUtility - Clicked on permission allow button
2026-04-16 18:27:53.335 [main] INFO  com.mobile.framework.utilities.CommonActionsUtility - Swiped from (216,1200) to (864,1200)
2026-04-16 18:27:53.336 [main] INFO  com.mobile.framework.pages.BasePage - Performed onboarding slide 1
2026-04-16 18:27:54.017 [main] INFO  com.mobile.framework.utilities.CommonActionsUtility - Swiped from (216,1200) to (864,1200)
2026-04-16 18:27:54.018 [main] INFO  com.mobile.framework.pages.BasePage - Performed onboarding slide 2
2026-04-16 18:27:54.748 [main] INFO  com.mobile.framework.utilities.CommonActionsUtility - Swiped from (216,1200) to (864,1200)
2026-04-16 18:27:54.748 [main] INFO  com.mobile.framework.pages.BasePage - Performed onboarding slide 3
2026-04-16 18:27:54.748 [main] INFO  com.mobile.framework.tests.ResponsiveTest - [Generic Phone] Screen size: (1080, 2400)
2026-04-16 18:27:55.496 [main] INFO  com.mobile.framework.utilities.ScrollUtility - Swiped from (540,1920) to (540,480)
2026-04-16 18:27:59.677 [main] INFO  com.mobile.framework.utilities.LocalDeviceManager - Reset display for emulator-5554
2026-04-16 18:27:59.679 [main] INFO  com.mobile.framework.base.BaseTest - Tearing down test method...
2026-04-16 18:27:59.679 [main] INFO  com.mobile.framework.drivers.DriverFactory - Quitting Appium Driver...
2026-04-16 18:27:59.679 [main] INFO  com.mobile.framework.drivers.DriverFactory - Appium Driver quit successfully
2026-04-16 18:27:59.680 [main] INFO  com.mobile.framework.base.BaseTest - Driver quit successfully
2026-04-16 18:27:59.681 [main] INFO  com.mobile.framework.base.BaseTest - Setting up test method...
2026-04-16 18:27:59.681 [main] INFO  com.mobile.framework.drivers.DriverFactory - Initializing Appium Driver for null...
2026-04-16 18:28:09.033 [main] INFO  com.mobile.framework.drivers.DriverFactory - Appium Driver initialized successfully for null
2026-04-16 18:28:09.034 [main] INFO  com.mobile.framework.base.BaseTest - Driver initialized successfully for device: null
2026-04-16 18:28:09.036 [main] INFO  com.mobile.framework.tests.ResponsiveTest - >>> Validating: Future Device (Android 16)
2026-04-16 18:28:09.042 [main] INFO  com.mobile.framework.utilities.LocalDeviceManager - Set resolution to 1440x3200 for emulator-5554
2026-04-16 18:28:09.045 [main] INFO  com.mobile.framework.utilities.LocalDeviceManager - Set density to 560 for emulator-5554
2026-04-16 18:28:09.049 [main] INFO  com.mobile.framework.drivers.DriverFactory - Initializing Appium Driver for Future Device (Android 16)...
2026-04-16 18:28:14.754 [main] ERROR com.mobile.framework.drivers.DriverFactory - Failed to initialize Appium Driver: Could not start a new session. Response code 500. Message: An unknown server-side error occurred while processing the command. Original error: Error executing adbExec. Original error: 'Command '/home/wadmin/Android/Sdk/platform-tools/adb -P 5037 -s emulator-5554 shell 'settings delete global hidden_api_policy_pre_p_apps;settings delete global hidden_api_policy_p_apps;settings delete global hidden_api_policy'' exited with code 1'; Command output: adb: device offline
 
Host info: host: 'wws-cpu-202208-13', ip: '192.168.1.11'
Build info: version: '4.13.0', revision: 'ba948ece5b*'
System info: os.name: 'Linux', os.arch: 'amd64', os.version: '6.8.0-107-generic', java.version: '21.0.10'
Driver info: io.appium.java_client.android.AndroidDriver
Command: [null, newSession {capabilities=[{appium:app=/home/wadmin/Downloads/vd (12).apk, appium:appActivity=app.vd.com.MainActivity, appium:appPackage=app.vd.com, appium:automationName=UiAutomator2, appium:deviceName=Future Device (Android 16), appium:newCommandTimeout=300, platformName=ANDROID, appium:platformVersion=16, appium:udid=emulator-5554}], desiredCapabilities=Capabilities {app: /home/wadmin/Downloads/vd (..., appActivity: app.vd.com.MainActivity, appPackage: app.vd.com, automationName: UiAutomator2, deviceName: Future Device (Android 16), newCommandTimeout: 300, platformName: ANDROID, platformVersion: 16, udid: emulator-5554}}]
Capabilities {app: /home/wadmin/Downloads/vd (..., appActivity: app.vd.com.MainActivity, appPackage: app.vd.com, automationName: UiAutomator2, deviceName: Future Device (Android 16), newCommandTimeout: 300, platformName: ANDROID, platformVersion: 16, udid: emulator-5554}
2026-04-16 18:28:14.755 [main] ERROR com.mobile.framework.tests.ResponsiveTest - Failed to setup simulation for Future Device
2026-04-16 18:28:14.757 [main] INFO  com.mobile.framework.utilities.LocalDeviceManager - Reset display for emulator-5554
2026-04-16 18:28:14.758 [main] INFO  com.mobile.framework.base.BaseTest - Tearing down test method...
2026-04-16 18:28:14.758 [main] INFO  com.mobile.framework.drivers.DriverFactory - Quitting Appium Driver...
2026-04-16 18:28:14.779 [main] ERROR com.mobile.framework.drivers.DriverFactory - Failed to quit Appium Driver: An unknown server-side error occurred while processing the command. Original error: Error executing adbExec. Original error: 'Command '/home/wadmin/Android/Sdk/platform-tools/adb -P 5037 -s emulator-5554 shell 'settings delete global hidden_api_policy_pre_p_apps;settings delete global hidden_api_policy_p_apps;settings delete global hidden_api_policy'' exited with code 1'; Command output: adb: device offline

Build info: version: '4.13.0', revision: 'ba948ece5b*'
System info: os.name: 'Linux', os.arch: 'amd64', os.version: '6.8.0-107-generic', java.version: '21.0.10'
Driver info: io.appium.java_client.android.AndroidDriver
Command: [367dca09-1e1f-4f35-921e-70c5fea3cdf9, quit {}]
Capabilities {appium:app: /home/wadmin/Downloads/vd (..., appium:appActivity: app.vd.com.MainActivity, appium:appPackage: app.vd.com, appium:automationName: UiAutomator2, appium:databaseEnabled: false, appium:desired: {app: /home/wadmin/Downloads/vd (..., appActivity: app.vd.com.MainActivity, appPackage: app.vd.com, automationName: UiAutomator2, deviceName: Android Emulator, newCommandTimeout: 300, platformName: ANDROID, platformVersion: 13.0}, appium:deviceApiLevel: 33, appium:deviceManufacturer: Google, appium:deviceModel: sdk_gphone64_x86_64, appium:deviceName: emulator-5554, appium:deviceScreenDensity: 480, appium:deviceScreenSize: 1280x2856, appium:deviceUDID: emulator-5554, appium:javascriptEnabled: true, appium:locationContextEnabled: false, appium:networkConnectionEnabled: true, appium:newCommandTimeout: 300, appium:pixelRatio: 3, appium:platformVersion: 13, appium:statBarHeight: 72, appium:takesScreenshot: true, appium:viewportRect: {height: 2784, left: 0, top: 72, width: 1280}, appium:warnings: {}, appium:webStorageEnabled: false, platformName: ANDROID}
Session ID: 367dca09-1e1f-4f35-921e-70c5fea3cdf9
2026-04-16 18:28:14.779 [main] INFO  com.mobile.framework.base.BaseTest - Driver quit successfully
2026-04-16 18:28:14.794 [main] INFO  com.mobile.framework.base.BaseTest - Tearing down test suite...
2026-04-16 18:28:14.794 [main] INFO  com.mobile.framework.drivers.AppiumServerManager - Stopping Appium Server...
2026-04-16 18:28:14.794 [main] WARN  com.mobile.framework.drivers.AppiumServerManager - Appium Server is not running or already stopped
2026-04-16 18:28:14.794 [main] INFO  com.mobile.framework.base.BaseTest - Appium server stopped successfully
2026-04-16 18:28:14.794 [main] INFO  com.mobile.framework.utilities.EmulatorManager - Stopping Android emulator...
2026-04-16 18:28:14.794 [main] INFO  com.mobile.framework.utilities.EmulatorManager - No emulator process to stop
2026-04-16 18:28:14.794 [main] INFO  com.mobile.framework.base.BaseTest - Emulator stopped if it was started by framework
2026-04-16 18:28:14.795 [main] INFO  com.mobile.framework.base.BaseTest - Extent reports flushed successfully
